#
# There is insufficient memory for the Java Runtime Environment to continue.
# Native memory allocation (mmap) failed to map 109051904 bytes for G1 virtual space
# Possible reasons:
#   The system is out of physical RAM or swap space
#   The process is running with CompressedOops enabled, and the Java Heap may be blocking the growth of the native heap
# Possible solutions:
#   Reduce memory load on the system
#   Increase physical memory or swap space
#   Check if swap backing store is full
#   Decrease Java heap size (-Xmx/-Xms)
#   Decrease number of Java threads
#   Decrease Java thread stack sizes (-Xss)
#   Set larger code cache with -XX:ReservedCodeCacheSize=
#   JVM is running with Zero Based Compressed Oops mode in which the Java heap is
#     placed in the first 32GB address space. The Java Heap base address is the
#     maximum limit for the native heap growth. Please use -XX:HeapBaseMinAddress
#     to set the Java Heap base and to place the Java Heap above 32GB virtual address.
# This output file may be truncated or incomplete.
#
#  Out of Memory Error (os_windows.cpp:3469), pid=9736, tid=16148
#
# JRE version: OpenJDK Runtime Environment (17.0.1+12) (build 17.0.1+12-39)
# Java VM: OpenJDK 64-Bit Server VM (17.0.1+12-39, mixed mode, emulated-client, sharing, tiered, compressed oops, compressed class ptrs, g1 gc, windows-amd64)
# No core dump will be written. Minidumps are not enabled by default on client versions of Windows
#

---------------  S U M M A R Y ------------

Command Line: -XX:TieredStopAtLevel=1 -Xverify:none -Dspring.output.ansi.enabled=always -javaagent:C:\Program Files\JetBrains\IntelliJ IDEA 2021.2.2\lib\idea_rt.jar=4365:C:\Program Files\JetBrains\IntelliJ IDEA 2021.2.2\bin -Dcom.sun.management.jmxremote -Dspring.jmx.enabled=true -Dspring.liveBeansView.mbeanDomain -Dspring.application.admin.enabled=true -Dfile.encoding=UTF-8 uz.master.demotest.DemoTestApplication

Host: Intel(R) Core(TM) i3-1005G1 CPU @ 1.20GHz, 4 cores, 11G,  Windows 10 , 64 bit Build 19041 (10.0.19041.1503)
Time: Fri Feb 25 17:05:21 2022 West Asia Standard Time elapsed time: 7.045239 seconds (0d 0h 0m 7s)

---------------  T H R E A D  ---------------

Current thread (0x000002496b945990):  VMThread "VM Thread" [stack: 0x000000ed7a300000,0x000000ed7a400000] [id=16148]

Stack: [0x000000ed7a300000,0x000000ed7a400000]
Native frames: (J=compiled Java code, j=interpreted, Vv=VM code, C=native code)
V  [jvm.dll+0x66fa1a]
V  [jvm.dll+0x7ce5a4]
V  [jvm.dll+0x7cfd4e]
V  [jvm.dll+0x7d03b3]
V  [jvm.dll+0x242b05]
V  [jvm.dll+0x66ca39]
V  [jvm.dll+0x661502]
V  [jvm.dll+0x30081b]
V  [jvm.dll+0x307da6]
V  [jvm.dll+0x357a1e]
V  [jvm.dll+0x357c4f]
V  [jvm.dll+0x2d7ad8]
V  [jvm.dll+0x2d5da4]
V  [jvm.dll+0x2d53ac]
V  [jvm.dll+0x318d0b]
V  [jvm.dll+0x7d484b]
V  [jvm.dll+0x7d5584]
V  [jvm.dll+0x7d5a9c]
V  [jvm.dll+0x7d5e74]
V  [jvm.dll+0x7d5f40]
V  [jvm.dll+0x77e91a]
V  [jvm.dll+0x66e845]
C  [ucrtbase.dll+0x21bb2]
C  [KERNEL32.DLL+0x17034]
C  [ntdll.dll+0x52651]

VM_Operation (0x000000ed79dfae80): G1CollectForAllocation, mode: safepoint, requested by thread 0x0000024957eb3ed0


---------------  P R O C E S S  ---------------

Threads class SMR info:
_java_thread_list=0x000002496e819bc0, length=20, elements={
0x0000024957eb3ed0, 0x000002496b94b490, 0x000002496b94c040, 0x000002496b960540,
0x000002496b965010, 0x000002496b9659c0, 0x000002496b968380, 0x000002496b968de0,
0x000002496b99ef10, 0x000002496b92e9b0, 0x000002496c4b4430, 0x000002496c7f9230,
0x000002496c7f9700, 0x000002496ca2ca90, 0x000002496caf0f80, 0x000002496e648af0,
0x000002496e5480d0, 0x000002496e6c8b50, 0x000002496e89a080, 0x000002496e97b120
}

Java Threads: ( => current thread )
  0x0000024957eb3ed0 JavaThread "main" [_thread_blocked, id=14824, stack(0x000000ed79d00000,0x000000ed79e00000)]
  0x000002496b94b490 JavaThread "Reference Handler" daemon [_thread_blocked, id=10900, stack(0x000000ed7a400000,0x000000ed7a500000)]
  0x000002496b94c040 JavaThread "Finalizer" daemon [_thread_blocked, id=10692, stack(0x000000ed7a500000,0x000000ed7a600000)]
  0x000002496b960540 JavaThread "Signal Dispatcher" daemon [_thread_blocked, id=4884, stack(0x000000ed7a600000,0x000000ed7a700000)]
  0x000002496b965010 JavaThread "Attach Listener" daemon [_thread_blocked, id=14044, stack(0x000000ed7a700000,0x000000ed7a800000)]
  0x000002496b9659c0 JavaThread "Service Thread" daemon [_thread_blocked, id=5648, stack(0x000000ed7a800000,0x000000ed7a900000)]
  0x000002496b968380 JavaThread "Monitor Deflation Thread" daemon [_thread_blocked, id=396, stack(0x000000ed7a900000,0x000000ed7aa00000)]
  0x000002496b968de0 JavaThread "C1 CompilerThread0" daemon [_thread_blocked, id=5576, stack(0x000000ed7aa00000,0x000000ed7ab00000)]
  0x000002496b99ef10 JavaThread "Sweeper thread" daemon [_thread_blocked, id=16008, stack(0x000000ed7ab00000,0x000000ed7ac00000)]
  0x000002496b92e9b0 JavaThread "Common-Cleaner" daemon [_thread_blocked, id=12008, stack(0x000000ed7ac00000,0x000000ed7ad00000)]
  0x000002496c4b4430 JavaThread "C1 CompilerThread1" daemon [_thread_blocked, id=3836, stack(0x000000ed7ad00000,0x000000ed7ae00000)]
  0x000002496c7f9230 JavaThread "Monitor Ctrl-Break" daemon [_thread_in_native, id=10264, stack(0x000000ed7ae00000,0x000000ed7af00000)]
  0x000002496c7f9700 JavaThread "Notification Thread" daemon [_thread_blocked, id=10424, stack(0x000000ed7af00000,0x000000ed7b000000)]
  0x000002496ca2ca90 JavaThread "C1 CompilerThread2" daemon [_thread_blocked, id=4632, stack(0x000000ed7b400000,0x000000ed7b500000)]
  0x000002496caf0f80 JavaThread "RMI TCP Accept-0" daemon [_thread_in_native, id=16076, stack(0x000000ed7b500000,0x000000ed7b600000)]
  0x000002496e648af0 JavaThread "Catalina-utility-1" [_thread_blocked, id=1664, stack(0x000000ed7b700000,0x000000ed7b800000)]
  0x000002496e5480d0 JavaThread "Catalina-utility-2" [_thread_blocked, id=12888, stack(0x000000ed7b800000,0x000000ed7b900000)]
  0x000002496e6c8b50 JavaThread "container-0" [_thread_blocked, id=6944, stack(0x000000ed7b900000,0x000000ed7ba00000)]
  0x000002496e89a080 JavaThread "HikariPool-1 housekeeper" daemon [_thread_blocked, id=8244, stack(0x000000ed7bb00000,0x000000ed7bc00000)]
  0x000002496e97b120 JavaThread "HikariPool-1 connection adder" daemon [_thread_blocked, id=8912, stack(0x000000ed7bc00000,0x000000ed7bd00000)]

Other Threads:
=>0x000002496b945990 VMThread "VM Thread" [stack: 0x000000ed7a300000,0x000000ed7a400000] [id=16148]
  0x0000024957eb4e80 WatcherThread [stack: 0x000000ed7b600000,0x000000ed7b700000] [id=15980]
  0x0000024957ef6700 GCTaskThread "GC Thread#0" [stack: 0x000000ed79e00000,0x000000ed79f00000] [id=15864]
  0x000002496ca007d0 GCTaskThread "GC Thread#1" [stack: 0x000000ed7b000000,0x000000ed7b100000] [id=4732]
  0x000002496ca00a80 GCTaskThread "GC Thread#2" [stack: 0x000000ed7b100000,0x000000ed7b200000] [id=9400]
  0x000002496ca03140 GCTaskThread "GC Thread#3" [stack: 0x000000ed7b200000,0x000000ed7b300000] [id=14368]
  0x0000024955d3cf00 ConcurrentGCThread "G1 Main Marker" [stack: 0x000000ed79f00000,0x000000ed7a000000] [id=8168]
  0x0000024955d3d910 ConcurrentGCThread "G1 Conc#0" [stack: 0x000000ed7a000000,0x000000ed7a100000] [id=8892]
  0x000002496b800090 ConcurrentGCThread "G1 Refine#0" [stack: 0x000000ed7a100000,0x000000ed7a200000] [id=8216]
  0x000002496ca0b540 ConcurrentGCThread "G1 Refine#1" [stack: 0x000000ed7b300000,0x000000ed7b400000] [id=8376]
  0x000002496b800ab0 ConcurrentGCThread "G1 Service" [stack: 0x000000ed7a200000,0x000000ed7a300000] [id=9224]

Threads with active compile tasks:

VM state: at safepoint (normal execution)

VM Mutex/Monitor currently owned by a thread:  ([mutex/lock_event])
[0x0000024957eafa30] Threads_lock - owner thread: 0x000002496b945990
[0x0000024957eaf6d0] Heap_lock - owner thread: 0x0000024957eb3ed0

Heap address: 0x0000000743600000, size: 3018 MB, Compressed Oops mode: Zero based, Oop shift amount: 3

CDS archive(s) mapped at: [0x0000000800000000-0x0000000800bc0000-0x0000000800bc0000), size 12320768, SharedBaseAddress: 0x0000000800000000, ArchiveRelocationMode: 0.
Compressed class space mapped at: 0x0000000800c00000-0x0000000840c00000, reserved size: 1073741824
Narrow klass base: 0x0000000800000000, Narrow klass shift: 0, Narrow klass range: 0x100000000

GC Precious Log:
 CPUs: 4 total, 4 available
 Memory: 12065M
 Large Page Support: Disabled
 NUMA Support: Disabled
 Compressed Oops: Enabled (Zero based)
 Heap Region Size: 2M
 Heap Min Capacity: 8M
 Heap Initial Capacity: 190M
 Heap Max Capacity: 3018M
 Pre-touch: Disabled
 Parallel Workers: 4
 Concurrent Workers: 1
 Concurrent Refinement Workers: 4
 Periodic GC: Disabled

Heap:
 garbage-first heap   total 61440K, used 25393K [0x0000000743600000, 0x0000000800000000)
  region size 2048K, 2 young (4096K), 2 survivors (4096K)
 Metaspace       used 45827K, committed 46272K, reserved 1089536K
  class space    used 6462K, committed 6656K, reserved 1048576K

Heap Regions: E=young(eden), S=young(survivor), O=old, HS=humongous(starts), HC=humongous(continues), CS=collection set, F=free, OA=open archive, CA=closed archive, TAMS=top-at-mark-start (previous, next)
|   0|0x0000000743600000, 0x0000000743800000, 0x0000000743800000|100%| O|  |TAMS 0x0000000743800000, 0x0000000743600000| Untracked 
|   1|0x0000000743800000, 0x0000000743a00000, 0x0000000743a00000|100%| O|  |TAMS 0x0000000743a00000, 0x0000000743800000| Untracked 
|   2|0x0000000743a00000, 0x0000000743c00000, 0x0000000743c00000|100%| O|  |TAMS 0x0000000743c00000, 0x0000000743a00000| Untracked 
|   3|0x0000000743c00000, 0x0000000743cf5200, 0x0000000743e00000| 47%| O|  |TAMS 0x0000000743cf5200, 0x0000000743c00000| Untracked 
|   4|0x0000000743e00000, 0x0000000744000000, 0x0000000744000000|100%| O|  |TAMS 0x0000000744000000, 0x0000000743e00000| Untracked 
|   5|0x0000000744000000, 0x0000000744200000, 0x0000000744200000|100%| O|  |TAMS 0x0000000744200000, 0x0000000744000000| Untracked 
|   6|0x0000000744200000, 0x0000000744400000, 0x0000000744400000|100%| O|  |TAMS 0x0000000744400000, 0x0000000744200000| Untracked 
|   7|0x0000000744400000, 0x0000000744600000, 0x0000000744600000|100%| O|  |TAMS 0x00000007444fc600, 0x0000000744400000| Untracked 
|   8|0x0000000744600000, 0x0000000744800000, 0x0000000744800000|100%| O|  |TAMS 0x0000000744600000, 0x0000000744600000| Untracked 
|   9|0x0000000744800000, 0x0000000744a00000, 0x0000000744a00000|100%| O|  |TAMS 0x0000000744800000, 0x0000000744800000| Untracked 
|  10|0x0000000744a00000, 0x0000000744b8b608, 0x0000000744c00000| 77%| O|  |TAMS 0x0000000744a00000, 0x0000000744a00000| Untracked 
|  11|0x0000000744c00000, 0x0000000744c00000, 0x0000000744e00000|  0%| F|  |TAMS 0x0000000744c00000, 0x0000000744c00000| Untracked 
|  12|0x0000000744e00000, 0x0000000745000000, 0x0000000745000000|100%| O|  |TAMS 0x0000000745000000, 0x0000000744e00000| Untracked 
|  13|0x0000000745000000, 0x0000000745000000, 0x0000000745200000|  0%| F|  |TAMS 0x0000000745000000, 0x0000000745000000| Untracked 
|  14|0x0000000745200000, 0x0000000745200000, 0x0000000745400000|  0%| F|  |TAMS 0x0000000745200000, 0x0000000745200000| Untracked 
|  15|0x0000000745400000, 0x0000000745400000, 0x0000000745600000|  0%| F|  |TAMS 0x0000000745400000, 0x0000000745400000| Untracked 
|  16|0x0000000745600000, 0x000000074564bd50, 0x0000000745800000| 14%| S|CS|TAMS 0x0000000745600000, 0x0000000745600000| Complete 
|  17|0x0000000745800000, 0x0000000745800000, 0x0000000745a00000|  0%| F|  |TAMS 0x0000000745800000, 0x0000000745800000| Untracked 
|  18|0x0000000745a00000, 0x0000000745c00000, 0x0000000745c00000|100%| S|CS|TAMS 0x0000000745a00000, 0x0000000745a00000| Complete 
|  19|0x0000000745c00000, 0x0000000745c00000, 0x0000000745e00000|  0%| F|  |TAMS 0x0000000745c00000, 0x0000000745c00000| Untracked 
|  20|0x0000000745e00000, 0x0000000745e00000, 0x0000000746000000|  0%| F|  |TAMS 0x0000000745e00000, 0x0000000745e00000| Untracked 
|  21|0x0000000746000000, 0x0000000746000000, 0x0000000746200000|  0%| F|  |TAMS 0x0000000746000000, 0x0000000746000000| Untracked 
|  22|0x0000000746200000, 0x0000000746200000, 0x0000000746400000|  0%| F|  |TAMS 0x0000000746200000, 0x0000000746200000| Untracked 
|  23|0x0000000746400000, 0x0000000746400000, 0x0000000746600000|  0%| F|  |TAMS 0x0000000746400000, 0x0000000746400000| Untracked 
|  24|0x0000000746600000, 0x0000000746600000, 0x0000000746800000|  0%| F|  |TAMS 0x0000000746600000, 0x0000000746600000| Untracked 
|  89|0x000000074e800000, 0x000000074e800000, 0x000000074ea00000|  0%| F|  |TAMS 0x000000074e800000, 0x000000074e800000| Untracked 
|  90|0x000000074ea00000, 0x000000074ea00000, 0x000000074ec00000|  0%| F|  |TAMS 0x000000074ea00000, 0x000000074ea00000| Untracked 
|  91|0x000000074ec00000, 0x000000074ec00000, 0x000000074ee00000|  0%| F|  |TAMS 0x000000074ec00000, 0x000000074ec00000| Untracked 
|  92|0x000000074ee00000, 0x000000074ee00000, 0x000000074f000000|  0%| F|  |TAMS 0x000000074ee00000, 0x000000074ee00000| Untracked 
|  94|0x000000074f200000, 0x000000074f200000, 0x000000074f400000|  0%| F|  |TAMS 0x000000074f200000, 0x000000074f200000| Untracked 

Card table byte_map: [0x0000024962c90000,0x0000024963280000] _byte_map_base: 0x000002495f275000

Marking Bits (Prev, Next): (CMBitMap*) 0x0000024957ef6d10, (CMBitMap*) 0x0000024957ef6d50
 Prev Bits: [0x0000024963870000, 0x0000024966798000)
 Next Bits: [0x00000249667a0000, 0x00000249696c8000)

Polling page: 0x0000024955c30000

Metaspace:

Usage:
  Non-class:     38.44 MB used.
      Class:      6.31 MB used.
       Both:     44.75 MB used.

Virtual space:
  Non-class space:       40.00 MB reserved,      38.69 MB ( 97%) committed,  5 nodes.
      Class space:        1.00 GB reserved,       6.50 MB ( <1%) committed,  1 nodes.
             Both:        1.04 GB reserved,      45.19 MB (  4%) committed. 

Chunk freelists:
   Non-Class:  762.00 KB
       Class:  1.53 MB
        Both:  2.27 MB

MaxMetaspaceSize: unlimited
CompressedClassSpaceSize: 1.00 GB
Initial GC threshold: 21.00 MB
Current GC threshold: 58.88 MB
CDS: on
MetaspaceReclaimPolicy: balanced
 - commit_granule_bytes: 65536.
 - commit_granule_words: 8192.
 - virtual_space_node_default_size: 1048576.
 - enlarge_chunks_in_place: 1.
 - new_chunks_are_fully_committed: 0.
 - uncommit_free_chunks: 1.
 - use_allocation_guard: 0.
 - handle_deallocations: 1.


Internal statistics:

num_allocs_failed_limit: 6.
num_arena_births: 474.
num_arena_deaths: 0.
num_vsnodes_births: 6.
num_vsnodes_deaths: 0.
num_space_committed: 723.
num_space_uncommitted: 0.
num_chunks_returned_to_freelist: 6.
num_chunks_taken_from_freelist: 2173.
num_chunk_merges: 6.
num_chunk_splits: 1511.
num_chunks_enlarged: 1150.
num_purges: 0.
num_inconsistent_stats: 0.

CodeCache: size=49152Kb used=10610Kb max_used=10610Kb free=38541Kb
 bounds [0x000002495f6a0000, 0x0000024960100000, 0x00000249626a0000]
 total_blobs=5910 nmethods=5333 adapters=502
 compilation: enabled
              stopped_count=0, restarted_count=0
 full_count=0

Compilation events (20 events):
Event: 7.028 Thread 0x000002496c4b4430 5325       1       org.springframework.core.GenericTypeResolver$TypeVariableMapVariableResolver::<init> (10 bytes)
Event: 7.028 Thread 0x000002496c4b4430 nmethod 5325 0x00000249600f9a10 code [0x00000249600f9ba0, 0x00000249600f9cb8]
Event: 7.028 Thread 0x000002496b968de0 nmethod 5324 0x00000249600f9d10 code [0x00000249600f9ec0, 0x00000249600fa068]
Event: 7.028 Thread 0x000002496ca2ca90 nmethod 5323 0x00000249600fa190 code [0x00000249600fa340, 0x00000249600fa5b8]
Event: 7.030 Thread 0x000002496c4b4430 5326       1       java.util.regex.Pattern::compile (10 bytes)
Event: 7.030 Thread 0x000002496c4b4430 nmethod 5326 0x00000249600fa710 code [0x00000249600fa8a0, 0x00000249600fa9e8]
Event: 7.031 Thread 0x000002496ca2ca90 5327       1       java.lang.reflect.Field::getGenericType (20 bytes)
Event: 7.031 Thread 0x000002496c4b4430 5328       1       org.springframework.data.jpa.util.JpaMetamodel$$Lambda$922/0x0000000801207a00::test (12 bytes)
Event: 7.031 Thread 0x000002496b968de0 5329       1       org.springframework.data.jpa.util.JpaMetamodel::lambda$isSingleIdAttribute$2 (11 bytes)
Event: 7.031 Thread 0x000002496ca2ca90 nmethod 5327 0x00000249600faa90 code [0x00000249600fac80, 0x00000249600fb408]
Event: 7.031 Thread 0x000002496b968de0 nmethod 5329 0x00000249600fb690 code [0x00000249600fb820, 0x00000249600fb938]
Event: 7.031 Thread 0x000002496c4b4430 nmethod 5328 0x00000249600fba10 code [0x00000249600fbba0, 0x00000249600fbd38]
Event: 7.031 Thread 0x000002496b968de0 5330       1       java.util.HashMap$HashMapSpliterator::<init> (32 bytes)
Event: 7.031 Thread 0x000002496b968de0 nmethod 5330 0x00000249600fbe90 code [0x00000249600fc020, 0x00000249600fc158]
Event: 7.032 Thread 0x000002496b968de0 5331       1       java.util.HashMap$HashMapSpliterator::estimateSize (11 bytes)
Event: 7.032 Thread 0x000002496ca2ca90 5332       1       org.springframework.data.mapping.model.BasicPersistentEntity::getTypeInformation (5 bytes)
Event: 7.032 Thread 0x000002496b968de0 nmethod 5331 0x00000249600fc210 code [0x00000249600fc3a0, 0x00000249600fc488]
Event: 7.032 Thread 0x000002496ca2ca90 nmethod 5332 0x00000249600fc510 code [0x00000249600fc6a0, 0x00000249600fc778]
Event: 7.038 Thread 0x000002496c4b4430 5333       1       org.springframework.data.jpa.repository.support.CrudMethodMetadataPostProcessor$CrudMethodMetadataPopulatingMethodInterceptor$$Lambda$968/0x0000000801215ed8::doWith (11 bytes)
Event: 7.038 Thread 0x000002496c4b4430 nmethod 5333 0x00000249600fc810 code [0x00000249600fc9a0, 0x00000249600fca88]

GC Heap History (20 events):
Event: 4.173 GC heap after
{Heap after GC invocations=4 (full 0):
 garbage-first heap   total 194560K, used 14959K [0x0000000743600000, 0x0000000800000000)
  region size 2048K, 4 young (8192K), 4 survivors (8192K)
 Metaspace       used 20991K, committed 21312K, reserved 1073152K
  class space    used 2890K, committed 3008K, reserved 1048576K
}
Event: 4.192 GC heap before
{Heap before GC invocations=4 (full 0):
 garbage-first heap   total 194560K, used 17007K [0x0000000743600000, 0x0000000800000000)
  region size 2048K, 6 young (12288K), 4 survivors (8192K)
 Metaspace       used 21240K, committed 21504K, reserved 1073152K
  class space    used 2942K, committed 3072K, reserved 1048576K
}
Event: 4.199 GC heap after
{Heap after GC invocations=5 (full 0):
 garbage-first heap   total 194560K, used 15316K [0x0000000743600000, 0x0000000800000000)
  region size 2048K, 4 young (8192K), 4 survivors (8192K)
 Metaspace       used 21240K, committed 21504K, reserved 1073152K
  class space    used 2942K, committed 3072K, reserved 1048576K
}
Event: 4.397 GC heap before
{Heap before GC invocations=6 (full 0):
 garbage-first heap   total 61440K, used 39892K [0x0000000743600000, 0x0000000800000000)
  region size 2048K, 18 young (36864K), 4 survivors (8192K)
 Metaspace       used 23873K, committed 24256K, reserved 1073152K
  class space    used 3290K, committed 3456K, reserved 1048576K
}
Event: 4.405 GC heap after
{Heap after GC invocations=7 (full 0):
 garbage-first heap   total 61440K, used 17254K [0x0000000743600000, 0x0000000800000000)
  region size 2048K, 5 young (10240K), 5 survivors (10240K)
 Metaspace       used 23873K, committed 24256K, reserved 1073152K
  class space    used 3290K, committed 3456K, reserved 1048576K
}
Event: 4.407 GC heap before
{Heap before GC invocations=7 (full 0):
 garbage-first heap   total 61440K, used 39782K [0x0000000743600000, 0x0000000800000000)
  region size 2048K, 17 young (34816K), 5 survivors (10240K)
 Metaspace       used 23873K, committed 24256K, reserved 1073152K
  class space    used 3290K, committed 3456K, reserved 1048576K
}
Event: 4.419 GC heap after
{Heap after GC invocations=8 (full 0):
 garbage-first heap   total 61440K, used 17536K [0x0000000743600000, 0x0000000800000000)
  region size 2048K, 2 young (4096K), 2 survivors (4096K)
 Metaspace       used 23873K, committed 24256K, reserved 1073152K
  class space    used 3290K, committed 3456K, reserved 1048576K
}
Event: 4.687 GC heap before
{Heap before GC invocations=8 (full 0):
 garbage-first heap   total 61440K, used 42112K [0x0000000743600000, 0x0000000800000000)
  region size 2048K, 15 young (30720K), 2 survivors (4096K)
 Metaspace       used 27366K, committed 27712K, reserved 1073152K
  class space    used 3732K, committed 3904K, reserved 1048576K
}
Event: 4.690 GC heap after
{Heap after GC invocations=9 (full 0):
 garbage-first heap   total 61440K, used 17923K [0x0000000743600000, 0x0000000800000000)
  region size 2048K, 2 young (4096K), 2 survivors (4096K)
 Metaspace       used 27366K, committed 27712K, reserved 1073152K
  class space    used 3732K, committed 3904K, reserved 1048576K
}
Event: 5.261 GC heap before
{Heap before GC invocations=9 (full 0):
 garbage-first heap   total 61440K, used 44547K [0x0000000743600000, 0x0000000800000000)
  region size 2048K, 15 young (30720K), 2 survivors (4096K)
 Metaspace       used 34082K, committed 34368K, reserved 1081344K
  class space    used 4755K, committed 4864K, reserved 1048576K
}
Event: 5.266 GC heap after
{Heap after GC invocations=10 (full 0):
 garbage-first heap   total 61440K, used 19471K [0x0000000743600000, 0x0000000800000000)
  region size 2048K, 2 young (4096K), 2 survivors (4096K)
 Metaspace       used 34082K, committed 34368K, reserved 1081344K
  class space    used 4755K, committed 4864K, reserved 1048576K
}
Event: 5.715 GC heap before
{Heap before GC invocations=10 (full 0):
 garbage-first heap   total 61440K, used 27663K [0x0000000743600000, 0x0000000800000000)
  region size 2048K, 7 young (14336K), 2 survivors (4096K)
 Metaspace       used 35840K, committed 36096K, reserved 1081344K
  class space    used 4984K, committed 5120K, reserved 1048576K
}
Event: 5.720 GC heap after
{Heap after GC invocations=11 (full 0):
 garbage-first heap   total 61440K, used 20247K [0x0000000743600000, 0x0000000800000000)
  region size 2048K, 2 young (4096K), 2 survivors (4096K)
 Metaspace       used 35840K, committed 36096K, reserved 1081344K
  class space    used 4984K, committed 5120K, reserved 1048576K
}
Event: 6.302 GC heap before
{Heap before GC invocations=12 (full 0):
 garbage-first heap   total 61440K, used 44823K [0x0000000743600000, 0x0000000800000000)
  region size 2048K, 14 young (28672K), 2 survivors (4096K)
 Metaspace       used 39487K, committed 39936K, reserved 1089536K
  class space    used 5594K, committed 5824K, reserved 1048576K
}
Event: 6.306 GC heap after
{Heap after GC invocations=13 (full 0):
 garbage-first heap   total 61440K, used 21300K [0x0000000743600000, 0x0000000800000000)
  region size 2048K, 1 young (2048K), 1 survivors (2048K)
 Metaspace       used 39487K, committed 39936K, reserved 1089536K
  class space    used 5594K, committed 5824K, reserved 1048576K
}
Event: 6.689 GC heap before
{Heap before GC invocations=13 (full 0):
 garbage-first heap   total 61440K, used 47924K [0x0000000743600000, 0x0000000800000000)
  region size 2048K, 14 young (28672K), 1 survivors (2048K)
 Metaspace       used 42925K, committed 43328K, reserved 1089536K
  class space    used 6076K, committed 6272K, reserved 1048576K
}
Event: 6.694 GC heap after
{Heap after GC invocations=14 (full 0):
 garbage-first heap   total 61440K, used 23108K [0x0000000743600000, 0x0000000800000000)
  region size 2048K, 2 young (4096K), 2 survivors (4096K)
 Metaspace       used 42925K, committed 43328K, reserved 1089536K
  class space    used 6076K, committed 6272K, reserved 1048576K
}
Event: 6.884 GC heap before
{Heap before GC invocations=14 (full 0):
 garbage-first heap   total 61440K, used 47684K [0x0000000743600000, 0x0000000800000000)
  region size 2048K, 14 young (28672K), 2 survivors (4096K)
 Metaspace       used 44744K, committed 45184K, reserved 1089536K
  class space    used 6330K, committed 6528K, reserved 1048576K
}
Event: 6.889 GC heap after
{Heap after GC invocations=15 (full 0):
 garbage-first heap   total 61440K, used 24187K [0x0000000743600000, 0x0000000800000000)
  region size 2048K, 2 young (4096K), 2 survivors (4096K)
 Metaspace       used 44744K, committed 45184K, reserved 1089536K
  class space    used 6330K, committed 6528K, reserved 1048576K
}
Event: 7.040 GC heap before
{Heap before GC invocations=15 (full 0):
 garbage-first heap   total 61440K, used 46715K [0x0000000743600000, 0x0000000800000000)
  region size 2048K, 13 young (26624K), 2 survivors (4096K)
 Metaspace       used 45827K, committed 46272K, reserved 1089536K
  class space    used 6462K, committed 6656K, reserved 1048576K
}

Deoptimization events (16 events):
Event: 1.966 Thread 0x0000024957eb3ed0 DEOPT PACKING pc=0x000002495f902781 sp=0x000000ed79dfd660
Event: 1.966 Thread 0x0000024957eb3ed0 DEOPT UNPACKING pc=0x000002495f6f6763 sp=0x000000ed79dfcab8 mode 3
Event: 2.891 Thread 0x0000024957eb3ed0 DEOPT PACKING pc=0x000002495fb9fef9 sp=0x000000ed79dfd110
Event: 2.891 Thread 0x0000024957eb3ed0 DEOPT UNPACKING pc=0x000002495f6f6763 sp=0x000000ed79dfc5f0 mode 3
Event: 3.814 Thread 0x0000024957eb3ed0 DEOPT PACKING pc=0x000002495fbe2754 sp=0x000000ed79dfd540
Event: 3.814 Thread 0x0000024957eb3ed0 DEOPT UNPACKING pc=0x000002495f6f6763 sp=0x000000ed79dfca98 mode 0
Event: 4.006 Thread 0x0000024957eb3ed0 DEOPT PACKING pc=0x000002495fdbfa01 sp=0x000000ed79dfcb50
Event: 4.006 Thread 0x0000024957eb3ed0 DEOPT UNPACKING pc=0x000002495f6f6763 sp=0x000000ed79dfbfc0 mode 3
Event: 4.489 Thread 0x0000024957eb3ed0 DEOPT PACKING pc=0x000002495fe828e5 sp=0x000000ed79dfc4a0
Event: 4.489 Thread 0x0000024957eb3ed0 DEOPT UNPACKING pc=0x000002495f6f6763 sp=0x000000ed79dfba08 mode 3
Event: 4.498 Thread 0x0000024957eb3ed0 DEOPT PACKING pc=0x000002495fbc5e09 sp=0x000000ed79dfe580
Event: 4.498 Thread 0x0000024957eb3ed0 DEOPT UNPACKING pc=0x000002495f6f6763 sp=0x000000ed79dfda10 mode 3
Event: 4.498 Thread 0x000002496e5480d0 DEOPT PACKING pc=0x000002495fb93c9f sp=0x000000ed7b8fef00
Event: 4.498 Thread 0x000002496e5480d0 DEOPT UNPACKING pc=0x000002495f6f6763 sp=0x000000ed7b8fe358 mode 3
Event: 6.791 Thread 0x0000024957eb3ed0 DEOPT PACKING pc=0x00000249600819f9 sp=0x000000ed79dfd4c0
Event: 6.791 Thread 0x0000024957eb3ed0 DEOPT UNPACKING pc=0x000002495f6f6763 sp=0x000000ed79dfc9a8 mode 3

Classes unloaded (0 events):
No events

Classes redefined (0 events):
No events

Internal exceptions (20 events):
Event: 6.922 Thread 0x0000024957eb3ed0 Exception <a 'java/lang/reflect/InvocationTargetException'{0x000000074eeb6040}> (0x000000074eeb6040) 
thrown [t:\workspace\open\src\hotspot\share\runtime\reflection.cpp, line 1121]
Event: 6.925 Thread 0x0000024957eb3ed0 Exception <a 'java/lang/reflect/InvocationTargetException'{0x000000074eed3990}> (0x000000074eed3990) 
thrown [t:\workspace\open\src\hotspot\share\runtime\reflection.cpp, line 1121]
Event: 6.935 Thread 0x0000024957eb3ed0 Exception <a 'java/lang/reflect/InvocationTargetException'{0x000000074ef84728}> (0x000000074ef84728) 
thrown [t:\workspace\open\src\hotspot\share\runtime\reflection.cpp, line 1121]
Event: 6.957 Thread 0x0000024957eb3ed0 Exception <a 'java/lang/ClassNotFoundException'{0x000000074ed01990}: java/lang/ObjectCustomizer> (0x000000074ed01990) 
thrown [t:\workspace\open\src\hotspot\share\classfile\systemDictionary.cpp, line 256]
Event: 6.958 Thread 0x0000024957eb3ed0 Exception <a 'java/lang/ClassNotFoundException'{0x000000074ed096e8}: uz/master/demotest/entity/AuditableCustomizer> (0x000000074ed096e8) 
thrown [t:\workspace\open\src\hotspot\share\classfile\systemDictionary.cpp, line 256]
Event: 6.958 Thread 0x0000024957eb3ed0 Exception <a 'java/lang/ClassNotFoundException'{0x000000074ed134f0}: uz/master/demotest/entity/organization/OrganizationCustomizer> (0x000000074ed134f0) 
thrown [t:\workspace\open\src\hotspot\share\classfile\systemDictionary.cpp, line 256]
Event: 6.960 Thread 0x0000024957eb3ed0 Exception <a 'java/lang/ClassNotFoundException'{0x000000074ed2cbf0}: uz/master/demotest/entity/BaseEntityCustomizer> (0x000000074ed2cbf0) 
thrown [t:\workspace\open\src\hotspot\share\classfile\systemDictionary.cpp, line 256]
Event: 6.974 Thread 0x0000024957eb3ed0 Exception <a 'java/lang/reflect/InvocationTargetException'{0x000000074660f6b8}> (0x000000074660f6b8) 
thrown [t:\workspace\open\src\hotspot\share\runtime\reflection.cpp, line 1121]
Event: 6.976 Thread 0x0000024957eb3ed0 Exception <a 'java/lang/reflect/InvocationTargetException'{0x000000074661a9d0}> (0x000000074661a9d0) 
thrown [t:\workspace\open\src\hotspot\share\runtime\reflection.cpp, line 1121]
Event: 6.979 Thread 0x0000024957eb3ed0 Exception <a 'java/lang/reflect/InvocationTargetException'{0x000000074662ab18}> (0x000000074662ab18) 
thrown [t:\workspace\open\src\hotspot\share\runtime\reflection.cpp, line 1121]
Event: 6.995 Thread 0x0000024957eb3ed0 Exception <a 'java/lang/ClassNotFoundException'{0x000000074679ffa8}: java/lang/ObjectCustomizer> (0x000000074679ffa8) 
thrown [t:\workspace\open\src\hotspot\share\classfile\systemDictionary.cpp, line 256]
Event: 6.995 Thread 0x0000024957eb3ed0 Exception <a 'java/lang/ClassNotFoundException'{0x00000007467a7d00}: uz/master/demotest/entity/AuditableCustomizer> (0x00000007467a7d00) 
thrown [t:\workspace\open\src\hotspot\share\classfile\systemDictionary.cpp, line 256]
Event: 6.995 Thread 0x0000024957eb3ed0 Exception <a 'java/lang/ClassNotFoundException'{0x00000007467b1a38}: uz/master/demotest/entity/column/ProjectColumnCustomizer> (0x00000007467b1a38) 
thrown [t:\workspace\open\src\hotspot\share\classfile\systemDictionary.cpp, line 256]
Event: 6.996 Thread 0x0000024957eb3ed0 Exception <a 'java/lang/ClassNotFoundException'{0x00000007467c15d0}: uz/master/demotest/entity/BaseEntityCustomizer> (0x00000007467c15d0) 
thrown [t:\workspace\open\src\hotspot\share\classfile\systemDictionary.cpp, line 256]
Event: 7.010 Thread 0x0000024957eb3ed0 Exception <a 'java/lang/reflect/InvocationTargetException'{0x0000000746056a48}> (0x0000000746056a48) 
thrown [t:\workspace\open\src\hotspot\share\runtime\reflection.cpp, line 1121]
Event: 7.012 Thread 0x0000024957eb3ed0 Exception <a 'java/lang/reflect/InvocationTargetException'{0x0000000746066238}> (0x0000000746066238) 
thrown [t:\workspace\open\src\hotspot\share\runtime\reflection.cpp, line 1121]
Event: 7.028 Thread 0x0000024957eb3ed0 Exception <a 'java/lang/ClassNotFoundException'{0x00000007461a0d08}: java/lang/ObjectCustomizer> (0x00000007461a0d08) 
thrown [t:\workspace\open\src\hotspot\share\classfile\systemDictionary.cpp, line 256]
Event: 7.029 Thread 0x0000024957eb3ed0 Exception <a 'java/lang/ClassNotFoundException'{0x00000007461a8a60}: uz/master/demotest/entity/AuditableCustomizer> (0x00000007461a8a60) 
thrown [t:\workspace\open\src\hotspot\share\classfile\systemDictionary.cpp, line 256]
Event: 7.029 Thread 0x0000024957eb3ed0 Exception <a 'java/lang/ClassNotFoundException'{0x00000007461b2408}: uz/master/demotest/entity/task/TaskCustomizer> (0x00000007461b2408) 
thrown [t:\workspace\open\src\hotspot\share\classfile\systemDictionary.cpp, line 256]
Event: 7.029 Thread 0x0000024957eb3ed0 Exception <a 'java/lang/ClassNotFoundException'{0x00000007461c5c70}: uz/master/demotest/entity/BaseEntityCustomizer> (0x00000007461c5c70) 
thrown [t:\workspace\open\src\hotspot\share\classfile\systemDictionary.cpp, line 256]

VM Operations (20 events):
Event: 5.752 Executing VM operation: G1Concurrent done
Event: 5.766 Executing VM operation: G1Concurrent
Event: 5.766 Executing VM operation: G1Concurrent done
Event: 6.193 Executing VM operation: ICBufferFull
Event: 6.193 Executing VM operation: ICBufferFull done
Event: 6.302 Executing VM operation: G1CollectForAllocation
Event: 6.306 Executing VM operation: G1CollectForAllocation done
Event: 6.369 Executing VM operation: HandshakeAllThreads
Event: 6.369 Executing VM operation: HandshakeAllThreads done
Event: 6.689 Executing VM operation: G1CollectForAllocation
Event: 6.694 Executing VM operation: G1CollectForAllocation done
Event: 6.697 Executing VM operation: HandshakeAllThreads
Event: 6.697 Executing VM operation: HandshakeAllThreads done
Event: 6.697 Executing VM operation: HandshakeAllThreads
Event: 6.697 Executing VM operation: HandshakeAllThreads done
Event: 6.832 Executing VM operation: HandshakeAllThreads
Event: 6.832 Executing VM operation: HandshakeAllThreads done
Event: 6.884 Executing VM operation: G1CollectForAllocation
Event: 6.889 Executing VM operation: G1CollectForAllocation done
Event: 7.040 Executing VM operation: G1CollectForAllocation

Events (20 events):
Event: 6.831 loading class java/util/ArrayList$ListItr
Event: 6.832 loading class java/util/ArrayList$ListItr done
Event: 6.845 loading class java/lang/ObjectCustomizer
Event: 6.845 loading class java/lang/ObjectCustomizer done
Event: 6.845 loading class java/lang/ObjectCustomizer
Event: 6.845 loading class java/lang/ObjectCustomizer done
Event: 6.884 loading class java/io/StringReader
Event: 6.884 loading class java/io/StringReader done
Event: 6.957 loading class java/lang/ObjectCustomizer
Event: 6.957 loading class java/lang/ObjectCustomizer done
Event: 6.957 loading class java/lang/ObjectCustomizer
Event: 6.957 loading class java/lang/ObjectCustomizer done
Event: 6.995 loading class java/lang/ObjectCustomizer
Event: 6.995 loading class java/lang/ObjectCustomizer done
Event: 6.995 loading class java/lang/ObjectCustomizer
Event: 6.995 loading class java/lang/ObjectCustomizer done
Event: 7.028 loading class java/lang/ObjectCustomizer
Event: 7.028 loading class java/lang/ObjectCustomizer done
Event: 7.028 loading class java/lang/ObjectCustomizer
Event: 7.028 loading class java/lang/ObjectCustomizer done


Dynamic libraries:
0x00007ff7b2350000 - 0x00007ff7b235e000 	C:\Users\User\.jdks\openjdk-17.0.1\bin\java.exe
0x00007ffe1ff50000 - 0x00007ffe20145000 	C:\WINDOWS\SYSTEM32\ntdll.dll
0x00007ffe1f8a0000 - 0x00007ffe1f95e000 	C:\WINDOWS\System32\KERNEL32.DLL
0x00007ffe1dac0000 - 0x00007ffe1dd88000 	C:\WINDOWS\System32\KERNELBASE.dll
0x00007ffe1dea0000 - 0x00007ffe1dfa0000 	C:\WINDOWS\System32\ucrtbase.dll
0x00007ffe16fc0000 - 0x00007ffe16fd8000 	C:\Users\User\.jdks\openjdk-17.0.1\bin\jli.dll
0x00007ffe1ef30000 - 0x00007ffe1f0d0000 	C:\WINDOWS\System32\USER32.dll
0x00007ffe1d930000 - 0x00007ffe1d952000 	C:\WINDOWS\System32\win32u.dll
0x00007ffe1fc70000 - 0x00007ffe1fc9b000 	C:\WINDOWS\System32\GDI32.dll
0x00007ffe1dd90000 - 0x00007ffe1de9d000 	C:\WINDOWS\System32\gdi32full.dll
0x00007ffe1d660000 - 0x00007ffe1d6fd000 	C:\WINDOWS\System32\msvcp_win.dll
0x00007ffe16250000 - 0x00007ffe1626a000 	C:\Users\User\.jdks\openjdk-17.0.1\bin\VCRUNTIME140.dll
0x00007ffe09ab0000 - 0x00007ffe09d4a000 	C:\WINDOWS\WinSxS\amd64_microsoft.windows.common-controls_6595b64144ccf1df_6.0.19041.1110_none_60b5254171f9507e\COMCTL32.dll
0x00007ffe1f800000 - 0x00007ffe1f89e000 	C:\WINDOWS\System32\msvcrt.dll
0x00007ffe1f760000 - 0x00007ffe1f790000 	C:\WINDOWS\System32\IMM32.DLL
0x00007ffe16370000 - 0x00007ffe1637c000 	C:\Users\User\.jdks\openjdk-17.0.1\bin\vcruntime140_1.dll
0x00007ffe105f0000 - 0x00007ffe1067d000 	C:\Users\User\.jdks\openjdk-17.0.1\bin\msvcp140.dll
0x00007ffdf11f0000 - 0x00007ffdf1dae000 	C:\Users\User\.jdks\openjdk-17.0.1\bin\server\jvm.dll
0x00007ffe1e070000 - 0x00007ffe1e11e000 	C:\WINDOWS\System32\ADVAPI32.dll
0x00007ffe1fde0000 - 0x00007ffe1fe7c000 	C:\WINDOWS\System32\sechost.dll
0x00007ffe1fb40000 - 0x00007ffe1fc65000 	C:\WINDOWS\System32\RPCRT4.dll
0x00007ffe1f600000 - 0x00007ffe1f608000 	C:\WINDOWS\System32\PSAPI.DLL
0x00007ffe03dd0000 - 0x00007ffe03dd9000 	C:\WINDOWS\SYSTEM32\WSOCK32.dll
0x00007ffe1f790000 - 0x00007ffe1f7fb000 	C:\WINDOWS\System32\WS2_32.dll
0x00007ffe09f10000 - 0x00007ffe09f37000 	C:\WINDOWS\SYSTEM32\WINMM.dll
0x00007ffe16530000 - 0x00007ffe1653a000 	C:\WINDOWS\SYSTEM32\VERSION.dll
0x00007ffe1bf10000 - 0x00007ffe1bf22000 	C:\WINDOWS\SYSTEM32\kernel.appcore.dll
0x00007ffe16240000 - 0x00007ffe1624a000 	C:\Users\User\.jdks\openjdk-17.0.1\bin\jimage.dll
0x00007ffe07a60000 - 0x00007ffe07c44000 	C:\WINDOWS\SYSTEM32\DBGHELP.DLL
0x00007ffe06d70000 - 0x00007ffe06d9c000 	C:\WINDOWS\SYSTEM32\dbgcore.DLL
0x00007ffe1d8a0000 - 0x00007ffe1d922000 	C:\WINDOWS\System32\bcryptPrimitives.dll
0x00007ffe15db0000 - 0x00007ffe15dbe000 	C:\Users\User\.jdks\openjdk-17.0.1\bin\instrument.dll
0x00007ffe15de0000 - 0x00007ffe15e05000 	C:\Users\User\.jdks\openjdk-17.0.1\bin\java.dll
0x00007ffe0b5d0000 - 0x00007ffe0b6a6000 	C:\Users\User\.jdks\openjdk-17.0.1\bin\svml.dll
0x00007ffe1e7e0000 - 0x00007ffe1ef24000 	C:\WINDOWS\System32\SHELL32.dll
0x00007ffe1b730000 - 0x00007ffe1bec4000 	C:\WINDOWS\SYSTEM32\windows.storage.dll
0x00007ffe1f0d0000 - 0x00007ffe1f425000 	C:\WINDOWS\System32\combase.dll
0x00007ffe1d0b0000 - 0x00007ffe1d0de000 	C:\WINDOWS\SYSTEM32\Wldp.dll
0x00007ffe1e180000 - 0x00007ffe1e22d000 	C:\WINDOWS\System32\SHCORE.dll
0x00007ffe1e120000 - 0x00007ffe1e175000 	C:\WINDOWS\System32\shlwapi.dll
0x00007ffe1d5a0000 - 0x00007ffe1d5bf000 	C:\WINDOWS\SYSTEM32\profapi.dll
0x00007ffe13dd0000 - 0x00007ffe13de8000 	C:\Users\User\.jdks\openjdk-17.0.1\bin\zip.dll
0x00007ffe161c0000 - 0x00007ffe161d9000 	C:\Users\User\.jdks\openjdk-17.0.1\bin\net.dll
0x00007ffe154c0000 - 0x00007ffe155cc000 	C:\WINDOWS\SYSTEM32\WINHTTP.dll
0x00007ffe1ce10000 - 0x00007ffe1ce7a000 	C:\WINDOWS\system32\mswsock.dll
0x00007ffe15dc0000 - 0x00007ffe15dd5000 	C:\Users\User\.jdks\openjdk-17.0.1\bin\nio.dll
0x00007ffe10bb0000 - 0x00007ffe10bca000 	C:\Program Files\JetBrains\IntelliJ IDEA 2021.2.2\bin\breakgen64.dll
0x00007ffe1caf0000 - 0x00007ffe1cbbb000 	C:\WINDOWS\SYSTEM32\DNSAPI.dll
0x00007ffe1cab0000 - 0x00007ffe1caeb000 	C:\WINDOWS\SYSTEM32\IPHLPAPI.DLL
0x00007ffe1e000000 - 0x00007ffe1e008000 	C:\WINDOWS\System32\NSI.dll
0x00007ffe0c430000 - 0x00007ffe0c43a000 	C:\Windows\System32\rasadhlp.dll
0x00007ffe0d350000 - 0x00007ffe0d3cf000 	C:\WINDOWS\System32\fwpuclnt.dll
0x00007ffe1d7b0000 - 0x00007ffe1d7d7000 	C:\WINDOWS\System32\bcrypt.dll
0x00007ffe156e0000 - 0x00007ffe156e9000 	C:\Users\User\.jdks\openjdk-17.0.1\bin\management.dll
0x00007ffe15250000 - 0x00007ffe1525b000 	C:\Users\User\.jdks\openjdk-17.0.1\bin\management_ext.dll
0x00007ffe1d000000 - 0x00007ffe1d018000 	C:\WINDOWS\SYSTEM32\CRYPTSP.dll
0x00007ffe1c720000 - 0x00007ffe1c754000 	C:\WINDOWS\system32\rsaenh.dll
0x00007ffe1d560000 - 0x00007ffe1d58e000 	C:\WINDOWS\SYSTEM32\USERENV.dll
0x00007ffe1d020000 - 0x00007ffe1d02c000 	C:\WINDOWS\SYSTEM32\CRYPTBASE.dll
0x00007ffe102b0000 - 0x00007ffe102c7000 	C:\WINDOWS\SYSTEM32\dhcpcsvc6.DLL
0x00007ffe119d0000 - 0x00007ffe119ed000 	C:\WINDOWS\SYSTEM32\dhcpcsvc.DLL
0x00007ffe029b0000 - 0x00007ffe029c7000 	C:\WINDOWS\system32\napinsp.dll
0x00007ffe02980000 - 0x00007ffe0299b000 	C:\WINDOWS\system32\pnrpnsp.dll
0x00007ffe02960000 - 0x00007ffe02975000 	C:\WINDOWS\system32\wshbth.dll
0x00007ffe18d00000 - 0x00007ffe18d1d000 	C:\WINDOWS\system32\NLAapi.dll
0x00007ffe02940000 - 0x00007ffe02952000 	C:\WINDOWS\System32\winrnr.dll
0x00007ffe13ad0000 - 0x00007ffe13ade000 	C:\Users\User\.jdks\openjdk-17.0.1\bin\sunmscapi.dll
0x00007ffe1d960000 - 0x00007ffe1dab6000 	C:\WINDOWS\System32\CRYPT32.dll
0x00007ffe1d120000 - 0x00007ffe1d147000 	C:\WINDOWS\SYSTEM32\ncrypt.dll
0x00007ffe1d0e0000 - 0x00007ffe1d11b000 	C:\WINDOWS\SYSTEM32\NTASN1.dll

dbghelp: loaded successfully - version: 4.0.5 - missing functions: none
symbol engine: initialized successfully - sym options: 0x614 - pdb path: .;C:\Users\User\.jdks\openjdk-17.0.1\bin;C:\WINDOWS\SYSTEM32;C:\WINDOWS\WinSxS\amd64_microsoft.windows.common-controls_6595b64144ccf1df_6.0.19041.1110_none_60b5254171f9507e;C:\Users\User\.jdks\openjdk-17.0.1\bin\server;C:\Program Files\JetBrains\IntelliJ IDEA 2021.2.2\bin

VM Arguments:
jvm_args: -XX:TieredStopAtLevel=1 -Xverify:none -Dspring.output.ansi.enabled=always -javaagent:C:\Program Files\JetBrains\IntelliJ IDEA 2021.2.2\lib\idea_rt.jar=4365:C:\Program Files\JetBrains\IntelliJ IDEA 2021.2.2\bin -Dcom.sun.management.jmxremote -Dspring.jmx.enabled=true -Dspring.liveBeansView.mbeanDomain -Dspring.application.admin.enabled=true -Dfile.encoding=UTF-8 
java_command: uz.master.demotest.DemoTestApplication
java_class_path (initial): C:\Users\User\Desktop\AtomsProject\target\classes;C:\Users\User\.m2\repository\org\hibernate\validator\hibernate-validator\7.0.2.Final\hibernate-validator-7.0.2.Final.jar;C:\Users\User\.m2\repository\jakarta\validation\jakarta.validation-api\2.0.2\jakarta.validation-api-2.0.2.jar;C:\Users\User\.m2\repository\org\jboss\logging\jboss-logging\3.4.3.Final\jboss-logging-3.4.3.Final.jar;C:\Users\User\.m2\repository\com\fasterxml\classmate\1.5.1\classmate-1.5.1.jar;C:\Users\User\.m2\repository\org\springframework\boot\spring-boot-starter-security\2.6.3\spring-boot-starter-security-2.6.3.jar;C:\Users\User\.m2\repository\org\springframework\boot\spring-boot-starter\2.6.3\spring-boot-starter-2.6.3.jar;C:\Users\User\.m2\repository\org\springframework\boot\spring-boot\2.6.3\spring-boot-2.6.3.jar;C:\Users\User\.m2\repository\org\springframework\boot\spring-boot-autoconfigure\2.6.3\spring-boot-autoconfigure-2.6.3.jar;C:\Users\User\.m2\repository\org\springframework\boot\spring-boot-starter-logging\2.6.3\spring-boot-starter-logging-2.6.3.jar;C:\Users\User\.m2\repository\ch\qos\logback\logback-classic\1.2.10\logback-classic-1.2.10.jar;C:\Users\User\.m2\repository\ch\qos\logback\logback-core\1.2.10\logback-core-1.2.10.jar;C:\Users\User\.m2\repository\org\apache\logging\log4j\log4j-to-slf4j\2.17.1\log4j-to-slf4j-2.17.1.jar;C:\Users\User\.m2\repository\org\apache\logging\log4j\log4j-api\2.17.1\log4j-api-2.17.1.jar;C:\Users\User\.m2\repository\org\slf4j\jul-to-slf4j\1.7.33\jul-to-slf4j-1.7.33.jar;C:\Users\User\.m2\repository\jakarta\annotation\jakarta.annotation-api\1.3.5\jakarta.annotation-api-1.3.5.jar;C:\Users\User\.m2\repository\org\yaml\snakeyaml\1.29\snakeyaml-1.29.jar;C:\Users\User\.m2\repository\org\springframework\spring-aop\5.3.15\spring-aop-5.3.15.jar;C:\Users\User\.m2\repository\org\springframework\spring-beans\5.3.15\spring-beans-5.3.15.jar;C:\Users\User\.m2\repository\org\springframework\security\spring-security-config\5.6.1\spring-security-co
Launcher Type: SUN_STANDARD

[Global flags]
     intx CICompilerCount                          = 3                                         {product} {ergonomic}
     uint ConcGCThreads                            = 1                                         {product} {ergonomic}
     uint G1ConcRefinementThreads                  = 4                                         {product} {ergonomic}
   size_t G1HeapRegionSize                         = 2097152                                   {product} {ergonomic}
    uintx GCDrainStackTargetSize                   = 64                                        {product} {ergonomic}
   size_t InitialHeapSize                          = 199229440                                 {product} {ergonomic}
     bool ManagementServer                         = true                                      {product} {command line}
   size_t MarkStackSize                            = 4194304                                   {product} {ergonomic}
   size_t MaxHeapSize                              = 3164602368                                {product} {ergonomic}
   size_t MaxNewSize                               = 1897922560                                {product} {ergonomic}
   size_t MinHeapDeltaBytes                        = 2097152                                   {product} {ergonomic}
   size_t MinHeapSize                              = 8388608                                   {product} {ergonomic}
    uintx NonProfiledCodeHeapSize                  = 0                                      {pd product} {ergonomic}
     bool ProfileInterpreter                       = false                                  {pd product} {command line}
    uintx ProfiledCodeHeapSize                     = 0                                      {pd product} {ergonomic}
   size_t SoftMaxHeapSize                          = 3164602368                             {manageable} {ergonomic}
     intx TieredStopAtLevel                        = 1                                         {product} {command line}
     bool UseCompressedClassPointers               = true                           {product lp64_product} {ergonomic}
     bool UseCompressedOops                        = true                           {product lp64_product} {ergonomic}
     bool UseG1GC                                  = true                                      {product} {ergonomic}
     bool UseLargePagesIndividualAllocation        = false                                  {pd product} {ergonomic}

Logging:
Log output configuration:
 #0: stdout all=warning uptime,level,tags
 #1: stderr all=off uptime,level,tags

Environment Variables:
JAVA_HOME=C:\Program Files\Java\jdk-16.0.1
CLASSPATH=.;
PATH=C:\Program Files\Common Files\Oracle\Java\javapath;C:\Windows\system32;C:\Windows;C:\Windows\System32\Wbem;C:\Windows\System32\WindowsPowerShell\v1.0\;C:\Windows\System32\OpenSSH\;C:\Program Files (x86)\NVIDIA Corporation\PhysX\Common;C:\Program Files\NVIDIA Corporation\NVIDIA NvDLISR;C:\Program Files\Microsoft\Web Platform Installer\;C:\Program Files (x86)\Microsoft ASP.NET\ASP.NET Web Pages\v1.0\;C:\Program Files\Microsoft SQL Server\110\Tools\Binn\;C:\WINDOWS\system32;C:\WINDOWS;C:\WINDOWS\System32\Wbem;C:\WINDOWS\System32\WindowsPowerShell\v1.0\;C:\WINDOWS\System32\OpenSSH\;C:\Program Files (x86)\Windows Kits\8.0\Windows Performance Toolkit\;C:\Program Files (x86)\Microsoft SQL Server\100\Tools\Binn\;C:\Program Files\Microsoft SQL Server\100\Tools\Binn\;C:\Program Files\Microsoft SQL Server\100\DTS\Binn\;C:\Program Files\Java\jdk-16.0.1\bin;%MAVEN_HOME%\bin;C:\Program Files\Git\cmd;C:\Program Files\MongoDB\Server\4.4\bin;C:\Users\User\AppData\Local\Programs\Python\Python310\Scripts\;C:\Users\User\AppData\Local\Programs\Python\Python310\;c:\Program Files\Java\jdk-16.0.1\bin;C:\Program Files\JetBrains\IntelliJ IDEA 2021.2.2\bin;;C:\Program Files\JetBrains\PyCharm 2021.3.2\bin;;C:\Users\User\AppData\Local\Programs\Microsoft VS Code\bin
USERNAME=User
OS=Windows_NT
PROCESSOR_IDENTIFIER=Intel64 Family 6 Model 126 Stepping 5, GenuineIntel



---------------  S Y S T E M  ---------------

OS:
 Windows 10 , 64 bit Build 19041 (10.0.19041.1503)
OS uptime: 2 days 6:33 hours

CPU: total 4 (initial active 4) (2 cores per cpu, 2 threads per core) family 6 model 126 stepping 5 microcode 0x86, cx8, cmov, fxsr, ht, mmx, 3dnowpref, sse, sse2, sse3, ssse3, sse4.1, sse4.2, popcnt, lzcnt, tsc, tscinvbit, avx, avx2, aes, erms, clmul, bmi1, bmi2, adx, avx512f, avx512dq, avx512cd, avx512bw, avx512vl, sha, fma, vzeroupper, avx512_vpopcntdq, avx512_vpclmulqdq, avx512_vaes, avx512_vnni, clflush, clflushopt, avx512_vbmi2, avx512_vbmi

Memory: 4k page, system-wide physical 12065M (2286M free)
TotalPageFile size 12065M (AvailPageFile size 98M)
current process WorkingSet (physical memory assigned to process): 173M, peak: 201M
current process commit charge ("private bytes"): 206M, peak: 310M

vm_info: OpenJDK 64-Bit Server VM (17.0.1+12-39) for windows-amd64 JRE (17.0.1+12-39), built on Sep 27 2021 18:39:29 by "mach5one" with MS VC++ 16.8 (VS2019)

END.
