#
# There is insufficient memory for the Java Runtime Environment to continue.
# Native memory allocation (mmap) failed to map 65536 bytes for Failed to commit metaspace.
# Possible reasons:
#   The system is out of physical RAM or swap space
#   The process is running with CompressedOops enabled, and the Java Heap may be blocking the growth of the native heap
# Possible solutions:
#   Reduce memory load on the system
#   Increase physical memory or swap space
#   Check if swap backing store is full
#   Decrease Java heap size (-Xmx/-Xms)
#   Decrease number of Java threads
#   Decrease Java thread stack sizes (-Xss)
#   Set larger code cache with -XX:ReservedCodeCacheSize=
#   JVM is running with Zero Based Compressed Oops mode in which the Java heap is
#     placed in the first 32GB address space. The Java Heap base address is the
#     maximum limit for the native heap growth. Please use -XX:HeapBaseMinAddress
#     to set the Java Heap base and to place the Java Heap above 32GB virtual address.
# This output file may be truncated or incomplete.
#
#  Out of Memory Error (virtualSpaceNode.cpp:110), pid=12400, tid=13284
#
# JRE version: OpenJDK Runtime Environment (17.0.1+12) (build 17.0.1+12-39)
# Java VM: OpenJDK 64-Bit Server VM (17.0.1+12-39, mixed mode, emulated-client, sharing, tiered, compressed oops, compressed class ptrs, g1 gc, windows-amd64)
# No core dump will be written. Minidumps are not enabled by default on client versions of Windows
#

---------------  S U M M A R Y ------------

Command Line: -XX:TieredStopAtLevel=1 -Xverify:none -Dspring.output.ansi.enabled=always -javaagent:C:\Program Files\JetBrains\IntelliJ IDEA 2021.2.2\lib\idea_rt.jar=5006:C:\Program Files\JetBrains\IntelliJ IDEA 2021.2.2\bin -Dcom.sun.management.jmxremote -Dspring.jmx.enabled=true -Dspring.liveBeansView.mbeanDomain -Dspring.application.admin.enabled=true -Dfile.encoding=UTF-8 uz.master.demotest.DemoTestApplication

Host: Intel(R) Core(TM) i3-1005G1 CPU @ 1.20GHz, 4 cores, 11G,  Windows 10 , 64 bit Build 19041 (10.0.19041.1503)
Time: Fri Feb 25 17:09:22 2022 West Asia Standard Time elapsed time: 2.400493 seconds (0d 0h 0m 2s)

---------------  T H R E A D  ---------------

Current thread (0x0000016ba5cdfef0):  JavaThread "main" [_thread_in_vm, id=13284, stack(0x00000048ccc00000,0x00000048ccd00000)]

Stack: [0x00000048ccc00000,0x00000048ccd00000]
Native frames: (J=compiled Java code, j=interpreted, Vv=VM code, C=native code)
V  [jvm.dll+0x66fa1a]
V  [jvm.dll+0x7ce5a4]
V  [jvm.dll+0x7cfd4e]
V  [jvm.dll+0x7d03b3]
V  [jvm.dll+0x242b05]
V  [jvm.dll+0x7ca54b]
V  [jvm.dll+0x615b76]
V  [jvm.dll+0x1be19e]
V  [jvm.dll+0x6184b1]
V  [jvm.dll+0x616516]
V  [jvm.dll+0x2370cf]
V  [jvm.dll+0x620145]
V  [jvm.dll+0x1e7dcb]
V  [jvm.dll+0x1e8305]
V  [jvm.dll+0x1e8d3f]
V  [jvm.dll+0x1de1f1]
V  [jvm.dll+0x537690]
V  [jvm.dll+0x7496c8]
V  [jvm.dll+0x7497b4]
V  [jvm.dll+0x408995]
V  [jvm.dll+0x40e9e8]
C  [java.dll+0x17ec]

Java frames: (J=compiled Java code, j=interpreted, Vv=VM code)
J 1218  java.lang.ClassLoader.defineClass1(Ljava/lang/ClassLoader;Ljava/lang/String;[BIILjava/security/ProtectionDomain;Ljava/lang/String;)Ljava/lang/Class; java.base@17.0.1 (0 bytes) @ 0x0000016bad8bb2e3 [0x0000016bad8bb220+0x00000000000000c3]
J 1253 c1 java.lang.ClassLoader.defineClass(Ljava/lang/String;[BIILjava/security/ProtectionDomain;)Ljava/lang/Class; java.base@17.0.1 (43 bytes) @ 0x0000016bad8cb96c [0x0000016bad8cb860+0x000000000000010c]
J 1242 c1 jdk.internal.loader.BuiltinClassLoader.defineClass(Ljava/lang/String;Ljdk/internal/loader/Resource;)Ljava/lang/Class; java.base@17.0.1 (121 bytes) @ 0x0000016bad8c7d74 [0x0000016bad8c78a0+0x00000000000004d4]
J 1220 c1 jdk.internal.loader.BuiltinClassLoader.findClassOnClassPathOrNull(Ljava/lang/String;)Ljava/lang/Class; java.base@17.0.1 (64 bytes) @ 0x0000016bad8bc8c4 [0x0000016bad8bc600+0x00000000000002c4]
J 1063 c1 jdk.internal.loader.BuiltinClassLoader.loadClassOrNull(Ljava/lang/String;Z)Ljava/lang/Class; java.base@17.0.1 (143 bytes) @ 0x0000016bad873404 [0x0000016bad872f80+0x0000000000000484]
J 1155 c1 jdk.internal.loader.ClassLoaders$AppClassLoader.loadClass(Ljava/lang/String;Z)Ljava/lang/Class; java.base@17.0.1 (40 bytes) @ 0x0000016bad89dd2c [0x0000016bad89dbe0+0x000000000000014c]
J 1151 c1 java.lang.ClassLoader.loadClass(Ljava/lang/String;)Ljava/lang/Class; java.base@17.0.1 (7 bytes) @ 0x0000016bad89ce64 [0x0000016bad89ce20+0x0000000000000044]
v  ~StubRoutines::call_stub
j  org.springframework.expression.spel.support.StandardEvaluationContext.<init>(Ljava/lang/Object;)V+38
j  org.springframework.context.expression.StandardBeanExpressionResolver.evaluate(Ljava/lang/String;Lorg/springframework/beans/factory/config/BeanExpressionContext;)Ljava/lang/Object;+79
j  org.springframework.beans.factory.support.AbstractBeanFactory.evaluateBeanDefinitionString(Ljava/lang/String;Lorg/springframework/beans/factory/config/BeanDefinition;)Ljava/lang/Object;+49
j  org.springframework.beans.factory.support.BeanDefinitionValueResolver.doEvaluate(Ljava/lang/String;)Ljava/lang/Object;+9
j  org.springframework.beans.factory.support.BeanDefinitionValueResolver.resolveReference(Ljava/lang/Object;Lorg/springframework/beans/factory/config/RuntimeBeanReference;)Ljava/lang/Object;+149
j  org.springframework.beans.factory.support.BeanDefinitionValueResolver.resolveValueIfNecessary(Ljava/lang/Object;Ljava/lang/Object;)Ljava/lang/Object;+15
j  org.springframework.beans.factory.support.AbstractAutowireCapableBeanFactory.applyPropertyValues(Ljava/lang/String;Lorg/springframework/beans/factory/config/BeanDefinition;Lorg/springframework/beans/BeanWrapper;Lorg/springframework/beans/PropertyValues;)V+308
j  org.springframework.beans.factory.support.AbstractAutowireCapableBeanFactory.populateBean(Ljava/lang/String;Lorg/springframework/beans/factory/support/RootBeanDefinition;Lorg/springframework/beans/BeanWrapper;)V+368
j  org.springframework.beans.factory.support.AbstractAutowireCapableBeanFactory.doCreateBean(Ljava/lang/String;Lorg/springframework/beans/factory/support/RootBeanDefinition;[Ljava/lang/Object;)Ljava/lang/Object;+237
j  org.springframework.beans.factory.support.AbstractAutowireCapableBeanFactory.createBean(Ljava/lang/String;Lorg/springframework/beans/factory/support/RootBeanDefinition;[Ljava/lang/Object;)Ljava/lang/Object;+169
j  org.springframework.beans.factory.support.AbstractBeanFactory.lambda$doGetBean$0(Ljava/lang/String;Lorg/springframework/beans/factory/support/RootBeanDefinition;[Ljava/lang/Object;)Ljava/lang/Object;+4
j  org.springframework.beans.factory.support.AbstractBeanFactory$$Lambda$314+0x0000000800dc36d8.getObject()Ljava/lang/Object;+16
j  org.springframework.beans.factory.support.DefaultSingletonBeanRegistry.getSingleton(Ljava/lang/String;Lorg/springframework/beans/factory/ObjectFactory;)Ljava/lang/Object;+132
j  org.springframework.beans.factory.support.AbstractBeanFactory.doGetBean(Ljava/lang/String;Ljava/lang/Class;[Ljava/lang/Object;Z)Ljava/lang/Object;+513
j  org.springframework.beans.factory.support.AbstractBeanFactory.getBean(Ljava/lang/String;Ljava/lang/Class;)Ljava/lang/Object;+5
j  org.springframework.context.support.PostProcessorRegistrationDelegate.invokeBeanFactoryPostProcessors(Lorg/springframework/beans/factory/config/ConfigurableListableBeanFactory;Ljava/util/List;)V+184
j  org.springframework.context.support.AbstractApplicationContext.invokeBeanFactoryPostProcessors(Lorg/springframework/beans/factory/config/ConfigurableListableBeanFactory;)V+5
j  org.springframework.context.support.AbstractApplicationContext.refresh()V+53
j  org.springframework.boot.web.servlet.context.ServletWebServerApplicationContext.refresh()V+1
j  org.springframework.boot.SpringApplication.refresh(Lorg/springframework/context/ConfigurableApplicationContext;)V+1
j  org.springframework.boot.SpringApplication.refreshContext(Lorg/springframework/context/ConfigurableApplicationContext;)V+16
j  org.springframework.boot.SpringApplication.run([Ljava/lang/String;)Lorg/springframework/context/ConfigurableApplicationContext;+107
j  org.springframework.boot.SpringApplication.run([Ljava/lang/Class;[Ljava/lang/String;)Lorg/springframework/context/ConfigurableApplicationContext;+9
j  org.springframework.boot.SpringApplication.run(Ljava/lang/Class;[Ljava/lang/String;)Lorg/springframework/context/ConfigurableApplicationContext;+9
j  uz.master.demotest.DemoTestApplication.main([Ljava/lang/String;)V+3
v  ~StubRoutines::call_stub

---------------  P R O C E S S  ---------------

Threads class SMR info:
_java_thread_list=0x0000016bbaea7670, length=15, elements={
0x0000016ba5cdfef0, 0x0000016bb98984e0, 0x0000016bb9899090, 0x0000016bb98b0640,
0x0000016bb98b3100, 0x0000016bb98b3ab0, 0x0000016bb98b6470, 0x0000016bb98b6ed0,
0x0000016bb98b80d0, 0x0000016bb987f730, 0x0000016bb992d0f0, 0x0000016bb992d890,
0x0000016bba7fa490, 0x0000016bba7fa960, 0x0000016bbaa3b000
}

Java Threads: ( => current thread )
=>0x0000016ba5cdfef0 JavaThread "main" [_thread_in_vm, id=13284, stack(0x00000048ccc00000,0x00000048ccd00000)]
  0x0000016bb98984e0 JavaThread "Reference Handler" daemon [_thread_blocked, id=292, stack(0x00000048cd400000,0x00000048cd500000)]
  0x0000016bb9899090 JavaThread "Finalizer" daemon [_thread_blocked, id=10388, stack(0x00000048cd500000,0x00000048cd600000)]
  0x0000016bb98b0640 JavaThread "Signal Dispatcher" daemon [_thread_blocked, id=10076, stack(0x00000048cd600000,0x00000048cd700000)]
  0x0000016bb98b3100 JavaThread "Attach Listener" daemon [_thread_blocked, id=6988, stack(0x00000048cd700000,0x00000048cd800000)]
  0x0000016bb98b3ab0 JavaThread "Service Thread" daemon [_thread_blocked, id=10872, stack(0x00000048cd800000,0x00000048cd900000)]
  0x0000016bb98b6470 JavaThread "Monitor Deflation Thread" daemon [_thread_blocked, id=15792, stack(0x00000048cd900000,0x00000048cda00000)]
  0x0000016bb98b6ed0 JavaThread "C1 CompilerThread0" daemon [_thread_blocked, id=15872, stack(0x00000048cda00000,0x00000048cdb00000)]
  0x0000016bb98b80d0 JavaThread "Sweeper thread" daemon [_thread_blocked, id=14692, stack(0x00000048cdb00000,0x00000048cdc00000)]
  0x0000016bb987f730 JavaThread "Common-Cleaner" daemon [_thread_blocked, id=4236, stack(0x00000048cdc00000,0x00000048cdd00000)]
  0x0000016bb992d0f0 JavaThread "C1 CompilerThread1" daemon [_thread_blocked, id=8228, stack(0x00000048cdd00000,0x00000048cde00000)]
  0x0000016bb992d890 JavaThread "C1 CompilerThread2" daemon [_thread_blocked, id=14460, stack(0x00000048cde00000,0x00000048cdf00000)]
  0x0000016bba7fa490 JavaThread "Monitor Ctrl-Break" daemon [_thread_in_native, id=14260, stack(0x00000048cdf00000,0x00000048ce000000)]
  0x0000016bba7fa960 JavaThread "Notification Thread" daemon [_thread_blocked, id=2128, stack(0x00000048ce000000,0x00000048ce100000)]
  0x0000016bbaa3b000 JavaThread "RMI TCP Accept-0" daemon [_thread_in_native, id=15148, stack(0x00000048ce500000,0x00000048ce600000)]

Other Threads:
  0x0000016bb98929e0 VMThread "VM Thread" [stack: 0x00000048cd300000,0x00000048cd400000] [id=15856]
  0x0000016ba5ce0ea0 WatcherThread [stack: 0x00000048ce600000,0x00000048ce700000] [id=8828]
  0x0000016ba5d227c0 GCTaskThread "GC Thread#0" [stack: 0x00000048cce00000,0x00000048ccf00000] [id=13800]
  0x0000016bbaa30460 GCTaskThread "GC Thread#1" [stack: 0x00000048ce100000,0x00000048ce200000] [id=14056]
  0x0000016bbaa32b20 GCTaskThread "GC Thread#2" [stack: 0x00000048ce200000,0x00000048ce300000] [id=4540]
  0x0000016bbaa32dd0 GCTaskThread "GC Thread#3" [stack: 0x00000048ce300000,0x00000048ce400000] [id=12176]
  0x0000016ba5d2f390 ConcurrentGCThread "G1 Main Marker" [stack: 0x00000048ccf00000,0x00000048cd000000] [id=10164]
  0x0000016ba5d2fda0 ConcurrentGCThread "G1 Conc#0" [stack: 0x00000048cd000000,0x00000048cd100000] [id=11984]
  0x0000016ba5dad540 ConcurrentGCThread "G1 Refine#0" [stack: 0x00000048cd100000,0x00000048cd200000] [id=13140]
  0x0000016bbaa50600 ConcurrentGCThread "G1 Refine#1" [stack: 0x00000048ce400000,0x00000048ce500000] [id=9232]
  0x0000016ba5dadf60 ConcurrentGCThread "G1 Service" [stack: 0x00000048cd200000,0x00000048cd300000] [id=10180]

Threads with active compile tasks:

VM state: not at safepoint (normal execution)

VM Mutex/Monitor currently owned by a thread:  ([mutex/lock_event])
[0x0000016ba5cda380] Metaspace_lock - owner thread: 0x0000016ba5cdfef0

OutOfMemory and StackOverflow Exception counts:
OutOfMemoryError java_heap_errors=2
LinkageErrors=40

Heap address: 0x0000000743600000, size: 3018 MB, Compressed Oops mode: Zero based, Oop shift amount: 3

CDS archive(s) mapped at: [0x0000000800000000-0x0000000800bc0000-0x0000000800bc0000), size 12320768, SharedBaseAddress: 0x0000000800000000, ArchiveRelocationMode: 0.
Compressed class space mapped at: 0x0000000800c00000-0x0000000840c00000, reserved size: 1073741824
Narrow klass base: 0x0000000800000000, Narrow klass shift: 0, Narrow klass range: 0x100000000

GC Precious Log:
 CPUs: 4 total, 4 available
 Memory: 12065M
 Large Page Support: Disabled
 NUMA Support: Disabled
 Compressed Oops: Enabled (Zero based)
 Heap Region Size: 2M
 Heap Min Capacity: 8M
 Heap Initial Capacity: 190M
 Heap Max Capacity: 3018M
 Pre-touch: Disabled
 Parallel Workers: 4
 Concurrent Workers: 1
 Concurrent Refinement Workers: 4
 Periodic GC: Disabled

Heap:
 garbage-first heap   total 194560K, used 21991K [0x0000000743600000, 0x0000000800000000)
  region size 2048K, 9 young (18432K), 2 survivors (4096K)
 Metaspace       used 13193K, committed 13376K, reserved 1064960K
  class space    used 1739K, committed 1856K, reserved 1048576K

Heap Regions: E=young(eden), S=young(survivor), O=old, HS=humongous(starts), HC=humongous(continues), CS=collection set, F=free, OA=open archive, CA=closed archive, TAMS=top-at-mark-start (previous, next)
|   0|0x0000000743600000, 0x0000000743800000, 0x0000000743800000|100%| O|  |TAMS 0x0000000743600000, 0x0000000743600000| Untracked 
|   1|0x0000000743800000, 0x0000000743a00000, 0x0000000743a00000|100%| O|  |TAMS 0x0000000743800000, 0x0000000743800000| Untracked 
|   2|0x0000000743a00000, 0x0000000743c00000, 0x0000000743c00000|100%| O|  |TAMS 0x0000000743a00000, 0x0000000743a00000| Untracked 
|   3|0x0000000743c00000, 0x0000000743ce0200, 0x0000000743e00000| 43%| O|  |TAMS 0x0000000743c00000, 0x0000000743c00000| Untracked 
|   4|0x0000000743e00000, 0x0000000743e00000, 0x0000000744000000|  0%| F|  |TAMS 0x0000000743e00000, 0x0000000743e00000| Untracked 
|   5|0x0000000744000000, 0x0000000744000000, 0x0000000744200000|  0%| F|  |TAMS 0x0000000744000000, 0x0000000744000000| Untracked 
|   6|0x0000000744200000, 0x0000000744200000, 0x0000000744400000|  0%| F|  |TAMS 0x0000000744200000, 0x0000000744200000| Untracked 
|   7|0x0000000744400000, 0x0000000744400000, 0x0000000744600000|  0%| F|  |TAMS 0x0000000744400000, 0x0000000744400000| Untracked 
|   8|0x0000000744600000, 0x0000000744600000, 0x0000000744800000|  0%| F|  |TAMS 0x0000000744600000, 0x0000000744600000| Untracked 
|   9|0x0000000744800000, 0x0000000744800000, 0x0000000744a00000|  0%| F|  |TAMS 0x0000000744800000, 0x0000000744800000| Untracked 
|  10|0x0000000744a00000, 0x0000000744a00000, 0x0000000744c00000|  0%| F|  |TAMS 0x0000000744a00000, 0x0000000744a00000| Untracked 
|  11|0x0000000744c00000, 0x0000000744c00000, 0x0000000744e00000|  0%| F|  |TAMS 0x0000000744c00000, 0x0000000744c00000| Untracked 
|  12|0x0000000744e00000, 0x0000000744e00000, 0x0000000745000000|  0%| F|  |TAMS 0x0000000744e00000, 0x0000000744e00000| Untracked 
|  13|0x0000000745000000, 0x0000000745000000, 0x0000000745200000|  0%| F|  |TAMS 0x0000000745000000, 0x0000000745000000| Untracked 
|  14|0x0000000745200000, 0x0000000745200000, 0x0000000745400000|  0%| F|  |TAMS 0x0000000745200000, 0x0000000745200000| Untracked 
|  15|0x0000000745400000, 0x0000000745400000, 0x0000000745600000|  0%| F|  |TAMS 0x0000000745400000, 0x0000000745400000| Untracked 
|  16|0x0000000745600000, 0x0000000745600000, 0x0000000745800000|  0%| F|  |TAMS 0x0000000745600000, 0x0000000745600000| Untracked 
|  17|0x0000000745800000, 0x0000000745800000, 0x0000000745a00000|  0%| F|  |TAMS 0x0000000745800000, 0x0000000745800000| Untracked 
|  18|0x0000000745a00000, 0x0000000745a00000, 0x0000000745c00000|  0%| F|  |TAMS 0x0000000745a00000, 0x0000000745a00000| Untracked 
|  19|0x0000000745c00000, 0x0000000745c00000, 0x0000000745e00000|  0%| F|  |TAMS 0x0000000745c00000, 0x0000000745c00000| Untracked 
|  20|0x0000000745e00000, 0x0000000745e00000, 0x0000000746000000|  0%| F|  |TAMS 0x0000000745e00000, 0x0000000745e00000| Untracked 
|  21|0x0000000746000000, 0x0000000746000000, 0x0000000746200000|  0%| F|  |TAMS 0x0000000746000000, 0x0000000746000000| Untracked 
|  22|0x0000000746200000, 0x0000000746200000, 0x0000000746400000|  0%| F|  |TAMS 0x0000000746200000, 0x0000000746200000| Untracked 
|  23|0x0000000746400000, 0x0000000746400000, 0x0000000746600000|  0%| F|  |TAMS 0x0000000746400000, 0x0000000746400000| Untracked 
|  24|0x0000000746600000, 0x0000000746600000, 0x0000000746800000|  0%| F|  |TAMS 0x0000000746600000, 0x0000000746600000| Untracked 
|  25|0x0000000746800000, 0x0000000746800000, 0x0000000746a00000|  0%| F|  |TAMS 0x0000000746800000, 0x0000000746800000| Untracked 
|  26|0x0000000746a00000, 0x0000000746a00000, 0x0000000746c00000|  0%| F|  |TAMS 0x0000000746a00000, 0x0000000746a00000| Untracked 
|  27|0x0000000746c00000, 0x0000000746c00000, 0x0000000746e00000|  0%| F|  |TAMS 0x0000000746c00000, 0x0000000746c00000| Untracked 
|  28|0x0000000746e00000, 0x0000000746e00000, 0x0000000747000000|  0%| F|  |TAMS 0x0000000746e00000, 0x0000000746e00000| Untracked 
|  29|0x0000000747000000, 0x0000000747000000, 0x0000000747200000|  0%| F|  |TAMS 0x0000000747000000, 0x0000000747000000| Untracked 
|  30|0x0000000747200000, 0x0000000747200000, 0x0000000747400000|  0%| F|  |TAMS 0x0000000747200000, 0x0000000747200000| Untracked 
|  31|0x0000000747400000, 0x0000000747400000, 0x0000000747600000|  0%| F|  |TAMS 0x0000000747400000, 0x0000000747400000| Untracked 
|  32|0x0000000747600000, 0x0000000747600000, 0x0000000747800000|  0%| F|  |TAMS 0x0000000747600000, 0x0000000747600000| Untracked 
|  33|0x0000000747800000, 0x0000000747800000, 0x0000000747a00000|  0%| F|  |TAMS 0x0000000747800000, 0x0000000747800000| Untracked 
|  34|0x0000000747a00000, 0x0000000747a00000, 0x0000000747c00000|  0%| F|  |TAMS 0x0000000747a00000, 0x0000000747a00000| Untracked 
|  35|0x0000000747c00000, 0x0000000747c00000, 0x0000000747e00000|  0%| F|  |TAMS 0x0000000747c00000, 0x0000000747c00000| Untracked 
|  36|0x0000000747e00000, 0x0000000747e00000, 0x0000000748000000|  0%| F|  |TAMS 0x0000000747e00000, 0x0000000747e00000| Untracked 
|  37|0x0000000748000000, 0x0000000748000000, 0x0000000748200000|  0%| F|  |TAMS 0x0000000748000000, 0x0000000748000000| Untracked 
|  38|0x0000000748200000, 0x0000000748200000, 0x0000000748400000|  0%| F|  |TAMS 0x0000000748200000, 0x0000000748200000| Untracked 
|  39|0x0000000748400000, 0x0000000748400000, 0x0000000748600000|  0%| F|  |TAMS 0x0000000748400000, 0x0000000748400000| Untracked 
|  40|0x0000000748600000, 0x0000000748600000, 0x0000000748800000|  0%| F|  |TAMS 0x0000000748600000, 0x0000000748600000| Untracked 
|  41|0x0000000748800000, 0x0000000748800000, 0x0000000748a00000|  0%| F|  |TAMS 0x0000000748800000, 0x0000000748800000| Untracked 
|  42|0x0000000748a00000, 0x0000000748a00000, 0x0000000748c00000|  0%| F|  |TAMS 0x0000000748a00000, 0x0000000748a00000| Untracked 
|  43|0x0000000748c00000, 0x0000000748c00000, 0x0000000748e00000|  0%| F|  |TAMS 0x0000000748c00000, 0x0000000748c00000| Untracked 
|  44|0x0000000748e00000, 0x0000000748e00000, 0x0000000749000000|  0%| F|  |TAMS 0x0000000748e00000, 0x0000000748e00000| Untracked 
|  45|0x0000000749000000, 0x0000000749000000, 0x0000000749200000|  0%| F|  |TAMS 0x0000000749000000, 0x0000000749000000| Untracked 
|  46|0x0000000749200000, 0x0000000749200000, 0x0000000749400000|  0%| F|  |TAMS 0x0000000749200000, 0x0000000749200000| Untracked 
|  47|0x0000000749400000, 0x0000000749400000, 0x0000000749600000|  0%| F|  |TAMS 0x0000000749400000, 0x0000000749400000| Untracked 
|  48|0x0000000749600000, 0x0000000749600000, 0x0000000749800000|  0%| F|  |TAMS 0x0000000749600000, 0x0000000749600000| Untracked 
|  49|0x0000000749800000, 0x0000000749800000, 0x0000000749a00000|  0%| F|  |TAMS 0x0000000749800000, 0x0000000749800000| Untracked 
|  50|0x0000000749a00000, 0x0000000749a00000, 0x0000000749c00000|  0%| F|  |TAMS 0x0000000749a00000, 0x0000000749a00000| Untracked 
|  51|0x0000000749c00000, 0x0000000749c00000, 0x0000000749e00000|  0%| F|  |TAMS 0x0000000749c00000, 0x0000000749c00000| Untracked 
|  52|0x0000000749e00000, 0x0000000749e00000, 0x000000074a000000|  0%| F|  |TAMS 0x0000000749e00000, 0x0000000749e00000| Untracked 
|  53|0x000000074a000000, 0x000000074a000000, 0x000000074a200000|  0%| F|  |TAMS 0x000000074a000000, 0x000000074a000000| Untracked 
|  54|0x000000074a200000, 0x000000074a200000, 0x000000074a400000|  0%| F|  |TAMS 0x000000074a200000, 0x000000074a200000| Untracked 
|  55|0x000000074a400000, 0x000000074a400000, 0x000000074a600000|  0%| F|  |TAMS 0x000000074a400000, 0x000000074a400000| Untracked 
|  56|0x000000074a600000, 0x000000074a600000, 0x000000074a800000|  0%| F|  |TAMS 0x000000074a600000, 0x000000074a600000| Untracked 
|  57|0x000000074a800000, 0x000000074a800000, 0x000000074aa00000|  0%| F|  |TAMS 0x000000074a800000, 0x000000074a800000| Untracked 
|  58|0x000000074aa00000, 0x000000074aa00000, 0x000000074ac00000|  0%| F|  |TAMS 0x000000074aa00000, 0x000000074aa00000| Untracked 
|  59|0x000000074ac00000, 0x000000074ac00000, 0x000000074ae00000|  0%| F|  |TAMS 0x000000074ac00000, 0x000000074ac00000| Untracked 
|  60|0x000000074ae00000, 0x000000074ae00000, 0x000000074b000000|  0%| F|  |TAMS 0x000000074ae00000, 0x000000074ae00000| Untracked 
|  61|0x000000074b000000, 0x000000074b000000, 0x000000074b200000|  0%| F|  |TAMS 0x000000074b000000, 0x000000074b000000| Untracked 
|  62|0x000000074b200000, 0x000000074b200000, 0x000000074b400000|  0%| F|  |TAMS 0x000000074b200000, 0x000000074b200000| Untracked 
|  63|0x000000074b400000, 0x000000074b400000, 0x000000074b600000|  0%| F|  |TAMS 0x000000074b400000, 0x000000074b400000| Untracked 
|  64|0x000000074b600000, 0x000000074b600000, 0x000000074b800000|  0%| F|  |TAMS 0x000000074b600000, 0x000000074b600000| Untracked 
|  65|0x000000074b800000, 0x000000074b800000, 0x000000074ba00000|  0%| F|  |TAMS 0x000000074b800000, 0x000000074b800000| Untracked 
|  66|0x000000074ba00000, 0x000000074ba00000, 0x000000074bc00000|  0%| F|  |TAMS 0x000000074ba00000, 0x000000074ba00000| Untracked 
|  67|0x000000074bc00000, 0x000000074bc00000, 0x000000074be00000|  0%| F|  |TAMS 0x000000074bc00000, 0x000000074bc00000| Untracked 
|  68|0x000000074be00000, 0x000000074be00000, 0x000000074c000000|  0%| F|  |TAMS 0x000000074be00000, 0x000000074be00000| Untracked 
|  69|0x000000074c000000, 0x000000074c000000, 0x000000074c200000|  0%| F|  |TAMS 0x000000074c000000, 0x000000074c000000| Untracked 
|  70|0x000000074c200000, 0x000000074c200000, 0x000000074c400000|  0%| F|  |TAMS 0x000000074c200000, 0x000000074c200000| Untracked 
|  71|0x000000074c400000, 0x000000074c400000, 0x000000074c600000|  0%| F|  |TAMS 0x000000074c400000, 0x000000074c400000| Untracked 
|  72|0x000000074c600000, 0x000000074c600000, 0x000000074c800000|  0%| F|  |TAMS 0x000000074c600000, 0x000000074c600000| Untracked 
|  73|0x000000074c800000, 0x000000074c800000, 0x000000074ca00000|  0%| F|  |TAMS 0x000000074c800000, 0x000000074c800000| Untracked 
|  74|0x000000074ca00000, 0x000000074ca00000, 0x000000074cc00000|  0%| F|  |TAMS 0x000000074ca00000, 0x000000074ca00000| Untracked 
|  75|0x000000074cc00000, 0x000000074cc00000, 0x000000074ce00000|  0%| F|  |TAMS 0x000000074cc00000, 0x000000074cc00000| Untracked 
|  76|0x000000074ce00000, 0x000000074ce00000, 0x000000074d000000|  0%| F|  |TAMS 0x000000074ce00000, 0x000000074ce00000| Untracked 
|  77|0x000000074d000000, 0x000000074d000000, 0x000000074d200000|  0%| F|  |TAMS 0x000000074d000000, 0x000000074d000000| Untracked 
|  78|0x000000074d200000, 0x000000074d200000, 0x000000074d400000|  0%| F|  |TAMS 0x000000074d200000, 0x000000074d200000| Untracked 
|  79|0x000000074d400000, 0x000000074d400000, 0x000000074d600000|  0%| F|  |TAMS 0x000000074d400000, 0x000000074d400000| Untracked 
|  80|0x000000074d600000, 0x000000074d600000, 0x000000074d800000|  0%| F|  |TAMS 0x000000074d600000, 0x000000074d600000| Untracked 
|  81|0x000000074d800000, 0x000000074d800000, 0x000000074da00000|  0%| F|  |TAMS 0x000000074d800000, 0x000000074d800000| Untracked 
|  82|0x000000074da00000, 0x000000074da99bb8, 0x000000074dc00000| 30%| S|CS|TAMS 0x000000074da00000, 0x000000074da00000| Complete 
|  83|0x000000074dc00000, 0x000000074de00000, 0x000000074de00000|100%| S|CS|TAMS 0x000000074dc00000, 0x000000074dc00000| Complete 
|  84|0x000000074de00000, 0x000000074de00000, 0x000000074e000000|  0%| F|  |TAMS 0x000000074de00000, 0x000000074de00000| Untracked 
|  85|0x000000074e000000, 0x000000074e000000, 0x000000074e200000|  0%| F|  |TAMS 0x000000074e000000, 0x000000074e000000| Untracked 
|  86|0x000000074e200000, 0x000000074e200000, 0x000000074e400000|  0%| F|  |TAMS 0x000000074e200000, 0x000000074e200000| Untracked 
|  87|0x000000074e400000, 0x000000074e400000, 0x000000074e600000|  0%| F|  |TAMS 0x000000074e400000, 0x000000074e400000| Untracked 
|  88|0x000000074e600000, 0x000000074e702470, 0x000000074e800000| 50%| E|  |TAMS 0x000000074e600000, 0x000000074e600000| Complete 
|  89|0x000000074e800000, 0x000000074ea00000, 0x000000074ea00000|100%| E|CS|TAMS 0x000000074e800000, 0x000000074e800000| Complete 
|  90|0x000000074ea00000, 0x000000074ec00000, 0x000000074ec00000|100%| E|CS|TAMS 0x000000074ea00000, 0x000000074ea00000| Complete 
|  91|0x000000074ec00000, 0x000000074ee00000, 0x000000074ee00000|100%| E|CS|TAMS 0x000000074ec00000, 0x000000074ec00000| Complete 
|  92|0x000000074ee00000, 0x000000074f000000, 0x000000074f000000|100%| E|CS|TAMS 0x000000074ee00000, 0x000000074ee00000| Complete 
|  93|0x000000074f000000, 0x000000074f200000, 0x000000074f200000|100%| E|CS|TAMS 0x000000074f000000, 0x000000074f000000| Complete 
|  94|0x000000074f200000, 0x000000074f400000, 0x000000074f400000|100%| E|CS|TAMS 0x000000074f200000, 0x000000074f200000| Complete 

Card table byte_map: [0x0000016bb0ac0000,0x0000016bb10b0000] _byte_map_base: 0x0000016bad0a5000

Marking Bits (Prev, Next): (CMBitMap*) 0x0000016ba5d22dd0, (CMBitMap*) 0x0000016ba5d22e10
 Prev Bits: [0x0000016bb16a0000, 0x0000016bb45c8000)
 Next Bits: [0x0000016bb45d0000, 0x0000016bb74f8000)

Polling page: 0x0000016ba3ae0000

Metaspace:

Usage:
  Non-class:     11.18 MB used.
      Class:      1.70 MB used.
       Both:     12.88 MB used.

Virtual space:
  Non-class space:       16.00 MB reserved,      11.25 MB ( 70%) committed,  2 nodes.
      Class space:        1.00 GB reserved,       1.81 MB ( <1%) committed,  1 nodes.
             Both:        1.02 GB reserved,      13.06 MB (  1%) committed. 

Chunk freelists:
   Non-Class:  688.00 KB
       Class:  2.22 MB
        Both:  2.89 MB

MaxMetaspaceSize: unlimited
CompressedClassSpaceSize: 1.00 GB
Initial GC threshold: 21.00 MB
Current GC threshold: 21.00 MB
CDS: on
MetaspaceReclaimPolicy: balanced
 - commit_granule_bytes: 65536.
 - commit_granule_words: 8192.
 - virtual_space_node_default_size: 1048576.
 - enlarge_chunks_in_place: 1.
 - new_chunks_are_fully_committed: 0.
 - uncommit_free_chunks: 1.
 - use_allocation_guard: 0.
 - handle_deallocations: 1.


Internal statistics:

num_allocs_failed_limit: 0.
num_arena_births: 196.
num_arena_deaths: 0.
num_vsnodes_births: 3.
num_vsnodes_deaths: 0.
num_space_committed: 209.
num_space_uncommitted: 0.
num_chunks_returned_to_freelist: 0.
num_chunks_taken_from_freelist: 531.
num_chunk_merges: 0.
num_chunk_splits: 364.
num_chunks_enlarged: 281.
num_purges: 0.
num_inconsistent_stats: 0.

CodeCache: size=49152Kb used=5193Kb max_used=5193Kb free=43958Kb
 bounds [0x0000016bad4d0000, 0x0000016bad9f0000, 0x0000016bb04d0000]
 total_blobs=2428 nmethods=1963 adapters=390
 compilation: disabled (not enough contiguous free space left)
              stopped_count=1, restarted_count=0
 full_count=1

Compilation events (20 events):
Event: 2.374 Thread 0x0000016bb992d0f0 1955       1       java.nio.HeapByteBuffer::ix (7 bytes)
Event: 2.374 Thread 0x0000016bb992d0f0 nmethod 1955 0x0000016bad9dcb10 code [0x0000016bad9dcca0, 0x0000016bad9dcd78]
Event: 2.374 Thread 0x0000016bb98b6ed0 1956       1       sun.reflect.annotation.AnnotationParser::toArray (18 bytes)
Event: 2.374 Thread 0x0000016bb98b6ed0 nmethod 1956 0x0000016bad9dce10 code [0x0000016bad9dcfc0, 0x0000016bad9dd118]
Event: 2.374 Thread 0x0000016bb992d890 1957       1       java.lang.reflect.Method::hashCode (19 bytes)
Event: 2.375 Thread 0x0000016bb992d890 nmethod 1957 0x0000016bad9dd210 code [0x0000016bad9dd3c0, 0x0000016bad9dd528]
Event: 2.375 Thread 0x0000016bb992d890 1958       1       java.util.Collections$EmptyMap::values (4 bytes)
Event: 2.375 Thread 0x0000016bb98b6ed0 1959       1       java.util.Collections$EmptySet::toArray (11 bytes)
Event: 2.375 Thread 0x0000016bb992d890 nmethod 1958 0x0000016bad9dd690 code [0x0000016bad9dd820, 0x0000016bad9dd8f8]
Event: 2.375 Thread 0x0000016bb98b6ed0 nmethod 1959 0x0000016bad9dd990 code [0x0000016bad9ddb20, 0x0000016bad9ddc58]
Event: 2.376 Thread 0x0000016bb98b6ed0 1960   !   1       java.lang.invoke.InnerClassLambdaMetafactory::generateInnerClass (618 bytes)
Event: 2.376 Thread 0x0000016bb992d0f0 1961       1       java.lang.invoke.InnerClassLambdaMetafactory::generateConstructor (154 bytes)
Event: 2.376 Thread 0x0000016bb992d890 1962       1       java.lang.invoke.InnerClassLambdaMetafactory$ForwardingMethodGenerator::<init> (11 bytes)
Event: 2.376 Thread 0x0000016bb992d890 nmethod 1962 0x0000016bad9ddd10 code [0x0000016bad9ddea0, 0x0000016bad9ddfc8]
Event: 2.376 Thread 0x0000016bb992d890 1963       1       java.lang.invoke.InnerClassLambdaMetafactory$ForwardingMethodGenerator::generate (272 bytes)
Event: 2.377 Thread 0x0000016bb992d0f0 nmethod 1961 0x0000016bad9de090 code [0x0000016bad9de300, 0x0000016bad9de948]
Event: 2.377 Thread 0x0000016bb992d0f0 1964       1       java.lang.invoke.InnerClassLambdaMetafactory$ForwardingMethodGenerator::convertArgumentTypes (96 bytes)
Event: 2.377 Thread 0x0000016bb992d890 nmethod 1963 0x0000016bad9ded10 code [0x0000016bad9defe0, 0x0000016bad9df8e8]
Event: 2.377 Thread 0x0000016bb992d0f0 

Event: 2.378 Thread 0x0000016bb98b6ed0 nmethod 1960 0x0000016bad9dff10 code [0x0000016bad9e0300, 0x0000016bad9e1958]

GC Heap History (6 events):
Event: 1.248 GC heap before
{Heap before GC invocations=0 (full 0):
 garbage-first heap   total 194560K, used 12288K [0x0000000743600000, 0x0000000800000000)
  region size 2048K, 6 young (12288K), 0 survivors (0K)
 Metaspace       used 3556K, committed 3776K, reserved 1056768K
  class space    used 420K, committed 512K, reserved 1048576K
}
Event: 1.256 GC heap after
{Heap after GC invocations=1 (full 0):
 garbage-first heap   total 194560K, used 6467K [0x0000000743600000, 0x0000000800000000)
  region size 2048K, 1 young (2048K), 1 survivors (2048K)
 Metaspace       used 3556K, committed 3776K, reserved 1056768K
  class space    used 420K, committed 512K, reserved 1048576K
}
Event: 1.700 GC heap before
{Heap before GC invocations=1 (full 0):
 garbage-first heap   total 194560K, used 12611K [0x0000000743600000, 0x0000000800000000)
  region size 2048K, 4 young (8192K), 1 survivors (2048K)
 Metaspace       used 5565K, committed 5760K, reserved 1056768K
  class space    used 657K, committed 768K, reserved 1048576K
}
Event: 1.703 GC heap after
{Heap after GC invocations=2 (full 0):
 garbage-first heap   total 194560K, used 8117K [0x0000000743600000, 0x0000000800000000)
  region size 2048K, 1 young (2048K), 1 survivors (2048K)
 Metaspace       used 5565K, committed 5760K, reserved 1056768K
  class space    used 657K, committed 768K, reserved 1048576K
}
Event: 2.302 GC heap before
{Heap before GC invocations=2 (full 0):
 garbage-first heap   total 194560K, used 28597K [0x0000000743600000, 0x0000000800000000)
  region size 2048K, 11 young (22528K), 1 survivors (2048K)
 Metaspace       used 10176K, committed 10432K, reserved 1064960K
  class space    used 1387K, committed 1472K, reserved 1048576K
}
Event: 2.306 GC heap after
{Heap after GC invocations=3 (full 0):
 garbage-first heap   total 194560K, used 9703K [0x0000000743600000, 0x0000000800000000)
  region size 2048K, 2 young (4096K), 2 survivors (4096K)
 Metaspace       used 10176K, committed 10432K, reserved 1064960K
  class space    used 1387K, committed 1472K, reserved 1048576K
}

Deoptimization events (4 events):
Event: 1.767 Thread 0x0000016ba5cdfef0 DEOPT PACKING pc=0x0000016bad7bd501 sp=0x00000048cccfdb90
Event: 1.767 Thread 0x0000016ba5cdfef0 DEOPT UNPACKING pc=0x0000016bad526763 sp=0x00000048cccfcfe8 mode 3
Event: 2.369 Thread 0x0000016ba5cdfef0 DEOPT PACKING pc=0x0000016bad9d5c79 sp=0x00000048cccfd640
Event: 2.369 Thread 0x0000016ba5cdfef0 DEOPT UNPACKING pc=0x0000016bad526763 sp=0x00000048cccfcb20 mode 3

Classes unloaded (0 events):
No events

Classes redefined (0 events):
No events

Internal exceptions (20 events):
Event: 2.049 Thread 0x0000016ba5cdfef0 Exception <a 'java/lang/NoSuchMethodError'{0x000000074e6adda8}: 'java.lang.Object java.lang.invoke.DirectMethodHandle$Holder.invokeSpecial(java.lang.Object, java.lang.Object, java.lang.Object, java.lang.Object, java.lang.Object, java.lang.Object, java.lang.Object, int)'> (0x000000074e6adda8) 
thrown [t:\workspace\open\src\hotspot\share\interpreter\linkResolver.cpp, line 766]
Event: 2.111 Thread 0x0000016ba5cdfef0 Exception <a 'java/lang/NoSuchMethodError'{0x000000074e41f600}: 'void java.lang.invoke.DirectMethodHandle$Holder.invokeSpecial(java.lang.Object, java.lang.Object, java.lang.Object, java.lang.Object, java.lang.Object)'> (0x000000074e41f600) 
thrown [t:\workspace\open\src\hotspot\share\interpreter\linkResolver.cpp, line 766]
Event: 2.164 Thread 0x0000016ba5cdfef0 Exception <a 'java/lang/NoSuchMethodError'{0x000000074e212140}: 'void java.lang.invoke.DirectMethodHandle$Holder.invokeSpecial(java.lang.Object, java.lang.Object, java.lang.Object, java.lang.Object, java.lang.Object, java.lang.Object)'> (0x000000074e212140) 
thrown [t:\workspace\open\src\hotspot\share\interpreter\linkResolver.cpp, line 766]
Event: 2.176 Thread 0x0000016ba5cdfef0 Exception <a 'java/lang/NoSuchMethodError'{0x000000074e294e70}: 'java.lang.Object java.lang.invoke.DirectMethodHandle$Holder.invokeSpecial(java.lang.Object, java.lang.Object, java.lang.Object, int, java.lang.Object)'> (0x000000074e294e70) 
thrown [t:\workspace\open\src\hotspot\share\interpreter\linkResolver.cpp, line 766]
Event: 2.176 Thread 0x0000016ba5cdfef0 Exception <a 'java/lang/NoSuchMethodError'{0x000000074e29d4d8}: 'java.lang.Object java.lang.invoke.DirectMethodHandle$Holder.newInvokeSpecial(java.lang.Object, java.lang.Object, java.lang.Object, int, java.lang.Object)'> (0x000000074e29d4d8) 
thrown [t:\workspace\open\src\hotspot\share\interpreter\linkResolver.cpp, line 766]
Event: 2.176 Thread 0x0000016ba5cdfef0 Exception <a 'java/lang/NoSuchMethodError'{0x000000074e2a4ea8}: 'java.lang.Object java.lang.invoke.Invokers$Holder.linkToTargetMethod(java.lang.Object, java.lang.Object, int, java.lang.Object, java.lang.Object)'> (0x000000074e2a4ea8) 
thrown [t:\workspace\open\src\hotspot\share\interpreter\linkResolver.cpp, line 766]
Event: 2.177 Thread 0x0000016ba5cdfef0 Exception <a 'java/lang/NoSuchMethodError'{0x000000074e2b3ea0}: 'java.lang.Object java.lang.invoke.DirectMethodHandle$Holder.newInvokeSpecial(java.lang.Object, int, java.lang.Object)'> (0x000000074e2b3ea0) 
thrown [t:\workspace\open\src\hotspot\share\interpreter\linkResolver.cpp, line 766]
Event: 2.178 Thread 0x0000016ba5cdfef0 Exception <a 'java/lang/NoSuchMethodError'{0x000000074e2b88e0}: 'int java.lang.invoke.DirectMethodHandle$Holder.invokeSpecialIFC(java.lang.Object, java.lang.Object, java.lang.Object, java.lang.Object)'> (0x000000074e2b88e0) 
thrown [t:\workspace\open\src\hotspot\share\interpreter\linkResolver.cpp, line 766]
Event: 2.209 Thread 0x0000016ba5cdfef0 Exception <a 'java/lang/NoSuchMethodError'{0x000000074e373940}: 'java.lang.Object java.lang.invoke.DirectMethodHandle$Holder.invokeInterface(java.lang.Object, java.lang.Object)'> (0x000000074e373940) 
thrown [t:\workspace\open\src\hotspot\share\interpreter\linkResolver.cpp, line 766]
Event: 2.216 Thread 0x0000016ba5cdfef0 Exception <a 'java/lang/NoSuchMethodError'{0x000000074e3843a0}: 'void java.lang.invoke.DirectMethodHandle$Holder.invokeInterface(java.lang.Object, java.lang.Object, java.lang.Object)'> (0x000000074e3843a0) 
thrown [t:\workspace\open\src\hotspot\share\interpreter\linkResolver.cpp, line 766]
Event: 2.245 Thread 0x0000016ba5cdfef0 Exception <a 'java/lang/NoSuchMethodError'{0x000000074e08a368}: 'void java.lang.invoke.DirectMethodHandle$Holder.invokeStatic(java.lang.Object, java.lang.Object, int)'> (0x000000074e08a368) 
thrown [t:\workspace\open\src\hotspot\share\interpreter\linkResolver.cpp, line 766]
Event: 2.247 Thread 0x0000016ba5cdfef0 Exception <a 'java/lang/NoSuchMethodError'{0x000000074e092058}: 'void java.lang.invoke.DirectMethodHandle$Holder.invokeStaticInit(java.lang.Object, java.lang.Object)'> (0x000000074e092058) 
thrown [t:\workspace\open\src\hotspot\share\interpreter\linkResolver.cpp, line 766]
Event: 2.249 Thread 0x0000016ba5cdfef0 Exception <a 'java/lang/NoSuchMethodError'{0x000000074e0ab158}: 'void java.lang.invoke.DirectMethodHandle$Holder.invokeStaticInit(java.lang.Object, java.lang.Object, java.lang.Object)'> (0x000000074e0ab158) 
thrown [t:\workspace\open\src\hotspot\share\interpreter\linkResolver.cpp, line 766]
Event: 2.261 Thread 0x0000016ba5cdfef0 Exception <a 'java/lang/NoSuchMethodError'{0x000000074e11b0c8}: 'void java.lang.invoke.DirectMethodHandle$Holder.invokeVirtual(java.lang.Object, java.lang.Object, java.lang.Object, java.lang.Object)'> (0x000000074e11b0c8) 
thrown [t:\workspace\open\src\hotspot\share\interpreter\linkResolver.cpp, line 766]
Event: 2.283 Thread 0x0000016ba5cdfef0 Exception <a 'java/lang/NoSuchMethodError'{0x000000074de353d8}: 'void java.lang.invoke.DirectMethodHandle$Holder.invokeSpecial(java.lang.Object, java.lang.Object, java.lang.Object)'> (0x000000074de353d8) 
thrown [t:\workspace\open\src\hotspot\share\interpreter\linkResolver.cpp, line 766]
Event: 2.316 Thread 0x0000016bbaec9810 Exception <a 'java/lang/NoSuchMethodError'{0x000000074f017538}: 'java.lang.Object java.lang.invoke.DirectMethodHandle$Holder.invokeStaticInit(java.lang.Object, java.lang.Object, java.lang.Object)'> (0x000000074f017538) 
thrown [t:\workspace\open\src\hotspot\share\interpreter\linkResolver.cpp, line 766]
Event: 2.316 Thread 0x0000016bbaec9810 Exception <a 'java/lang/NoSuchMethodError'{0x000000074f01d428}: 'java.lang.Object java.lang.invoke.DirectMethodHandle$Holder.invokeStaticInit(java.lang.Object, java.lang.Object, java.lang.Object, java.lang.Object, java.lang.Object)'> (0x000000074f01d428) 
thrown [t:\workspace\open\src\hotspot\share\interpreter\linkResolver.cpp, line 766]
Event: 2.344 Thread 0x0000016ba5cdfef0 Exception <a 'java/lang/NoSuchMethodError'{0x000000074eeb2bc8}: 'org.slf4j.impl.StaticMDCBinder org.slf4j.impl.StaticMDCBinder.getSingleton()'> (0x000000074eeb2bc8) 
thrown [t:\workspace\open\src\hotspot\share\interpreter\linkResolver.cpp, line 766]
Event: 2.372 Thread 0x0000016bbaec9810 Exception <a 'java/lang/OutOfMemoryError'{0x000000074e850548}> (0x000000074e850548) 
thrown [t:\workspace\open\src\hotspot\share\prims\jni.cpp, line 535]
Event: 2.373 Thread 0x0000016bbaec9810 Exception <a 'java/lang/OutOfMemoryError'{0x000000074e94a2f0}> (0x000000074e94a2f0) 
thrown [t:\workspace\open\src\hotspot\share\prims\jni.cpp, line 535]

VM Operations (20 events):
Event: 1.239 Executing VM operation: HandshakeAllThreads
Event: 1.239 Executing VM operation: HandshakeAllThreads done
Event: 1.248 Executing VM operation: G1CollectForAllocation
Event: 1.256 Executing VM operation: G1CollectForAllocation done
Event: 1.362 Executing VM operation: HandshakeAllThreads
Event: 1.362 Executing VM operation: HandshakeAllThreads done
Event: 1.700 Executing VM operation: G1CollectForAllocation
Event: 1.703 Executing VM operation: G1CollectForAllocation done
Event: 1.715 Executing VM operation: HandshakeAllThreads
Event: 1.715 Executing VM operation: HandshakeAllThreads done
Event: 1.896 Executing VM operation: HandshakeAllThreads
Event: 1.896 Executing VM operation: HandshakeAllThreads done
Event: 2.249 Executing VM operation: ICBufferFull
Event: 2.249 Executing VM operation: ICBufferFull done
Event: 2.299 Executing VM operation: HandshakeAllThreads
Event: 2.299 Executing VM operation: HandshakeAllThreads done
Event: 2.302 Executing VM operation: G1CollectForAllocation
Event: 2.306 Executing VM operation: G1CollectForAllocation done
Event: 2.392 Executing VM operation: HandshakeAllThreads
Event: 2.392 Executing VM operation: HandshakeAllThreads done

Events (20 events):
Event: 2.342 loading class java/lang/StackTraceElement$HashedModules done
Event: 2.347 loading class jdk/internal/reflect/UnsafeQualifiedStaticIntegerFieldAccessorImpl
Event: 2.347 loading class jdk/internal/reflect/UnsafeQualifiedStaticIntegerFieldAccessorImpl done
Event: 2.348 loading class java/util/concurrent/atomic/AtomicReference
Event: 2.348 loading class java/util/concurrent/atomic/AtomicReference done
Event: 2.349 loading class org/xml/sax/ErrorHandler
Event: 2.349 loading class org/xml/sax/ErrorHandler done
Event: 2.363 loading class java/lang/annotation/Repeatable
Event: 2.364 loading class java/lang/annotation/Repeatable done
Event: 2.373 Thread 0x0000016bbaec9810 Thread exited: 0x0000016bbaec9810
Event: 2.379 loading class java/beans/Introspector
Event: 2.379 loading class java/beans/Introspector done
Event: 2.379 loading class java/beans/EventSetDescriptor
Event: 2.379 loading class java/beans/FeatureDescriptor
Event: 2.379 loading class java/beans/FeatureDescriptor done
Event: 2.379 loading class java/beans/EventSetDescriptor done
Event: 2.379 loading class java/beans/Introspector$1
Event: 2.379 loading class jdk/internal/access/JavaBeansAccess
Event: 2.379 loading class jdk/internal/access/JavaBeansAccess done
Event: 2.379 loading class java/beans/Introspector$1 done


Dynamic libraries:
0x00007ff7b2350000 - 0x00007ff7b235e000 	C:\Users\User\.jdks\openjdk-17.0.1\bin\java.exe
0x00007ffe1ff50000 - 0x00007ffe20145000 	C:\WINDOWS\SYSTEM32\ntdll.dll
0x00007ffe1f8a0000 - 0x00007ffe1f95e000 	C:\WINDOWS\System32\KERNEL32.DLL
0x00007ffe1dac0000 - 0x00007ffe1dd88000 	C:\WINDOWS\System32\KERNELBASE.dll
0x00007ffe1dea0000 - 0x00007ffe1dfa0000 	C:\WINDOWS\System32\ucrtbase.dll
0x00007ffe16fc0000 - 0x00007ffe16fd8000 	C:\Users\User\.jdks\openjdk-17.0.1\bin\jli.dll
0x00007ffe1ef30000 - 0x00007ffe1f0d0000 	C:\WINDOWS\System32\USER32.dll
0x00007ffe1d930000 - 0x00007ffe1d952000 	C:\WINDOWS\System32\win32u.dll
0x00007ffe1fc70000 - 0x00007ffe1fc9b000 	C:\WINDOWS\System32\GDI32.dll
0x00007ffe1dd90000 - 0x00007ffe1de9d000 	C:\WINDOWS\System32\gdi32full.dll
0x00007ffe1d660000 - 0x00007ffe1d6fd000 	C:\WINDOWS\System32\msvcp_win.dll
0x00007ffe16250000 - 0x00007ffe1626a000 	C:\Users\User\.jdks\openjdk-17.0.1\bin\VCRUNTIME140.dll
0x00007ffe09ab0000 - 0x00007ffe09d4a000 	C:\WINDOWS\WinSxS\amd64_microsoft.windows.common-controls_6595b64144ccf1df_6.0.19041.1110_none_60b5254171f9507e\COMCTL32.dll
0x00007ffe1f800000 - 0x00007ffe1f89e000 	C:\WINDOWS\System32\msvcrt.dll
0x00007ffe1f760000 - 0x00007ffe1f790000 	C:\WINDOWS\System32\IMM32.DLL
0x00007ffe16370000 - 0x00007ffe1637c000 	C:\Users\User\.jdks\openjdk-17.0.1\bin\vcruntime140_1.dll
0x00007ffe105f0000 - 0x00007ffe1067d000 	C:\Users\User\.jdks\openjdk-17.0.1\bin\msvcp140.dll
0x00007ffdf11f0000 - 0x00007ffdf1dae000 	C:\Users\User\.jdks\openjdk-17.0.1\bin\server\jvm.dll
0x00007ffe1e070000 - 0x00007ffe1e11e000 	C:\WINDOWS\System32\ADVAPI32.dll
0x00007ffe1fde0000 - 0x00007ffe1fe7c000 	C:\WINDOWS\System32\sechost.dll
0x00007ffe1fb40000 - 0x00007ffe1fc65000 	C:\WINDOWS\System32\RPCRT4.dll
0x00007ffe1f600000 - 0x00007ffe1f608000 	C:\WINDOWS\System32\PSAPI.DLL
0x00007ffe03dd0000 - 0x00007ffe03dd9000 	C:\WINDOWS\SYSTEM32\WSOCK32.dll
0x00007ffe1f790000 - 0x00007ffe1f7fb000 	C:\WINDOWS\System32\WS2_32.dll
0x00007ffe09f10000 - 0x00007ffe09f37000 	C:\WINDOWS\SYSTEM32\WINMM.dll
0x00007ffe16530000 - 0x00007ffe1653a000 	C:\WINDOWS\SYSTEM32\VERSION.dll
0x00007ffe1bf10000 - 0x00007ffe1bf22000 	C:\WINDOWS\SYSTEM32\kernel.appcore.dll
0x00007ffe16240000 - 0x00007ffe1624a000 	C:\Users\User\.jdks\openjdk-17.0.1\bin\jimage.dll
0x00007ffe07a60000 - 0x00007ffe07c44000 	C:\WINDOWS\SYSTEM32\DBGHELP.DLL
0x00007ffe06d70000 - 0x00007ffe06d9c000 	C:\WINDOWS\SYSTEM32\dbgcore.DLL
0x00007ffe1d8a0000 - 0x00007ffe1d922000 	C:\WINDOWS\System32\bcryptPrimitives.dll
0x00007ffe15db0000 - 0x00007ffe15dbe000 	C:\Users\User\.jdks\openjdk-17.0.1\bin\instrument.dll
0x00007ffe15de0000 - 0x00007ffe15e05000 	C:\Users\User\.jdks\openjdk-17.0.1\bin\java.dll
0x00007ffe0b5d0000 - 0x00007ffe0b6a6000 	C:\Users\User\.jdks\openjdk-17.0.1\bin\svml.dll
0x00007ffe1e7e0000 - 0x00007ffe1ef24000 	C:\WINDOWS\System32\SHELL32.dll
0x00007ffe1b730000 - 0x00007ffe1bec4000 	C:\WINDOWS\SYSTEM32\windows.storage.dll
0x00007ffe1f0d0000 - 0x00007ffe1f425000 	C:\WINDOWS\System32\combase.dll
0x00007ffe1d0b0000 - 0x00007ffe1d0de000 	C:\WINDOWS\SYSTEM32\Wldp.dll
0x00007ffe1e180000 - 0x00007ffe1e22d000 	C:\WINDOWS\System32\SHCORE.dll
0x00007ffe1e120000 - 0x00007ffe1e175000 	C:\WINDOWS\System32\shlwapi.dll
0x00007ffe1d5a0000 - 0x00007ffe1d5bf000 	C:\WINDOWS\SYSTEM32\profapi.dll
0x00007ffe13dd0000 - 0x00007ffe13de8000 	C:\Users\User\.jdks\openjdk-17.0.1\bin\zip.dll
0x00007ffe161c0000 - 0x00007ffe161d9000 	C:\Users\User\.jdks\openjdk-17.0.1\bin\net.dll
0x00007ffe154c0000 - 0x00007ffe155cc000 	C:\WINDOWS\SYSTEM32\WINHTTP.dll
0x00007ffe1ce10000 - 0x00007ffe1ce7a000 	C:\WINDOWS\system32\mswsock.dll
0x00007ffe15dc0000 - 0x00007ffe15dd5000 	C:\Users\User\.jdks\openjdk-17.0.1\bin\nio.dll
0x00007ffe105d0000 - 0x00007ffe105ea000 	C:\Program Files\JetBrains\IntelliJ IDEA 2021.2.2\bin\breakgen64.dll
0x00007ffe1caf0000 - 0x00007ffe1cbbb000 	C:\WINDOWS\SYSTEM32\DNSAPI.dll
0x00007ffe1cab0000 - 0x00007ffe1caeb000 	C:\WINDOWS\SYSTEM32\IPHLPAPI.DLL
0x00007ffe1e000000 - 0x00007ffe1e008000 	C:\WINDOWS\System32\NSI.dll
0x00007ffe0c430000 - 0x00007ffe0c43a000 	C:\Windows\System32\rasadhlp.dll
0x00007ffe0d350000 - 0x00007ffe0d3cf000 	C:\WINDOWS\System32\fwpuclnt.dll
0x00007ffe1d7b0000 - 0x00007ffe1d7d7000 	C:\WINDOWS\System32\bcrypt.dll
0x00007ffe156e0000 - 0x00007ffe156e9000 	C:\Users\User\.jdks\openjdk-17.0.1\bin\management.dll
0x00007ffe15250000 - 0x00007ffe1525b000 	C:\Users\User\.jdks\openjdk-17.0.1\bin\management_ext.dll
0x00007ffe1d000000 - 0x00007ffe1d018000 	C:\WINDOWS\SYSTEM32\CRYPTSP.dll
0x00007ffe1c720000 - 0x00007ffe1c754000 	C:\WINDOWS\system32\rsaenh.dll
0x00007ffe1d560000 - 0x00007ffe1d58e000 	C:\WINDOWS\SYSTEM32\USERENV.dll
0x00007ffe1d020000 - 0x00007ffe1d02c000 	C:\WINDOWS\SYSTEM32\CRYPTBASE.dll
0x00007ffe102b0000 - 0x00007ffe102c7000 	C:\WINDOWS\SYSTEM32\dhcpcsvc6.DLL
0x00007ffe119d0000 - 0x00007ffe119ed000 	C:\WINDOWS\SYSTEM32\dhcpcsvc.DLL
0x00007ffe029b0000 - 0x00007ffe029c7000 	C:\WINDOWS\system32\napinsp.dll
0x00007ffe02980000 - 0x00007ffe0299b000 	C:\WINDOWS\system32\pnrpnsp.dll
0x00007ffe02960000 - 0x00007ffe02975000 	C:\WINDOWS\system32\wshbth.dll
0x00007ffe18d00000 - 0x00007ffe18d1d000 	C:\WINDOWS\system32\NLAapi.dll
0x00007ffe02940000 - 0x00007ffe02952000 	C:\WINDOWS\System32\winrnr.dll

dbghelp: loaded successfully - version: 4.0.5 - missing functions: none
symbol engine: initialized successfully - sym options: 0x614 - pdb path: .;C:\Users\User\.jdks\openjdk-17.0.1\bin;C:\WINDOWS\SYSTEM32;C:\WINDOWS\WinSxS\amd64_microsoft.windows.common-controls_6595b64144ccf1df_6.0.19041.1110_none_60b5254171f9507e;C:\Users\User\.jdks\openjdk-17.0.1\bin\server;C:\Program Files\JetBrains\IntelliJ IDEA 2021.2.2\bin

VM Arguments:
jvm_args: -XX:TieredStopAtLevel=1 -Xverify:none -Dspring.output.ansi.enabled=always -javaagent:C:\Program Files\JetBrains\IntelliJ IDEA 2021.2.2\lib\idea_rt.jar=5006:C:\Program Files\JetBrains\IntelliJ IDEA 2021.2.2\bin -Dcom.sun.management.jmxremote -Dspring.jmx.enabled=true -Dspring.liveBeansView.mbeanDomain -Dspring.application.admin.enabled=true -Dfile.encoding=UTF-8 
java_command: uz.master.demotest.DemoTestApplication
java_class_path (initial): C:\Users\User\Desktop\AtomsProject\target\classes;C:\Users\User\.m2\repository\org\hibernate\validator\hibernate-validator\7.0.2.Final\hibernate-validator-7.0.2.Final.jar;C:\Users\User\.m2\repository\jakarta\validation\jakarta.validation-api\2.0.2\jakarta.validation-api-2.0.2.jar;C:\Users\User\.m2\repository\org\jboss\logging\jboss-logging\3.4.3.Final\jboss-logging-3.4.3.Final.jar;C:\Users\User\.m2\repository\com\fasterxml\classmate\1.5.1\classmate-1.5.1.jar;C:\Users\User\.m2\repository\org\springframework\boot\spring-boot-starter-security\2.6.3\spring-boot-starter-security-2.6.3.jar;C:\Users\User\.m2\repository\org\springframework\boot\spring-boot-starter\2.6.3\spring-boot-starter-2.6.3.jar;C:\Users\User\.m2\repository\org\springframework\boot\spring-boot\2.6.3\spring-boot-2.6.3.jar;C:\Users\User\.m2\repository\org\springframework\boot\spring-boot-autoconfigure\2.6.3\spring-boot-autoconfigure-2.6.3.jar;C:\Users\User\.m2\repository\org\springframework\boot\spring-boot-starter-logging\2.6.3\spring-boot-starter-logging-2.6.3.jar;C:\Users\User\.m2\repository\ch\qos\logback\logback-classic\1.2.10\logback-classic-1.2.10.jar;C:\Users\User\.m2\repository\ch\qos\logback\logback-core\1.2.10\logback-core-1.2.10.jar;C:\Users\User\.m2\repository\org\apache\logging\log4j\log4j-to-slf4j\2.17.1\log4j-to-slf4j-2.17.1.jar;C:\Users\User\.m2\repository\org\apache\logging\log4j\log4j-api\2.17.1\log4j-api-2.17.1.jar;C:\Users\User\.m2\repository\org\slf4j\jul-to-slf4j\1.7.33\jul-to-slf4j-1.7.33.jar;C:\Users\User\.m2\repository\jakarta\annotation\jakarta.annotation-api\1.3.5\jakarta.annotation-api-1.3.5.jar;C:\Users\User\.m2\repository\org\yaml\snakeyaml\1.29\snakeyaml-1.29.jar;C:\Users\User\.m2\repository\org\springframework\spring-aop\5.3.15\spring-aop-5.3.15.jar;C:\Users\User\.m2\repository\org\springframework\spring-beans\5.3.15\spring-beans-5.3.15.jar;C:\Users\User\.m2\repository\org\springframework\security\spring-security-config\5.6.1\spring-security-co
Launcher Type: SUN_STANDARD

[Global flags]
     intx CICompilerCount                          = 3                                         {product} {ergonomic}
     uint ConcGCThreads                            = 1                                         {product} {ergonomic}
     uint G1ConcRefinementThreads                  = 4                                         {product} {ergonomic}
   size_t G1HeapRegionSize                         = 2097152                                   {product} {ergonomic}
    uintx GCDrainStackTargetSize                   = 64                                        {product} {ergonomic}
   size_t InitialHeapSize                          = 199229440                                 {product} {ergonomic}
     bool ManagementServer                         = true                                      {product} {command line}
   size_t MarkStackSize                            = 4194304                                   {product} {ergonomic}
   size_t MaxHeapSize                              = 3164602368                                {product} {ergonomic}
   size_t MaxNewSize                               = 1897922560                                {product} {ergonomic}
   size_t MinHeapDeltaBytes                        = 2097152                                   {product} {ergonomic}
   size_t MinHeapSize                              = 8388608                                   {product} {ergonomic}
    uintx NonProfiledCodeHeapSize                  = 0                                      {pd product} {ergonomic}
     bool ProfileInterpreter                       = false                                  {pd product} {command line}
    uintx ProfiledCodeHeapSize                     = 0                                      {pd product} {ergonomic}
   size_t SoftMaxHeapSize                          = 3164602368                             {manageable} {ergonomic}
     intx TieredStopAtLevel                        = 1                                         {product} {command line}
     bool UseCompressedClassPointers               = true                           {product lp64_product} {ergonomic}
     bool UseCompressedOops                        = true                           {product lp64_product} {ergonomic}
     bool UseG1GC                                  = true                                      {product} {ergonomic}
     bool UseLargePagesIndividualAllocation        = false                                  {pd product} {ergonomic}

Logging:
Log output configuration:
 #0: stdout all=warning uptime,level,tags
 #1: stderr all=off uptime,level,tags

Environment Variables:
JAVA_HOME=C:\Program Files\Java\jdk-16.0.1
CLASSPATH=.;
PATH=C:\Program Files\Common Files\Oracle\Java\javapath;C:\Windows\system32;C:\Windows;C:\Windows\System32\Wbem;C:\Windows\System32\WindowsPowerShell\v1.0\;C:\Windows\System32\OpenSSH\;C:\Program Files (x86)\NVIDIA Corporation\PhysX\Common;C:\Program Files\NVIDIA Corporation\NVIDIA NvDLISR;C:\Program Files\Microsoft\Web Platform Installer\;C:\Program Files (x86)\Microsoft ASP.NET\ASP.NET Web Pages\v1.0\;C:\Program Files\Microsoft SQL Server\110\Tools\Binn\;C:\WINDOWS\system32;C:\WINDOWS;C:\WINDOWS\System32\Wbem;C:\WINDOWS\System32\WindowsPowerShell\v1.0\;C:\WINDOWS\System32\OpenSSH\;C:\Program Files (x86)\Windows Kits\8.0\Windows Performance Toolkit\;C:\Program Files (x86)\Microsoft SQL Server\100\Tools\Binn\;C:\Program Files\Microsoft SQL Server\100\Tools\Binn\;C:\Program Files\Microsoft SQL Server\100\DTS\Binn\;C:\Program Files\Java\jdk-16.0.1\bin;%MAVEN_HOME%\bin;C:\Program Files\Git\cmd;C:\Program Files\MongoDB\Server\4.4\bin;C:\Users\User\AppData\Local\Programs\Python\Python310\Scripts\;C:\Users\User\AppData\Local\Programs\Python\Python310\;c:\Program Files\Java\jdk-16.0.1\bin;C:\Program Files\JetBrains\IntelliJ IDEA 2021.2.2\bin;;C:\Program Files\JetBrains\PyCharm 2021.3.2\bin;;C:\Users\User\AppData\Local\Programs\Microsoft VS Code\bin
USERNAME=User
OS=Windows_NT
PROCESSOR_IDENTIFIER=Intel64 Family 6 Model 126 Stepping 5, GenuineIntel



---------------  S Y S T E M  ---------------

OS:
 Windows 10 , 64 bit Build 19041 (10.0.19041.1503)
OS uptime: 2 days 6:37 hours

CPU: total 4 (initial active 4) (2 cores per cpu, 2 threads per core) family 6 model 126 stepping 5 microcode 0x86, cx8, cmov, fxsr, ht, mmx, 3dnowpref, sse, sse2, sse3, ssse3, sse4.1, sse4.2, popcnt, lzcnt, tsc, tscinvbit, avx, avx2, aes, erms, clmul, bmi1, bmi2, adx, avx512f, avx512dq, avx512cd, avx512bw, avx512vl, sha, fma, vzeroupper, avx512_vpopcntdq, avx512_vpclmulqdq, avx512_vaes, avx512_vnni, clflush, clflushopt, avx512_vbmi2, avx512_vbmi

Memory: 4k page, system-wide physical 12065M (2346M free)
TotalPageFile size 12065M (AvailPageFile size 3M)
current process WorkingSet (physical memory assigned to process): 91M, peak: 91M
current process commit charge ("private bytes"): 288M, peak: 288M

vm_info: OpenJDK 64-Bit Server VM (17.0.1+12-39) for windows-amd64 JRE (17.0.1+12-39), built on Sep 27 2021 18:39:29 by "mach5one" with MS VC++ 16.8 (VS2019)

END.
