#
# There is insufficient memory for the Java Runtime Environment to continue.
# Native memory allocation (mmap) failed to map 65536 bytes for Failed to commit metaspace.
# Possible reasons:
#   The system is out of physical RAM or swap space
#   The process is running with CompressedOops enabled, and the Java Heap may be blocking the growth of the native heap
# Possible solutions:
#   Reduce memory load on the system
#   Increase physical memory or swap space
#   Check if swap backing store is full
#   Decrease Java heap size (-Xmx/-Xms)
#   Decrease number of Java threads
#   Decrease Java thread stack sizes (-Xss)
#   Set larger code cache with -XX:ReservedCodeCacheSize=
#   JVM is running with Zero Based Compressed Oops mode in which the Java heap is
#     placed in the first 32GB address space. The Java Heap base address is the
#     maximum limit for the native heap growth. Please use -XX:HeapBaseMinAddress
#     to set the Java Heap base and to place the Java Heap above 32GB virtual address.
# This output file may be truncated or incomplete.
#
#  Out of Memory Error (virtualSpaceNode.cpp:110), pid=7220, tid=10324
#
# JRE version: OpenJDK Runtime Environment (17.0.1+12) (build 17.0.1+12-39)
# Java VM: OpenJDK 64-Bit Server VM (17.0.1+12-39, mixed mode, emulated-client, sharing, tiered, compressed oops, compressed class ptrs, g1 gc, windows-amd64)
# No core dump will be written. Minidumps are not enabled by default on client versions of Windows
#

---------------  S U M M A R Y ------------

Command Line: -XX:TieredStopAtLevel=1 -Xverify:none -Dspring.output.ansi.enabled=always -javaagent:C:\Program Files\JetBrains\IntelliJ IDEA 2021.2.2\lib\idea_rt.jar=6325:C:\Program Files\JetBrains\IntelliJ IDEA 2021.2.2\bin -Dcom.sun.management.jmxremote -Dspring.jmx.enabled=true -Dspring.liveBeansView.mbeanDomain -Dspring.application.admin.enabled=true -Dfile.encoding=UTF-8 uz.master.demotest.DemoTestApplication

Host: Intel(R) Core(TM) i3-1005G1 CPU @ 1.20GHz, 4 cores, 11G,  Windows 10 , 64 bit Build 19041 (10.0.19041.1503)
Time: Sat Feb 26 22:30:14 2022 West Asia Standard Time elapsed time: 1.792177 seconds (0d 0h 0m 1s)

---------------  T H R E A D  ---------------

Current thread (0x000001ebe25df380):  JavaThread "main" [_thread_in_vm, id=10324, stack(0x0000008897d00000,0x0000008897e00000)]

Stack: [0x0000008897d00000,0x0000008897e00000]
Native frames: (J=compiled Java code, j=interpreted, Vv=VM code, C=native code)
V  [jvm.dll+0x66fa1a]
V  [jvm.dll+0x7ce5a4]
V  [jvm.dll+0x7cfd4e]
V  [jvm.dll+0x7d03b3]
V  [jvm.dll+0x242b05]
V  [jvm.dll+0x7ca54b]
V  [jvm.dll+0x615b76]
V  [jvm.dll+0x1be19e]
V  [jvm.dll+0x6184b1]
V  [jvm.dll+0x616516]
V  [jvm.dll+0x2384e0]
V  [jvm.dll+0x1e87ad]
V  [jvm.dll+0x1de1f1]
V  [jvm.dll+0x537690]
V  [jvm.dll+0x7496c8]
V  [jvm.dll+0x7497b4]
V  [jvm.dll+0x408995]
V  [jvm.dll+0x40e9e8]
C  [java.dll+0x17ec]

Java frames: (J=compiled Java code, j=interpreted, Vv=VM code)
J 1211  java.lang.ClassLoader.defineClass1(Ljava/lang/ClassLoader;Ljava/lang/String;[BIILjava/security/ProtectionDomain;Ljava/lang/String;)Ljava/lang/Class; java.base@17.0.1 (0 bytes) @ 0x000001ebeb9a90e3 [0x000001ebeb9a9020+0x00000000000000c3]
J 1304 c1 java.lang.ClassLoader.defineClass(Ljava/lang/String;[BIILjava/security/ProtectionDomain;)Ljava/lang/Class; java.base@17.0.1 (43 bytes) @ 0x000001ebeb9cfbec [0x000001ebeb9cfae0+0x000000000000010c]
J 1235 c1 jdk.internal.loader.BuiltinClassLoader.defineClass(Ljava/lang/String;Ljdk/internal/loader/Resource;)Ljava/lang/Class; java.base@17.0.1 (121 bytes) @ 0x000001ebeb9b5df4 [0x000001ebeb9b5920+0x00000000000004d4]
J 1213 c1 jdk.internal.loader.BuiltinClassLoader.findClassOnClassPathOrNull(Ljava/lang/String;)Ljava/lang/Class; java.base@17.0.1 (64 bytes) @ 0x000001ebeb9aa6c4 [0x000001ebeb9aa400+0x00000000000002c4]
J 1057 c1 jdk.internal.loader.BuiltinClassLoader.loadClassOrNull(Ljava/lang/String;Z)Ljava/lang/Class; java.base@17.0.1 (143 bytes) @ 0x000001ebeb962584 [0x000001ebeb962100+0x0000000000000484]
J 1150 c1 jdk.internal.loader.ClassLoaders$AppClassLoader.loadClass(Ljava/lang/String;Z)Ljava/lang/Class; java.base@17.0.1 (40 bytes) @ 0x000001ebeb98bcac [0x000001ebeb98bb60+0x000000000000014c]
J 1144 c1 java.lang.ClassLoader.loadClass(Ljava/lang/String;)Ljava/lang/Class; java.base@17.0.1 (7 bytes) @ 0x000001ebeb98a764 [0x000001ebeb98a720+0x0000000000000044]
v  ~StubRoutines::call_stub
j  org.springframework.util.AntPathMatcher.getStringMatcher(Ljava/lang/String;)Lorg/springframework/util/AntPathMatcher$AntPathStringMatcher;+36
j  org.springframework.util.AntPathMatcher.matchStrings(Ljava/lang/String;Ljava/lang/String;Ljava/util/Map;)Z+2
j  org.springframework.util.AntPathMatcher.doMatch(Ljava/lang/String;Ljava/lang/String;ZLjava/util/Map;)Z+126
j  org.springframework.util.AntPathMatcher.match(Ljava/lang/String;Ljava/lang/String;)Z+5
j  org.springframework.core.io.support.PathMatchingResourcePatternResolver.doRetrieveMatchingFiles(Ljava/lang/String;Ljava/io/File;Ljava/util/Set;)V+212
j  org.springframework.core.io.support.PathMatchingResourcePatternResolver.retrieveMatchingFiles(Ljava/io/File;Ljava/lang/String;)Ljava/util/Set;+256
j  org.springframework.core.io.support.PathMatchingResourcePatternResolver.doFindMatchingFileSystemResources(Ljava/io/File;Ljava/lang/String;)Ljava/util/Set;+49
j  org.springframework.core.io.support.PathMatchingResourcePatternResolver.doFindPathMatchingFileResources(Lorg/springframework/core/io/Resource;Ljava/lang/String;)Ljava/util/Set;+127
j  org.springframework.web.context.support.ServletContextResourcePatternResolver.doFindPathMatchingFileResources(Lorg/springframework/core/io/Resource;Ljava/lang/String;)Ljava/util/Set;+72
j  org.springframework.core.io.support.PathMatchingResourcePatternResolver.findPathMatchingResources(Ljava/lang/String;)[Lorg/springframework/core/io/Resource;+213
j  org.springframework.core.io.support.PathMatchingResourcePatternResolver.getResources(Ljava/lang/String;)[Lorg/springframework/core/io/Resource;+38
j  org.springframework.context.support.AbstractApplicationContext.getResources(Ljava/lang/String;)[Lorg/springframework/core/io/Resource;+5
j  org.springframework.context.support.GenericApplicationContext.getResources(Ljava/lang/String;)[Lorg/springframework/core/io/Resource;+26
j  org.springframework.context.annotation.ClassPathScanningCandidateComponentProvider.scanCandidateComponents(Ljava/lang/String;)Ljava/util/Set;+49
j  org.springframework.context.annotation.ClassPathScanningCandidateComponentProvider.findCandidateComponents(Ljava/lang/String;)Ljava/util/Set;+26
j  org.springframework.context.annotation.ClassPathBeanDefinitionScanner.doScan([Ljava/lang/String;)Ljava/util/Set;+39
j  org.springframework.context.annotation.ComponentScanAnnotationParser.parse(Lorg/springframework/core/annotation/AnnotationAttributes;Ljava/lang/String;)Ljava/util/Set;+508
j  org.springframework.context.annotation.ConfigurationClassParser.doProcessConfigurationClass(Lorg/springframework/context/annotation/ConfigurationClass;Lorg/springframework/context/annotation/ConfigurationClassParser$SourceClass;Ljava/util/function/Predicate;)Lorg/springframework/context/annotation/ConfigurationClassParser$SourceClass;+213
j  org.springframework.context.annotation.ConfigurationClassParser.processConfigurationClass(Lorg/springframework/context/annotation/ConfigurationClass;Ljava/util/function/Predicate;)V+106
j  org.springframework.context.annotation.ConfigurationClassParser.parse(Lorg/springframework/core/type/AnnotationMetadata;Ljava/lang/String;)V+13
j  org.springframework.context.annotation.ConfigurationClassParser.parse(Ljava/util/Set;)V+55
j  org.springframework.context.annotation.ConfigurationClassPostProcessor.processConfigBeanDefinitions(Lorg/springframework/beans/factory/support/BeanDefinitionRegistry;)V+308
j  org.springframework.context.annotation.ConfigurationClassPostProcessor.postProcessBeanDefinitionRegistry(Lorg/springframework/beans/factory/support/BeanDefinitionRegistry;)V+107
j  org.springframework.context.support.PostProcessorRegistrationDelegate.invokeBeanDefinitionRegistryPostProcessors(Ljava/util/Collection;Lorg/springframework/beans/factory/support/BeanDefinitionRegistry;Lorg/springframework/core/metrics/ApplicationStartup;)V+59
j  org.springframework.context.support.PostProcessorRegistrationDelegate.invokeBeanFactoryPostProcessors(Lorg/springframework/beans/factory/config/ConfigurableListableBeanFactory;Ljava/util/List;)V+235
j  org.springframework.context.support.AbstractApplicationContext.invokeBeanFactoryPostProcessors(Lorg/springframework/beans/factory/config/ConfigurableListableBeanFactory;)V+5
j  org.springframework.context.support.AbstractApplicationContext.refresh()V+53
j  org.springframework.boot.web.servlet.context.ServletWebServerApplicationContext.refresh()V+1
j  org.springframework.boot.SpringApplication.refresh(Lorg/springframework/context/ConfigurableApplicationContext;)V+1
j  org.springframework.boot.SpringApplication.refreshContext(Lorg/springframework/context/ConfigurableApplicationContext;)V+16
j  org.springframework.boot.SpringApplication.run([Ljava/lang/String;)Lorg/springframework/context/ConfigurableApplicationContext;+107
j  org.springframework.boot.SpringApplication.run([Ljava/lang/Class;[Ljava/lang/String;)Lorg/springframework/context/ConfigurableApplicationContext;+9
j  org.springframework.boot.SpringApplication.run(Ljava/lang/Class;[Ljava/lang/String;)Lorg/springframework/context/ConfigurableApplicationContext;+9
j  uz.master.demotest.DemoTestApplication.main([Ljava/lang/String;)V+3
v  ~StubRoutines::call_stub

---------------  P R O C E S S  ---------------

Threads class SMR info:
_java_thread_list=0x000001ebfa89b060, length=17, elements={
0x000001ebe25df380, 0x000001ebf807a8b0, 0x000001ebf807b460, 0x000001ebf808e4e0,
0x000001ebf8090eb0, 0x000001ebf8091860, 0x000001ebf8094220, 0x000001ebf8094bd0,
0x000001ebf80965d0, 0x000001ebf8061900, 0x000001ebf810da00, 0x000001ebf810df10,
0x000001ebf8ffde90, 0x000001ebf8ffe360, 0x000001ebf9322d00, 0x000001ebf95893c0,
0x000001ebf95f0080
}

Java Threads: ( => current thread )
=>0x000001ebe25df380 JavaThread "main" [_thread_in_vm, id=10324, stack(0x0000008897d00000,0x0000008897e00000)]
  0x000001ebf807a8b0 JavaThread "Reference Handler" daemon [_thread_blocked, id=7164, stack(0x0000008898400000,0x0000008898500000)]
  0x000001ebf807b460 JavaThread "Finalizer" daemon [_thread_blocked, id=12016, stack(0x0000008898500000,0x0000008898600000)]
  0x000001ebf808e4e0 JavaThread "Signal Dispatcher" daemon [_thread_blocked, id=2032, stack(0x0000008898600000,0x0000008898700000)]
  0x000001ebf8090eb0 JavaThread "Attach Listener" daemon [_thread_blocked, id=6324, stack(0x0000008898700000,0x0000008898800000)]
  0x000001ebf8091860 JavaThread "Service Thread" daemon [_thread_blocked, id=10624, stack(0x0000008898800000,0x0000008898900000)]
  0x000001ebf8094220 JavaThread "Monitor Deflation Thread" daemon [_thread_blocked, id=4624, stack(0x0000008898900000,0x0000008898a00000)]
  0x000001ebf8094bd0 JavaThread "C1 CompilerThread0" daemon [_thread_blocked, id=6152, stack(0x0000008898a00000,0x0000008898b00000)]
  0x000001ebf80965d0 JavaThread "Sweeper thread" daemon [_thread_blocked, id=5524, stack(0x0000008898b00000,0x0000008898c00000)]
  0x000001ebf8061900 JavaThread "Common-Cleaner" daemon [_thread_blocked, id=6452, stack(0x0000008898c00000,0x0000008898d00000)]
  0x000001ebf810da00 JavaThread "C1 CompilerThread1" daemon [_thread_blocked, id=10536, stack(0x0000008898d00000,0x0000008898e00000)]
  0x000001ebf810df10 JavaThread "C1 CompilerThread2" daemon [_thread_blocked, id=11796, stack(0x0000008898e00000,0x0000008898f00000)]
  0x000001ebf8ffde90 JavaThread "Monitor Ctrl-Break" daemon [_thread_in_native, id=11172, stack(0x0000008898f00000,0x0000008899000000)]
  0x000001ebf8ffe360 JavaThread "Notification Thread" daemon [_thread_blocked, id=9404, stack(0x0000008899000000,0x0000008899100000)]
  0x000001ebf9322d00 JavaThread "RMI TCP Accept-0" daemon [_thread_in_native, id=11472, stack(0x0000008899500000,0x0000008899600000)]
  0x000001ebf95893c0 JavaThread "RMI TCP Connection(1)-10.100.201.100" daemon [_thread_in_native, id=8720, stack(0x0000008899700000,0x0000008899800000)]
  0x000001ebf95f0080 JavaThread "RMI Scheduler(0)" daemon [_thread_blocked, id=7660, stack(0x0000008899800000,0x0000008899900000)]

Other Threads:
  0x000001ebf8074db0 VMThread "VM Thread" [stack: 0x0000008898300000,0x0000008898400000] [id=8204]
  0x000001ebf93231d0 WatcherThread [stack: 0x0000008899600000,0x0000008899700000] [id=11428]
  0x000001ebe2622bb0 GCTaskThread "GC Thread#0" [stack: 0x0000008897e00000,0x0000008897f00000] [id=4256]
  0x000001ebf928ce80 GCTaskThread "GC Thread#1" [stack: 0x0000008899100000,0x0000008899200000] [id=7068]
  0x000001ebf9287920 GCTaskThread "GC Thread#2" [stack: 0x0000008899200000,0x0000008899300000] [id=10728]
  0x000001ebf927ee90 GCTaskThread "GC Thread#3" [stack: 0x0000008899300000,0x0000008899400000] [id=10092]
  0x000001ebe262f780 ConcurrentGCThread "G1 Main Marker" [stack: 0x0000008897f00000,0x0000008898000000] [id=4488]
  0x000001ebe2630190 ConcurrentGCThread "G1 Conc#0" [stack: 0x0000008898000000,0x0000008898100000] [id=8892]
  0x000001ebe26ad760 ConcurrentGCThread "G1 Refine#0" [stack: 0x0000008898100000,0x0000008898200000] [id=5188]
  0x000001ebf927cb80 ConcurrentGCThread "G1 Refine#1" [stack: 0x0000008899400000,0x0000008899500000] [id=6052]
  0x000001ebe26ae180 ConcurrentGCThread "G1 Service" [stack: 0x0000008898200000,0x0000008898300000] [id=1268]

Threads with active compile tasks:

VM state: not at safepoint (normal execution)

VM Mutex/Monitor currently owned by a thread:  ([mutex/lock_event])
[0x000001ebe25da3a0] Metaspace_lock - owner thread: 0x000001ebe25df380

Heap address: 0x0000000743600000, size: 3018 MB, Compressed Oops mode: Zero based, Oop shift amount: 3

CDS archive(s) mapped at: [0x0000000800000000-0x0000000800bc0000-0x0000000800bc0000), size 12320768, SharedBaseAddress: 0x0000000800000000, ArchiveRelocationMode: 0.
Compressed class space mapped at: 0x0000000800c00000-0x0000000840c00000, reserved size: 1073741824
Narrow klass base: 0x0000000800000000, Narrow klass shift: 0, Narrow klass range: 0x100000000

GC Precious Log:
 CPUs: 4 total, 4 available
 Memory: 12065M
 Large Page Support: Disabled
 NUMA Support: Disabled
 Compressed Oops: Enabled (Zero based)
 Heap Region Size: 2M
 Heap Min Capacity: 8M
 Heap Initial Capacity: 190M
 Heap Max Capacity: 3018M
 Pre-touch: Disabled
 Parallel Workers: 4
 Concurrent Workers: 1
 Concurrent Refinement Workers: 4
 Periodic GC: Disabled

Heap:
 garbage-first heap   total 194560K, used 25866K [0x0000000743600000, 0x0000000800000000)
  region size 2048K, 12 young (24576K), 2 survivors (4096K)
 Metaspace       used 15126K, committed 15424K, reserved 1064960K
  class space    used 2014K, committed 2176K, reserved 1048576K

Heap Regions: E=young(eden), S=young(survivor), O=old, HS=humongous(starts), HC=humongous(continues), CS=collection set, F=free, OA=open archive, CA=closed archive, TAMS=top-at-mark-start (previous, next)
|   0|0x0000000743600000, 0x0000000743800000, 0x0000000743800000|100%| O|  |TAMS 0x0000000743600000, 0x0000000743600000| Untracked 
|   1|0x0000000743800000, 0x0000000743a00000, 0x0000000743a00000|100%| O|  |TAMS 0x0000000743800000, 0x0000000743800000| Untracked 
|   2|0x0000000743a00000, 0x0000000743c00000, 0x0000000743c00000|100%| O|  |TAMS 0x0000000743a00000, 0x0000000743a00000| Untracked 
|   3|0x0000000743c00000, 0x0000000743c33800, 0x0000000743e00000| 10%| O|  |TAMS 0x0000000743c00000, 0x0000000743c00000| Untracked 
|   4|0x0000000743e00000, 0x0000000743e00000, 0x0000000744000000|  0%| F|  |TAMS 0x0000000743e00000, 0x0000000743e00000| Untracked 
|   5|0x0000000744000000, 0x0000000744000000, 0x0000000744200000|  0%| F|  |TAMS 0x0000000744000000, 0x0000000744000000| Untracked 
|   6|0x0000000744200000, 0x0000000744200000, 0x0000000744400000|  0%| F|  |TAMS 0x0000000744200000, 0x0000000744200000| Untracked 
|   7|0x0000000744400000, 0x0000000744400000, 0x0000000744600000|  0%| F|  |TAMS 0x0000000744400000, 0x0000000744400000| Untracked 
|   8|0x0000000744600000, 0x0000000744600000, 0x0000000744800000|  0%| F|  |TAMS 0x0000000744600000, 0x0000000744600000| Untracked 
|   9|0x0000000744800000, 0x0000000744800000, 0x0000000744a00000|  0%| F|  |TAMS 0x0000000744800000, 0x0000000744800000| Untracked 
|  10|0x0000000744a00000, 0x0000000744a00000, 0x0000000744c00000|  0%| F|  |TAMS 0x0000000744a00000, 0x0000000744a00000| Untracked 
|  11|0x0000000744c00000, 0x0000000744c00000, 0x0000000744e00000|  0%| F|  |TAMS 0x0000000744c00000, 0x0000000744c00000| Untracked 
|  12|0x0000000744e00000, 0x0000000744e00000, 0x0000000745000000|  0%| F|  |TAMS 0x0000000744e00000, 0x0000000744e00000| Untracked 
|  13|0x0000000745000000, 0x0000000745000000, 0x0000000745200000|  0%| F|  |TAMS 0x0000000745000000, 0x0000000745000000| Untracked 
|  14|0x0000000745200000, 0x0000000745200000, 0x0000000745400000|  0%| F|  |TAMS 0x0000000745200000, 0x0000000745200000| Untracked 
|  15|0x0000000745400000, 0x0000000745400000, 0x0000000745600000|  0%| F|  |TAMS 0x0000000745400000, 0x0000000745400000| Untracked 
|  16|0x0000000745600000, 0x0000000745600000, 0x0000000745800000|  0%| F|  |TAMS 0x0000000745600000, 0x0000000745600000| Untracked 
|  17|0x0000000745800000, 0x0000000745800000, 0x0000000745a00000|  0%| F|  |TAMS 0x0000000745800000, 0x0000000745800000| Untracked 
|  18|0x0000000745a00000, 0x0000000745a00000, 0x0000000745c00000|  0%| F|  |TAMS 0x0000000745a00000, 0x0000000745a00000| Untracked 
|  19|0x0000000745c00000, 0x0000000745c00000, 0x0000000745e00000|  0%| F|  |TAMS 0x0000000745c00000, 0x0000000745c00000| Untracked 
|  20|0x0000000745e00000, 0x0000000745e00000, 0x0000000746000000|  0%| F|  |TAMS 0x0000000745e00000, 0x0000000745e00000| Untracked 
|  21|0x0000000746000000, 0x0000000746000000, 0x0000000746200000|  0%| F|  |TAMS 0x0000000746000000, 0x0000000746000000| Untracked 
|  22|0x0000000746200000, 0x0000000746200000, 0x0000000746400000|  0%| F|  |TAMS 0x0000000746200000, 0x0000000746200000| Untracked 
|  23|0x0000000746400000, 0x0000000746400000, 0x0000000746600000|  0%| F|  |TAMS 0x0000000746400000, 0x0000000746400000| Untracked 
|  24|0x0000000746600000, 0x0000000746600000, 0x0000000746800000|  0%| F|  |TAMS 0x0000000746600000, 0x0000000746600000| Untracked 
|  25|0x0000000746800000, 0x0000000746800000, 0x0000000746a00000|  0%| F|  |TAMS 0x0000000746800000, 0x0000000746800000| Untracked 
|  26|0x0000000746a00000, 0x0000000746a00000, 0x0000000746c00000|  0%| F|  |TAMS 0x0000000746a00000, 0x0000000746a00000| Untracked 
|  27|0x0000000746c00000, 0x0000000746c00000, 0x0000000746e00000|  0%| F|  |TAMS 0x0000000746c00000, 0x0000000746c00000| Untracked 
|  28|0x0000000746e00000, 0x0000000746e00000, 0x0000000747000000|  0%| F|  |TAMS 0x0000000746e00000, 0x0000000746e00000| Untracked 
|  29|0x0000000747000000, 0x0000000747000000, 0x0000000747200000|  0%| F|  |TAMS 0x0000000747000000, 0x0000000747000000| Untracked 
|  30|0x0000000747200000, 0x0000000747200000, 0x0000000747400000|  0%| F|  |TAMS 0x0000000747200000, 0x0000000747200000| Untracked 
|  31|0x0000000747400000, 0x0000000747400000, 0x0000000747600000|  0%| F|  |TAMS 0x0000000747400000, 0x0000000747400000| Untracked 
|  32|0x0000000747600000, 0x0000000747600000, 0x0000000747800000|  0%| F|  |TAMS 0x0000000747600000, 0x0000000747600000| Untracked 
|  33|0x0000000747800000, 0x0000000747800000, 0x0000000747a00000|  0%| F|  |TAMS 0x0000000747800000, 0x0000000747800000| Untracked 
|  34|0x0000000747a00000, 0x0000000747a00000, 0x0000000747c00000|  0%| F|  |TAMS 0x0000000747a00000, 0x0000000747a00000| Untracked 
|  35|0x0000000747c00000, 0x0000000747c00000, 0x0000000747e00000|  0%| F|  |TAMS 0x0000000747c00000, 0x0000000747c00000| Untracked 
|  36|0x0000000747e00000, 0x0000000747e00000, 0x0000000748000000|  0%| F|  |TAMS 0x0000000747e00000, 0x0000000747e00000| Untracked 
|  37|0x0000000748000000, 0x0000000748000000, 0x0000000748200000|  0%| F|  |TAMS 0x0000000748000000, 0x0000000748000000| Untracked 
|  38|0x0000000748200000, 0x0000000748200000, 0x0000000748400000|  0%| F|  |TAMS 0x0000000748200000, 0x0000000748200000| Untracked 
|  39|0x0000000748400000, 0x0000000748400000, 0x0000000748600000|  0%| F|  |TAMS 0x0000000748400000, 0x0000000748400000| Untracked 
|  40|0x0000000748600000, 0x0000000748600000, 0x0000000748800000|  0%| F|  |TAMS 0x0000000748600000, 0x0000000748600000| Untracked 
|  41|0x0000000748800000, 0x0000000748800000, 0x0000000748a00000|  0%| F|  |TAMS 0x0000000748800000, 0x0000000748800000| Untracked 
|  42|0x0000000748a00000, 0x0000000748a00000, 0x0000000748c00000|  0%| F|  |TAMS 0x0000000748a00000, 0x0000000748a00000| Untracked 
|  43|0x0000000748c00000, 0x0000000748c00000, 0x0000000748e00000|  0%| F|  |TAMS 0x0000000748c00000, 0x0000000748c00000| Untracked 
|  44|0x0000000748e00000, 0x0000000748e00000, 0x0000000749000000|  0%| F|  |TAMS 0x0000000748e00000, 0x0000000748e00000| Untracked 
|  45|0x0000000749000000, 0x0000000749000000, 0x0000000749200000|  0%| F|  |TAMS 0x0000000749000000, 0x0000000749000000| Untracked 
|  46|0x0000000749200000, 0x0000000749200000, 0x0000000749400000|  0%| F|  |TAMS 0x0000000749200000, 0x0000000749200000| Untracked 
|  47|0x0000000749400000, 0x0000000749400000, 0x0000000749600000|  0%| F|  |TAMS 0x0000000749400000, 0x0000000749400000| Untracked 
|  48|0x0000000749600000, 0x0000000749600000, 0x0000000749800000|  0%| F|  |TAMS 0x0000000749600000, 0x0000000749600000| Untracked 
|  49|0x0000000749800000, 0x0000000749800000, 0x0000000749a00000|  0%| F|  |TAMS 0x0000000749800000, 0x0000000749800000| Untracked 
|  50|0x0000000749a00000, 0x0000000749a00000, 0x0000000749c00000|  0%| F|  |TAMS 0x0000000749a00000, 0x0000000749a00000| Untracked 
|  51|0x0000000749c00000, 0x0000000749c00000, 0x0000000749e00000|  0%| F|  |TAMS 0x0000000749c00000, 0x0000000749c00000| Untracked 
|  52|0x0000000749e00000, 0x0000000749e00000, 0x000000074a000000|  0%| F|  |TAMS 0x0000000749e00000, 0x0000000749e00000| Untracked 
|  53|0x000000074a000000, 0x000000074a000000, 0x000000074a200000|  0%| F|  |TAMS 0x000000074a000000, 0x000000074a000000| Untracked 
|  54|0x000000074a200000, 0x000000074a200000, 0x000000074a400000|  0%| F|  |TAMS 0x000000074a200000, 0x000000074a200000| Untracked 
|  55|0x000000074a400000, 0x000000074a400000, 0x000000074a600000|  0%| F|  |TAMS 0x000000074a400000, 0x000000074a400000| Untracked 
|  56|0x000000074a600000, 0x000000074a600000, 0x000000074a800000|  0%| F|  |TAMS 0x000000074a600000, 0x000000074a600000| Untracked 
|  57|0x000000074a800000, 0x000000074a800000, 0x000000074aa00000|  0%| F|  |TAMS 0x000000074a800000, 0x000000074a800000| Untracked 
|  58|0x000000074aa00000, 0x000000074aa00000, 0x000000074ac00000|  0%| F|  |TAMS 0x000000074aa00000, 0x000000074aa00000| Untracked 
|  59|0x000000074ac00000, 0x000000074ac00000, 0x000000074ae00000|  0%| F|  |TAMS 0x000000074ac00000, 0x000000074ac00000| Untracked 
|  60|0x000000074ae00000, 0x000000074ae00000, 0x000000074b000000|  0%| F|  |TAMS 0x000000074ae00000, 0x000000074ae00000| Untracked 
|  61|0x000000074b000000, 0x000000074b000000, 0x000000074b200000|  0%| F|  |TAMS 0x000000074b000000, 0x000000074b000000| Untracked 
|  62|0x000000074b200000, 0x000000074b200000, 0x000000074b400000|  0%| F|  |TAMS 0x000000074b200000, 0x000000074b200000| Untracked 
|  63|0x000000074b400000, 0x000000074b400000, 0x000000074b600000|  0%| F|  |TAMS 0x000000074b400000, 0x000000074b400000| Untracked 
|  64|0x000000074b600000, 0x000000074b600000, 0x000000074b800000|  0%| F|  |TAMS 0x000000074b600000, 0x000000074b600000| Untracked 
|  65|0x000000074b800000, 0x000000074b800000, 0x000000074ba00000|  0%| F|  |TAMS 0x000000074b800000, 0x000000074b800000| Untracked 
|  66|0x000000074ba00000, 0x000000074ba00000, 0x000000074bc00000|  0%| F|  |TAMS 0x000000074ba00000, 0x000000074ba00000| Untracked 
|  67|0x000000074bc00000, 0x000000074bc00000, 0x000000074be00000|  0%| F|  |TAMS 0x000000074bc00000, 0x000000074bc00000| Untracked 
|  68|0x000000074be00000, 0x000000074be00000, 0x000000074c000000|  0%| F|  |TAMS 0x000000074be00000, 0x000000074be00000| Untracked 
|  69|0x000000074c000000, 0x000000074c000000, 0x000000074c200000|  0%| F|  |TAMS 0x000000074c000000, 0x000000074c000000| Untracked 
|  70|0x000000074c200000, 0x000000074c200000, 0x000000074c400000|  0%| F|  |TAMS 0x000000074c200000, 0x000000074c200000| Untracked 
|  71|0x000000074c400000, 0x000000074c400000, 0x000000074c600000|  0%| F|  |TAMS 0x000000074c400000, 0x000000074c400000| Untracked 
|  72|0x000000074c600000, 0x000000074c600000, 0x000000074c800000|  0%| F|  |TAMS 0x000000074c600000, 0x000000074c600000| Untracked 
|  73|0x000000074c800000, 0x000000074c800000, 0x000000074ca00000|  0%| F|  |TAMS 0x000000074c800000, 0x000000074c800000| Untracked 
|  74|0x000000074ca00000, 0x000000074ca00000, 0x000000074cc00000|  0%| F|  |TAMS 0x000000074ca00000, 0x000000074ca00000| Untracked 
|  75|0x000000074cc00000, 0x000000074cc00000, 0x000000074ce00000|  0%| F|  |TAMS 0x000000074cc00000, 0x000000074cc00000| Untracked 
|  76|0x000000074ce00000, 0x000000074ce00000, 0x000000074d000000|  0%| F|  |TAMS 0x000000074ce00000, 0x000000074ce00000| Untracked 
|  77|0x000000074d000000, 0x000000074d000000, 0x000000074d200000|  0%| F|  |TAMS 0x000000074d000000, 0x000000074d000000| Untracked 
|  78|0x000000074d200000, 0x000000074d200000, 0x000000074d400000|  0%| F|  |TAMS 0x000000074d200000, 0x000000074d200000| Untracked 
|  79|0x000000074d400000, 0x000000074d400000, 0x000000074d600000|  0%| F|  |TAMS 0x000000074d400000, 0x000000074d400000| Untracked 
|  80|0x000000074d600000, 0x000000074d600000, 0x000000074d800000|  0%| F|  |TAMS 0x000000074d600000, 0x000000074d600000| Untracked 
|  81|0x000000074d800000, 0x000000074d800000, 0x000000074da00000|  0%| F|  |TAMS 0x000000074d800000, 0x000000074d800000| Untracked 
|  82|0x000000074da00000, 0x000000074db0f3c8, 0x000000074dc00000| 52%| S|CS|TAMS 0x000000074da00000, 0x000000074da00000| Complete 
|  83|0x000000074dc00000, 0x000000074de00000, 0x000000074de00000|100%| S|CS|TAMS 0x000000074dc00000, 0x000000074dc00000| Complete 
|  84|0x000000074de00000, 0x000000074de00000, 0x000000074e000000|  0%| F|  |TAMS 0x000000074de00000, 0x000000074de00000| Untracked 
|  85|0x000000074e000000, 0x000000074e200000, 0x000000074e200000|100%| E|  |TAMS 0x000000074e000000, 0x000000074e000000| Complete 
|  86|0x000000074e200000, 0x000000074e400000, 0x000000074e400000|100%| E|CS|TAMS 0x000000074e200000, 0x000000074e200000| Complete 
|  87|0x000000074e400000, 0x000000074e600000, 0x000000074e600000|100%| E|CS|TAMS 0x000000074e400000, 0x000000074e400000| Complete 
|  88|0x000000074e600000, 0x000000074e800000, 0x000000074e800000|100%| E|CS|TAMS 0x000000074e600000, 0x000000074e600000| Complete 
|  89|0x000000074e800000, 0x000000074ea00000, 0x000000074ea00000|100%| E|CS|TAMS 0x000000074e800000, 0x000000074e800000| Complete 
|  90|0x000000074ea00000, 0x000000074ec00000, 0x000000074ec00000|100%| E|CS|TAMS 0x000000074ea00000, 0x000000074ea00000| Complete 
|  91|0x000000074ec00000, 0x000000074ee00000, 0x000000074ee00000|100%| E|CS|TAMS 0x000000074ec00000, 0x000000074ec00000| Complete 
|  92|0x000000074ee00000, 0x000000074f000000, 0x000000074f000000|100%| E|  |TAMS 0x000000074ee00000, 0x000000074ee00000| Complete 
|  93|0x000000074f000000, 0x000000074f200000, 0x000000074f200000|100%| E|CS|TAMS 0x000000074f000000, 0x000000074f000000| Complete 
|  94|0x000000074f200000, 0x000000074f400000, 0x000000074f400000|100%| E|CS|TAMS 0x000000074f200000, 0x000000074f200000| Complete 

Card table byte_map: [0x000001ebef050000,0x000001ebef640000] _byte_map_base: 0x000001ebeb635000

Marking Bits (Prev, Next): (CMBitMap*) 0x000001ebe26231c0, (CMBitMap*) 0x000001ebe2623200
 Prev Bits: [0x000001ebefc30000, 0x000001ebf2b58000)
 Next Bits: [0x000001ebf2b60000, 0x000001ebf5a88000)

Polling page: 0x000001ebe24a0000

Metaspace:

Usage:
  Non-class:     12.80 MB used.
      Class:      1.97 MB used.
       Both:     14.77 MB used.

Virtual space:
  Non-class space:       16.00 MB reserved,      12.94 MB ( 81%) committed,  2 nodes.
      Class space:        1.00 GB reserved,       2.12 MB ( <1%) committed,  1 nodes.
             Both:        1.02 GB reserved,      15.06 MB (  1%) committed. 

Chunk freelists:
   Non-Class:  2.23 MB
       Class:  1.72 MB
        Both:  3.95 MB

MaxMetaspaceSize: unlimited
CompressedClassSpaceSize: 1.00 GB
Initial GC threshold: 21.00 MB
Current GC threshold: 21.00 MB
CDS: on
MetaspaceReclaimPolicy: balanced
 - commit_granule_bytes: 65536.
 - commit_granule_words: 8192.
 - virtual_space_node_default_size: 1048576.
 - enlarge_chunks_in_place: 1.
 - new_chunks_are_fully_committed: 0.
 - uncommit_free_chunks: 1.
 - use_allocation_guard: 0.
 - handle_deallocations: 1.


Internal statistics:

num_allocs_failed_limit: 0.
num_arena_births: 266.
num_arena_deaths: 0.
num_vsnodes_births: 3.
num_vsnodes_deaths: 0.
num_space_committed: 241.
num_space_uncommitted: 0.
num_chunks_returned_to_freelist: 0.
num_chunks_taken_from_freelist: 703.
num_chunk_merges: 0.
num_chunk_splits: 455.
num_chunks_enlarged: 328.
num_purges: 0.
num_inconsistent_stats: 0.

CodeCache: size=49152Kb used=5445Kb max_used=5445Kb free=43706Kb
 bounds [0x000001ebeb5c0000, 0x000001ebebb20000, 0x000001ebee5c0000]
 total_blobs=2573 nmethods=2097 adapters=401
 compilation: enabled
              stopped_count=0, restarted_count=0
 full_count=0

Compilation events (20 events):
Event: 1.745 Thread 0x000001ebf8094bd0 2088   !   1       sun.reflect.annotation.AnnotationParser::parseAnnotations (37 bytes)
Event: 1.746 Thread 0x000001ebf8094bd0 nmethod 2088 0x000001ebebb0b290 code [0x000001ebebb0b460, 0x000001ebebb0b668]
Event: 1.751 Thread 0x000001ebf810df10 2089       1       java.util.Collections$EmptyMap::get (2 bytes)
Event: 1.751 Thread 0x000001ebf810df10 nmethod 2089 0x000001ebebb0b790 code [0x000001ebebb0b920, 0x000001ebebb0b9f8]
Event: 1.754 Thread 0x000001ebf810da00 2090       1       java.lang.String::join (281 bytes)
Event: 1.755 Thread 0x000001ebf810da00 nmethod 2090 0x000001ebebb0ba90 code [0x000001ebebb0bca0, 0x000001ebebb0c348]
Event: 1.758 Thread 0x000001ebf810df10 2091       1       java.util.StringJoiner::<init> (63 bytes)
Event: 1.758 Thread 0x000001ebf8094bd0 2092       1       java.util.StringJoiner::toString (53 bytes)
Event: 1.759 Thread 0x000001ebf810df10 nmethod 2091 0x000001ebebb0c990 code [0x000001ebebb0cba0, 0x000001ebebb0d048]
Event: 1.759 Thread 0x000001ebf810da00 2093       1       java.lang.System$2::join (11 bytes)
Event: 1.760 Thread 0x000001ebf8094bd0 nmethod 2092 0x000001ebebb0d210 code [0x000001ebebb0d440, 0x000001ebebb0dc08]
Event: 1.760 Thread 0x000001ebf810da00 nmethod 2093 0x000001ebebb0e290 code [0x000001ebebb0e4a0, 0x000001ebebb0ebc8]
Event: 1.768 Thread 0x000001ebf810da00 2094       1       java.util.stream.StreamSupport::stream (19 bytes)
Event: 1.768 Thread 0x000001ebf810da00 nmethod 2094 0x000001ebebb0f290 code [0x000001ebebb0f440, 0x000001ebebb0f668]
Event: 1.768 Thread 0x000001ebf810da00 2095       1       java.util.stream.ReferencePipeline$Head::<init> (8 bytes)
Event: 1.768 Thread 0x000001ebf810da00 nmethod 2095 0x000001ebebb0f790 code [0x000001ebebb0f920, 0x000001ebebb0fa08]
Event: 1.768 Thread 0x000001ebf8094bd0 2096       1       java.util.stream.ReferencePipeline::<init> (8 bytes)
Event: 1.768 Thread 0x000001ebf8094bd0 nmethod 2096 0x000001ebebb0fa90 code [0x000001ebebb0fc20, 0x000001ebebb0fd08]
Event: 1.783 Thread 0x000001ebf8094bd0 2097  s!   1       jdk.internal.loader.URLClassPath::getLoader (194 bytes)
Event: 1.784 Thread 0x000001ebf8094bd0 nmethod 2097 0x000001ebebb0fd90 code [0x000001ebebb10060, 0x000001ebebb10d68]

GC Heap History (6 events):
Event: 0.689 GC heap before
{Heap before GC invocations=0 (full 0):
 garbage-first heap   total 194560K, used 12288K [0x0000000743600000, 0x0000000800000000)
  region size 2048K, 6 young (12288K), 0 survivors (0K)
 Metaspace       used 3702K, committed 3840K, reserved 1056768K
  class space    used 451K, committed 512K, reserved 1048576K
}
Event: 0.693 GC heap after
{Heap after GC invocations=1 (full 0):
 garbage-first heap   total 194560K, used 6547K [0x0000000743600000, 0x0000000800000000)
  region size 2048K, 1 young (2048K), 1 survivors (2048K)
 Metaspace       used 3702K, committed 3840K, reserved 1056768K
  class space    used 451K, committed 512K, reserved 1048576K
}
Event: 0.867 GC heap before
{Heap before GC invocations=1 (full 0):
 garbage-first heap   total 194560K, used 12691K [0x0000000743600000, 0x0000000800000000)
  region size 2048K, 4 young (8192K), 1 survivors (2048K)
 Metaspace       used 5605K, committed 5824K, reserved 1056768K
  class space    used 665K, committed 768K, reserved 1048576K
}
Event: 0.869 GC heap after
{Heap after GC invocations=2 (full 0):
 garbage-first heap   total 194560K, used 7566K [0x0000000743600000, 0x0000000800000000)
  region size 2048K, 1 young (2048K), 1 survivors (2048K)
 Metaspace       used 5605K, committed 5824K, reserved 1056768K
  class space    used 665K, committed 768K, reserved 1048576K
}
Event: 1.544 GC heap before
{Heap before GC invocations=2 (full 0):
 garbage-first heap   total 194560K, used 28046K [0x0000000743600000, 0x0000000800000000)
  region size 2048K, 11 young (22528K), 1 survivors (2048K)
 Metaspace       used 10491K, committed 10752K, reserved 1064960K
  class space    used 1436K, committed 1600K, reserved 1048576K
}
Event: 1.548 GC heap after
{Heap after GC invocations=3 (full 0):
 garbage-first heap   total 194560K, used 9482K [0x0000000743600000, 0x0000000800000000)
  region size 2048K, 2 young (4096K), 2 survivors (4096K)
 Metaspace       used 10491K, committed 10752K, reserved 1064960K
  class space    used 1436K, committed 1600K, reserved 1048576K
}

Deoptimization events (4 events):
Event: 0.904 Thread 0x000001ebe25df380 DEOPT PACKING pc=0x000001ebeb8a0a01 sp=0x0000008897dfdbb0
Event: 0.904 Thread 0x000001ebe25df380 DEOPT UNPACKING pc=0x000001ebeb616763 sp=0x0000008897dfd008 mode 3
Event: 1.665 Thread 0x000001ebe25df380 DEOPT PACKING pc=0x000001ebebae6df9 sp=0x0000008897dfd660
Event: 1.665 Thread 0x000001ebe25df380 DEOPT UNPACKING pc=0x000001ebeb616763 sp=0x0000008897dfcb40 mode 3

Classes unloaded (0 events):
No events

Classes redefined (0 events):
No events

Internal exceptions (20 events):
Event: 1.706 Thread 0x000001ebf96f9d10 Exception <a 'java/lang/NoSuchMethodError'{0x000000074e35b270}: 'long java.lang.invoke.DirectMethodHandle$Holder.invokeStatic(java.lang.Object, java.lang.Object)'> (0x000000074e35b270) 
thrown [t:\workspace\open\src\hotspot\share\interpreter\linkResolver.cpp, line 766]
Event: 1.706 Thread 0x000001ebf96f9d10 Exception <a 'java/lang/NoSuchMethodError'{0x000000074e35e870}: 'long java.lang.invoke.DirectMethodHandle$Holder.invokeStaticInit(java.lang.Object, java.lang.Object)'> (0x000000074e35e870) 
thrown [t:\workspace\open\src\hotspot\share\interpreter\linkResolver.cpp, line 766]
Event: 1.709 Thread 0x000001ebf96f9d10 Exception <a 'java/lang/NoSuchMethodError'{0x000000074e3864d0}: 'long java.lang.invoke.DirectMethodHandle$Holder.invokeInterface(java.lang.Object, java.lang.Object)'> (0x000000074e3864d0) 
thrown [t:\workspace\open\src\hotspot\share\interpreter\linkResolver.cpp, line 766]
Event: 1.709 Thread 0x000001ebf96f9d10 Exception <a 'java/lang/IncompatibleClassChangeError'{0x000000074e389a60}: Found class java.lang.Object, but interface was expected> (0x000000074e389a60) 
thrown [t:\workspace\open\src\hotspot\share\interpreter\linkResolver.cpp, line 833]
Event: 1.720 Thread 0x000001ebf96f9d10 Exception <a 'java/lang/NoSuchMethodError'{0x000000074e3f5438}: 'java.lang.Object java.lang.invoke.DirectMethodHandle$Holder.invokeVirtual(java.lang.Object, java.lang.Object, java.lang.Object, java.lang.Object)'> (0x000000074e3f5438) 
thrown [t:\workspace\open\src\hotspot\share\interpreter\linkResolver.cpp, line 766]
Event: 1.738 Thread 0x000001ebe25df380 Exception <a 'java/lang/ClassNotFoundException'{0x000000074e093740}: java/lang/ObjectCustomizer> (0x000000074e093740) 
thrown [t:\workspace\open\src\hotspot\share\classfile\systemDictionary.cpp, line 256]
Event: 1.740 Thread 0x000001ebe25df380 Exception <a 'java/lang/IncompatibleClassChangeError'{0x000000074e0984b0}: Found class java.lang.Object, but interface was expected> (0x000000074e0984b0) 
thrown [t:\workspace\open\src\hotspot\share\interpreter\linkResolver.cpp, line 833]
Event: 1.744 Thread 0x000001ebe25df380 Exception <a 'java/lang/ClassNotFoundException'{0x000000074e0ac8e0}: org/springframework/context/annotation/ConfigurationClassPostProcessorCustomizer> (0x000000074e0ac8e0) 
thrown [t:\workspace\open\src\hotspot\share\classfile\systemDictionary.cpp, line 256]
Event: 1.749 Thread 0x000001ebe25df380 Exception <a 'java/lang/ClassNotFoundException'{0x000000074e0d15b8}: org/springframework/beans/factory/support/BeanDefinitionRegistryPostProcessorCustomizer> (0x000000074e0d15b8) 
thrown [t:\workspace\open\src\hotspot\share\classfile\systemDictionary.cpp, line 256]
Event: 1.749 Thread 0x000001ebe25df380 Exception <a 'java/lang/ClassNotFoundException'{0x000000074e0d6fa8}: org/springframework/beans/factory/config/BeanFactoryPostProcessorCustomizer> (0x000000074e0d6fa8) 
thrown [t:\workspace\open\src\hotspot\share\classfile\systemDictionary.cpp, line 256]
Event: 1.750 Thread 0x000001ebe25df380 Exception <a 'java/lang/ClassNotFoundException'{0x000000074e0dc600}: org/springframework/core/PriorityOrderedCustomizer> (0x000000074e0dc600) 
thrown [t:\workspace\open\src\hotspot\share\classfile\systemDictionary.cpp, line 256]
Event: 1.750 Thread 0x000001ebe25df380 Exception <a 'java/lang/ClassNotFoundException'{0x000000074e0e0830}: org/springframework/core/OrderedCustomizer> (0x000000074e0e0830) 
thrown [t:\workspace\open\src\hotspot\share\classfile\systemDictionary.cpp, line 256]
Event: 1.753 Thread 0x000001ebe25df380 Exception <a 'java/lang/ClassNotFoundException'{0x000000074e0e5da8}: org/springframework/context/ResourceLoaderAwareCustomizer> (0x000000074e0e5da8) 
thrown [t:\workspace\open\src\hotspot\share\classfile\systemDictionary.cpp, line 256]
Event: 1.757 Thread 0x000001ebe25df380 Exception <a 'java/lang/ClassNotFoundException'{0x000000074e0eb418}: org/springframework/beans/factory/AwareCustomizer> (0x000000074e0eb418) 
thrown [t:\workspace\open\src\hotspot\share\classfile\systemDictionary.cpp, line 256]
Event: 1.757 Thread 0x000001ebe25df380 Exception <a 'java/lang/ClassNotFoundException'{0x000000074e0efaa0}: org/springframework/context/ApplicationStartupAwareCustomizer> (0x000000074e0efaa0) 
thrown [t:\workspace\open\src\hotspot\share\classfile\systemDictionary.cpp, line 256]
Event: 1.758 Thread 0x000001ebe25df380 Exception <a 'java/lang/ClassNotFoundException'{0x000000074e0f5398}: org/springframework/beans/factory/AwareCustomizer> (0x000000074e0f5398) 
thrown [t:\workspace\open\src\hotspot\share\classfile\systemDictionary.cpp, line 256]
Event: 1.758 Thread 0x000001ebe25df380 Exception <a 'java/lang/ClassNotFoundException'{0x000000074e0f9b08}: org/springframework/beans/factory/BeanClassLoaderAwareCustomizer> (0x000000074e0f9b08) 
thrown [t:\workspace\open\src\hotspot\share\classfile\systemDictionary.cpp, line 256]
Event: 1.763 Thread 0x000001ebe25df380 Exception <a 'java/lang/ClassNotFoundException'{0x000000074e0ff160}: org/springframework/beans/factory/AwareCustomizer> (0x000000074e0ff160) 
thrown [t:\workspace\open\src\hotspot\share\classfile\systemDictionary.cpp, line 256]
Event: 1.763 Thread 0x000001ebe25df380 Exception <a 'java/lang/ClassNotFoundException'{0x000000074e1035c0}: org/springframework/context/EnvironmentAwareCustomizer> (0x000000074e1035c0) 
thrown [t:\workspace\open\src\hotspot\share\classfile\systemDictionary.cpp, line 256]
Event: 1.764 Thread 0x000001ebe25df380 Exception <a 'java/lang/ClassNotFoundException'{0x000000074e108bb0}: org/springframework/beans/factory/AwareCustomizer> (0x000000074e108bb0) 
thrown [t:\workspace\open\src\hotspot\share\classfile\systemDictionary.cpp, line 256]

VM Operations (20 events):
Event: 0.722 Executing VM operation: HandshakeAllThreads
Event: 0.722 Executing VM operation: HandshakeAllThreads done
Event: 0.857 Executing VM operation: HandshakeAllThreads
Event: 0.857 Executing VM operation: HandshakeAllThreads done
Event: 0.867 Executing VM operation: G1CollectForAllocation
Event: 0.869 Executing VM operation: G1CollectForAllocation done
Event: 0.979 Executing VM operation: HandshakeAllThreads
Event: 0.979 Executing VM operation: HandshakeAllThreads done
Event: 1.094 Executing VM operation: HandshakeAllThreads
Event: 1.094 Executing VM operation: HandshakeAllThreads done
Event: 1.538 Executing VM operation: ICBufferFull
Event: 1.538 Executing VM operation: ICBufferFull done
Event: 1.544 Executing VM operation: G1CollectForAllocation
Event: 1.548 Executing VM operation: G1CollectForAllocation done
Event: 1.556 Executing VM operation: HandshakeAllThreads
Event: 1.556 Executing VM operation: HandshakeAllThreads done
Event: 1.714 Executing VM operation: HandshakeAllThreads
Event: 1.714 Executing VM operation: HandshakeAllThreads done
Event: 1.780 Executing VM operation: HandshakeAllThreads
Event: 1.780 Executing VM operation: HandshakeAllThreads done

Events (20 events):
Event: 1.741 loading class java/beans/PropertyVetoException
Event: 1.741 loading class java/beans/PropertyVetoException done
Event: 1.742 loading class com/sun/beans/WildcardTypeImpl
Event: 1.742 loading class com/sun/beans/WildcardTypeImpl done
Event: 1.742 loading class java/beans/BeanProperty
Event: 1.742 loading class java/beans/BeanProperty done
Event: 1.742 loading class jdk/internal/vm/annotation/IntrinsicCandidate
Event: 1.742 loading class jdk/internal/vm/annotation/IntrinsicCandidate done
Event: 1.743 loading class com/sun/beans/introspect/PropertyInfo$Name
Event: 1.743 loading class com/sun/beans/introspect/PropertyInfo$Name done
Event: 1.743 loading class java/beans/IndexedPropertyDescriptor
Event: 1.743 loading class java/beans/IndexedPropertyDescriptor done
Event: 1.743 loading class java/beans/GenericBeanInfo
Event: 1.743 loading class java/beans/SimpleBeanInfo
Event: 1.743 loading class java/beans/SimpleBeanInfo done
Event: 1.743 loading class java/beans/GenericBeanInfo done
Event: 1.744 loading class java/util/Hashtable$EntrySet
Event: 1.744 loading class java/util/Hashtable$EntrySet done
Event: 1.747 loading class java/util/AbstractList$ListItr
Event: 1.748 loading class java/util/AbstractList$ListItr done


Dynamic libraries:
0x00007ff75a310000 - 0x00007ff75a31e000 	C:\Users\User\.jdks\openjdk-17.0.1\bin\java.exe
0x00007ff8ba610000 - 0x00007ff8ba805000 	C:\WINDOWS\SYSTEM32\ntdll.dll
0x00007ff8b95b0000 - 0x00007ff8b966e000 	C:\WINDOWS\System32\KERNEL32.DLL
0x00007ff8b8270000 - 0x00007ff8b8538000 	C:\WINDOWS\System32\KERNELBASE.dll
0x00007ff8b8170000 - 0x00007ff8b8270000 	C:\WINDOWS\System32\ucrtbase.dll
0x00007ff8a56b0000 - 0x00007ff8a56c8000 	C:\Users\User\.jdks\openjdk-17.0.1\bin\jli.dll
0x00007ff8a54f0000 - 0x00007ff8a550a000 	C:\Users\User\.jdks\openjdk-17.0.1\bin\VCRUNTIME140.dll
0x00007ff8b8a10000 - 0x00007ff8b8bb0000 	C:\WINDOWS\System32\USER32.dll
0x00007ff8b8140000 - 0x00007ff8b8162000 	C:\WINDOWS\System32\win32u.dll
0x00007ff8b9cd0000 - 0x00007ff8b9cfb000 	C:\WINDOWS\System32\GDI32.dll
0x00007ff8a4c50000 - 0x00007ff8a4eea000 	C:\WINDOWS\WinSxS\amd64_microsoft.windows.common-controls_6595b64144ccf1df_6.0.19041.1110_none_60b5254171f9507e\COMCTL32.dll
0x00007ff8b7f00000 - 0x00007ff8b800d000 	C:\WINDOWS\System32\gdi32full.dll
0x00007ff8b80a0000 - 0x00007ff8b813d000 	C:\WINDOWS\System32\msvcp_win.dll
0x00007ff8b86e0000 - 0x00007ff8b877e000 	C:\WINDOWS\System32\msvcrt.dll
0x00007ff8b89e0000 - 0x00007ff8b8a10000 	C:\WINDOWS\System32\IMM32.DLL
0x00007ff8afbc0000 - 0x00007ff8afbcc000 	C:\Users\User\.jdks\openjdk-17.0.1\bin\vcruntime140_1.dll
0x00007ff8a1190000 - 0x00007ff8a121d000 	C:\Users\User\.jdks\openjdk-17.0.1\bin\msvcp140.dll
0x00007ff888940000 - 0x00007ff8894fe000 	C:\Users\User\.jdks\openjdk-17.0.1\bin\server\jvm.dll
0x00007ff8b9f00000 - 0x00007ff8b9fae000 	C:\WINDOWS\System32\ADVAPI32.dll
0x00007ff8b93c0000 - 0x00007ff8b945c000 	C:\WINDOWS\System32\sechost.dll
0x00007ff8b9fb0000 - 0x00007ff8ba0d5000 	C:\WINDOWS\System32\RPCRT4.dll
0x00007ff8b8bb0000 - 0x00007ff8b8bb8000 	C:\WINDOWS\System32\PSAPI.DLL
0x00007ff89f040000 - 0x00007ff89f049000 	C:\WINDOWS\SYSTEM32\WSOCK32.dll
0x00007ff8b9460000 - 0x00007ff8b94cb000 	C:\WINDOWS\System32\WS2_32.dll
0x00007ff8a50a0000 - 0x00007ff8a50c7000 	C:\WINDOWS\SYSTEM32\WINMM.dll
0x00007ff8b10c0000 - 0x00007ff8b10ca000 	C:\WINDOWS\SYSTEM32\VERSION.dll
0x00007ff8b65f0000 - 0x00007ff8b6602000 	C:\WINDOWS\SYSTEM32\kernel.appcore.dll
0x00007ff8a56a0000 - 0x00007ff8a56aa000 	C:\Users\User\.jdks\openjdk-17.0.1\bin\jimage.dll
0x00007ff8a2170000 - 0x00007ff8a2354000 	C:\WINDOWS\SYSTEM32\DBGHELP.DLL
0x00007ff8a1fa0000 - 0x00007ff8a1fcc000 	C:\WINDOWS\SYSTEM32\dbgcore.DLL
0x00007ff8b8010000 - 0x00007ff8b8092000 	C:\WINDOWS\System32\bcryptPrimitives.dll
0x00007ff8a54b0000 - 0x00007ff8a54be000 	C:\Users\User\.jdks\openjdk-17.0.1\bin\instrument.dll
0x00007ff8a54c0000 - 0x00007ff8a54e5000 	C:\Users\User\.jdks\openjdk-17.0.1\bin\java.dll
0x00007ff8a10b0000 - 0x00007ff8a1186000 	C:\Users\User\.jdks\openjdk-17.0.1\bin\svml.dll
0x00007ff8b8bc0000 - 0x00007ff8b9304000 	C:\WINDOWS\System32\SHELL32.dll
0x00007ff8b5dc0000 - 0x00007ff8b6554000 	C:\WINDOWS\SYSTEM32\windows.storage.dll
0x00007ff8ba140000 - 0x00007ff8ba495000 	C:\WINDOWS\System32\combase.dll
0x00007ff8b7770000 - 0x00007ff8b779e000 	C:\WINDOWS\SYSTEM32\Wldp.dll
0x00007ff8b88d0000 - 0x00007ff8b897d000 	C:\WINDOWS\System32\SHCORE.dll
0x00007ff8b8810000 - 0x00007ff8b8865000 	C:\WINDOWS\System32\shlwapi.dll
0x00007ff8b7c60000 - 0x00007ff8b7c7f000 	C:\WINDOWS\SYSTEM32\profapi.dll
0x00007ff8a5370000 - 0x00007ff8a5388000 	C:\Users\User\.jdks\openjdk-17.0.1\bin\zip.dll
0x00007ff8a5450000 - 0x00007ff8a5469000 	C:\Users\User\.jdks\openjdk-17.0.1\bin\net.dll
0x00007ff8a69c0000 - 0x00007ff8a6acc000 	C:\WINDOWS\SYSTEM32\WINHTTP.dll
0x00007ff8b74d0000 - 0x00007ff8b753a000 	C:\WINDOWS\system32\mswsock.dll
0x00007ff8a5430000 - 0x00007ff8a5445000 	C:\Users\User\.jdks\openjdk-17.0.1\bin\nio.dll
0x00007ff8a5160000 - 0x00007ff8a517a000 	C:\Program Files\JetBrains\IntelliJ IDEA 2021.2.2\bin\breakgen64.dll
0x00007ff8b71c0000 - 0x00007ff8b728b000 	C:\WINDOWS\SYSTEM32\DNSAPI.dll
0x00007ff8b7170000 - 0x00007ff8b71ab000 	C:\WINDOWS\SYSTEM32\IPHLPAPI.DLL
0x00007ff8b9e20000 - 0x00007ff8b9e28000 	C:\WINDOWS\System32\NSI.dll
0x00007ff8a5340000 - 0x00007ff8a534a000 	C:\Windows\System32\rasadhlp.dll
0x00007ff8a5780000 - 0x00007ff8a57ff000 	C:\WINDOWS\System32\fwpuclnt.dll
0x00007ff8b7d20000 - 0x00007ff8b7d47000 	C:\WINDOWS\System32\bcrypt.dll
0x00007ff8a5360000 - 0x00007ff8a5369000 	C:\Users\User\.jdks\openjdk-17.0.1\bin\management.dll
0x00007ff8a51a0000 - 0x00007ff8a51ab000 	C:\Users\User\.jdks\openjdk-17.0.1\bin\management_ext.dll
0x00007ff8b76c0000 - 0x00007ff8b76d8000 	C:\WINDOWS\SYSTEM32\CRYPTSP.dll
0x00007ff8b6de0000 - 0x00007ff8b6e14000 	C:\WINDOWS\system32\rsaenh.dll
0x00007ff8b7c20000 - 0x00007ff8b7c4e000 	C:\WINDOWS\SYSTEM32\USERENV.dll
0x00007ff8b76e0000 - 0x00007ff8b76ec000 	C:\WINDOWS\SYSTEM32\CRYPTBASE.dll
0x00007ff8ad920000 - 0x00007ff8ad937000 	C:\WINDOWS\SYSTEM32\dhcpcsvc6.DLL
0x00007ff8aeff0000 - 0x00007ff8af00d000 	C:\WINDOWS\SYSTEM32\dhcpcsvc.DLL
0x00007ff89dbf0000 - 0x00007ff89dc07000 	C:\WINDOWS\system32\napinsp.dll
0x00007ff89dbd0000 - 0x00007ff89dbeb000 	C:\WINDOWS\system32\pnrpnsp.dll
0x00007ff89db90000 - 0x00007ff89dba5000 	C:\WINDOWS\system32\wshbth.dll
0x00007ff8b33c0000 - 0x00007ff8b33dd000 	C:\WINDOWS\system32\NLAapi.dll
0x00007ff89d8f0000 - 0x00007ff89d902000 	C:\WINDOWS\System32\winrnr.dll

dbghelp: loaded successfully - version: 4.0.5 - missing functions: none
symbol engine: initialized successfully - sym options: 0x614 - pdb path: .;C:\Users\User\.jdks\openjdk-17.0.1\bin;C:\WINDOWS\SYSTEM32;C:\WINDOWS\WinSxS\amd64_microsoft.windows.common-controls_6595b64144ccf1df_6.0.19041.1110_none_60b5254171f9507e;C:\Users\User\.jdks\openjdk-17.0.1\bin\server;C:\Program Files\JetBrains\IntelliJ IDEA 2021.2.2\bin

VM Arguments:
jvm_args: -XX:TieredStopAtLevel=1 -Xverify:none -Dspring.output.ansi.enabled=always -javaagent:C:\Program Files\JetBrains\IntelliJ IDEA 2021.2.2\lib\idea_rt.jar=6325:C:\Program Files\JetBrains\IntelliJ IDEA 2021.2.2\bin -Dcom.sun.management.jmxremote -Dspring.jmx.enabled=true -Dspring.liveBeansView.mbeanDomain -Dspring.application.admin.enabled=true -Dfile.encoding=UTF-8 
java_command: uz.master.demotest.DemoTestApplication
java_class_path (initial): C:\Users\User\Desktop\AtomsProject\target\classes;C:\Users\User\.m2\repository\org\hibernate\validator\hibernate-validator\7.0.2.Final\hibernate-validator-7.0.2.Final.jar;C:\Users\User\.m2\repository\jakarta\validation\jakarta.validation-api\2.0.2\jakarta.validation-api-2.0.2.jar;C:\Users\User\.m2\repository\org\jboss\logging\jboss-logging\3.4.3.Final\jboss-logging-3.4.3.Final.jar;C:\Users\User\.m2\repository\com\fasterxml\classmate\1.5.1\classmate-1.5.1.jar;C:\Users\User\.m2\repository\org\springframework\boot\spring-boot-starter-security\2.6.3\spring-boot-starter-security-2.6.3.jar;C:\Users\User\.m2\repository\org\springframework\boot\spring-boot-starter\2.6.3\spring-boot-starter-2.6.3.jar;C:\Users\User\.m2\repository\org\springframework\boot\spring-boot\2.6.3\spring-boot-2.6.3.jar;C:\Users\User\.m2\repository\org\springframework\boot\spring-boot-autoconfigure\2.6.3\spring-boot-autoconfigure-2.6.3.jar;C:\Users\User\.m2\repository\org\springframework\boot\spring-boot-starter-logging\2.6.3\spring-boot-starter-logging-2.6.3.jar;C:\Users\User\.m2\repository\ch\qos\logback\logback-classic\1.2.10\logback-classic-1.2.10.jar;C:\Users\User\.m2\repository\ch\qos\logback\logback-core\1.2.10\logback-core-1.2.10.jar;C:\Users\User\.m2\repository\org\apache\logging\log4j\log4j-to-slf4j\2.17.1\log4j-to-slf4j-2.17.1.jar;C:\Users\User\.m2\repository\org\apache\logging\log4j\log4j-api\2.17.1\log4j-api-2.17.1.jar;C:\Users\User\.m2\repository\org\slf4j\jul-to-slf4j\1.7.33\jul-to-slf4j-1.7.33.jar;C:\Users\User\.m2\repository\jakarta\annotation\jakarta.annotation-api\1.3.5\jakarta.annotation-api-1.3.5.jar;C:\Users\User\.m2\repository\org\yaml\snakeyaml\1.29\snakeyaml-1.29.jar;C:\Users\User\.m2\repository\org\springframework\spring-aop\5.3.15\spring-aop-5.3.15.jar;C:\Users\User\.m2\repository\org\springframework\spring-beans\5.3.15\spring-beans-5.3.15.jar;C:\Users\User\.m2\repository\org\springframework\security\spring-security-config\5.6.1\spring-security-co
Launcher Type: SUN_STANDARD

[Global flags]
     intx CICompilerCount                          = 3                                         {product} {ergonomic}
     uint ConcGCThreads                            = 1                                         {product} {ergonomic}
     uint G1ConcRefinementThreads                  = 4                                         {product} {ergonomic}
   size_t G1HeapRegionSize                         = 2097152                                   {product} {ergonomic}
    uintx GCDrainStackTargetSize                   = 64                                        {product} {ergonomic}
   size_t InitialHeapSize                          = 199229440                                 {product} {ergonomic}
     bool ManagementServer                         = true                                      {product} {command line}
   size_t MarkStackSize                            = 4194304                                   {product} {ergonomic}
   size_t MaxHeapSize                              = 3164602368                                {product} {ergonomic}
   size_t MaxNewSize                               = 1897922560                                {product} {ergonomic}
   size_t MinHeapDeltaBytes                        = 2097152                                   {product} {ergonomic}
   size_t MinHeapSize                              = 8388608                                   {product} {ergonomic}
    uintx NonProfiledCodeHeapSize                  = 0                                      {pd product} {ergonomic}
     bool ProfileInterpreter                       = false                                  {pd product} {command line}
    uintx ProfiledCodeHeapSize                     = 0                                      {pd product} {ergonomic}
   size_t SoftMaxHeapSize                          = 3164602368                             {manageable} {ergonomic}
     intx TieredStopAtLevel                        = 1                                         {product} {command line}
     bool UseCompressedClassPointers               = true                           {product lp64_product} {ergonomic}
     bool UseCompressedOops                        = true                           {product lp64_product} {ergonomic}
     bool UseG1GC                                  = true                                      {product} {ergonomic}
     bool UseLargePagesIndividualAllocation        = false                                  {pd product} {ergonomic}

Logging:
Log output configuration:
 #0: stdout all=warning uptime,level,tags
 #1: stderr all=off uptime,level,tags

Environment Variables:
JAVA_HOME=C:\Program Files\Java\jdk-16.0.1
CLASSPATH=.;
PATH=C:\Program Files\Common Files\Oracle\Java\javapath;C:\Windows\system32;C:\Windows;C:\Windows\System32\Wbem;C:\Windows\System32\WindowsPowerShell\v1.0\;C:\Windows\System32\OpenSSH\;C:\Program Files (x86)\NVIDIA Corporation\PhysX\Common;C:\Program Files\NVIDIA Corporation\NVIDIA NvDLISR;C:\Program Files\Microsoft\Web Platform Installer\;C:\Program Files (x86)\Microsoft ASP.NET\ASP.NET Web Pages\v1.0\;C:\Program Files\Microsoft SQL Server\110\Tools\Binn\;C:\WINDOWS\system32;C:\WINDOWS;C:\WINDOWS\System32\Wbem;C:\WINDOWS\System32\WindowsPowerShell\v1.0\;C:\WINDOWS\System32\OpenSSH\;C:\Program Files (x86)\Windows Kits\8.0\Windows Performance Toolkit\;C:\Program Files (x86)\Microsoft SQL Server\100\Tools\Binn\;C:\Program Files\Microsoft SQL Server\100\Tools\Binn\;C:\Program Files\Microsoft SQL Server\100\DTS\Binn\;C:\Program Files\Java\jdk-16.0.1\bin;%MAVEN_HOME%\bin;C:\Program Files\Git\cmd;C:\Program Files\MongoDB\Server\4.4\bin;C:\Users\User\AppData\Local\Programs\Python\Python310\Scripts\;C:\Users\User\AppData\Local\Programs\Python\Python310\;c:\Program Files\Java\jdk-16.0.1\bin;C:\Program Files\JetBrains\IntelliJ IDEA 2021.2.2\bin;;C:\Program Files\JetBrains\PyCharm 2021.3.2\bin;;C:\Users\User\AppData\Local\Programs\Microsoft VS Code\bin
USERNAME=User
OS=Windows_NT
PROCESSOR_IDENTIFIER=Intel64 Family 6 Model 126 Stepping 5, GenuineIntel



---------------  S Y S T E M  ---------------

OS:
 Windows 10 , 64 bit Build 19041 (10.0.19041.1503)
OS uptime: 0 days 11:04 hours

CPU: total 4 (initial active 4) (2 cores per cpu, 2 threads per core) family 6 model 126 stepping 5 microcode 0x86, cx8, cmov, fxsr, ht, mmx, 3dnowpref, sse, sse2, sse3, ssse3, sse4.1, sse4.2, popcnt, lzcnt, tsc, tscinvbit, avx, avx2, aes, erms, clmul, bmi1, bmi2, adx, avx512f, avx512dq, avx512cd, avx512bw, avx512vl, sha, fma, vzeroupper, avx512_vpopcntdq, avx512_vpclmulqdq, avx512_vaes, avx512_vnni, clflush, clflushopt, avx512_vbmi2, avx512_vbmi

Memory: 4k page, system-wide physical 12065M (2098M free)
TotalPageFile size 12065M (AvailPageFile size 303M)
current process WorkingSet (physical memory assigned to process): 94M, peak: 94M
current process commit charge ("private bytes"): 291M, peak: 291M

vm_info: OpenJDK 64-Bit Server VM (17.0.1+12-39) for windows-amd64 JRE (17.0.1+12-39), built on Sep 27 2021 18:39:29 by "mach5one" with MS VC++ 16.8 (VS2019)

END.
