#
# There is insufficient memory for the Java Runtime Environment to continue.
# Native memory allocation (mmap) failed to map 199229440 bytes for Failed to commit area from 0x0000000743600000 to 0x000000074f400000 of length 199229440.
# Possible reasons:
#   The system is out of physical RAM or swap space
#   The process is running with CompressedOops enabled, and the Java Heap may be blocking the growth of the native heap
# Possible solutions:
#   Reduce memory load on the system
#   Increase physical memory or swap space
#   Check if swap backing store is full
#   Decrease Java heap size (-Xmx/-Xms)
#   Decrease number of Java threads
#   Decrease Java thread stack sizes (-Xss)
#   Set larger code cache with -XX:ReservedCodeCacheSize=
# This output file may be truncated or incomplete.
#
#  Out of Memory Error (./src/hotspot/os/windows/os_windows.cpp:3521), pid=11348, tid=9380
#
# JRE version:  (11.0.12+7) (build )
# Java VM: OpenJDK 64-Bit Server VM (11.0.12+7-b1504.28, mixed mode, sharing, tiered, compressed oops, g1 gc, windows-amd64)
# No core dump will be written. Minidumps are not enabled by default on client versions of Windows
#

---------------  S U M M A R Y ------------

Command Line: git4idea.http.GitAskPassApp Username for 'https://github.com': 

Host: Intel(R) Core(TM) i3-1005G1 CPU @ 1.20GHz, 4 cores, 11G,  Windows 10 , 64 bit Build 19041 (10.0.19041.1503)
Time: Thu Feb 24 17:12:16 2022 West Asia Standard Time elapsed time: 0.011440 seconds (0d 0h 0m 0s)

---------------  T H R E A D  ---------------

Current thread (0x0000028eeb081800):  JavaThread "Unknown thread" [_thread_in_vm, id=9380, stack(0x0000009d86c00000,0x0000009d86d00000)]

Stack: [0x0000009d86c00000,0x0000009d86d00000]
Native frames: (J=compiled Java code, j=interpreted, Vv=VM code, C=native code)
V  [jvm.dll+0x5ff40a]
V  [jvm.dll+0x783b65]
V  [jvm.dll+0x78517d]
V  [jvm.dll+0x785833]
V  [jvm.dll+0x249408]
V  [jvm.dll+0x5fc7f4]
V  [jvm.dll+0x5f13c5]
V  [jvm.dll+0x3076bb]
V  [jvm.dll+0x30762a]
V  [jvm.dll+0x307502]
V  [jvm.dll+0x30c466]
V  [jvm.dll+0x355543]
V  [jvm.dll+0x355c46]
V  [jvm.dll+0x355643]
V  [jvm.dll+0x2e2018]
V  [jvm.dll+0x2e31c7]
V  [jvm.dll+0x761f57]
V  [jvm.dll+0x76374c]
V  [jvm.dll+0x362ab9]
V  [jvm.dll+0x7455be]
V  [jvm.dll+0x3cb673]
V  [jvm.dll+0x3cda21]
C  [jli.dll+0x536b]
C  [ucrtbase.dll+0x21bb2]
C  [KERNEL32.DLL+0x17034]
C  [ntdll.dll+0x52651]


---------------  P R O C E S S  ---------------

Threads class SMR info:
_java_thread_list=0x0000028eeaf43d70, length=0, elements={
}

Java Threads: ( => current thread )

Other Threads:
  0x0000028eeb099800 GCTaskThread "GC Thread#0" [stack: 0x0000009d86d00000,0x0000009d86e00000] [id=11784]
  0x0000028eeb0e1800 ConcurrentGCThread "G1 Main Marker" [stack: 0x0000009d86e00000,0x0000009d86f00000] [id=10884]
  0x0000028eeb0e3800 ConcurrentGCThread "G1 Conc#0" [stack: 0x0000009d86f00000,0x0000009d87000000] [id=6124]

[error occurred during error reporting (printing all threads), id 0xc0000005, EXCEPTION_ACCESS_VIOLATION (0xc0000005) at pc=0x00007ffdf20a27a7]

VM state:not at safepoint (not fully initialized)

VM Mutex/Monitor currently owned by a thread:  ([mutex/lock_event])
[0x0000028eeb07c1b0] Heap_lock - owner thread: 0x0000028eeb081800

Heap address: 0x0000000743600000, size: 3018 MB, Compressed Oops mode: Non-zero based: 0x0000000743600000
Narrow klass base: 0x0000000000000000, Narrow klass shift: 0

GC Heap History (0 events):
No events

Deoptimization events (0 events):
No events

Classes redefined (0 events):
No events

Internal exceptions (0 events):
No events

Events (1 events):
Event: 0.007 Loaded shared library C:\Program Files\JetBrains\IntelliJ IDEA 2021.2.2\jbr\bin\zip.dll


Dynamic libraries:
0x00007ff634810000 - 0x00007ff63481a000 	C:\Program Files\JetBrains\IntelliJ IDEA 2021.2.2\jbr\bin\java.exe
0x00007ffe1ff50000 - 0x00007ffe20145000 	C:\WINDOWS\SYSTEM32\ntdll.dll
0x00007ffe1f8a0000 - 0x00007ffe1f95e000 	C:\WINDOWS\System32\KERNEL32.DLL
0x00007ffe1dac0000 - 0x00007ffe1dd88000 	C:\WINDOWS\System32\KERNELBASE.dll
0x00007ffe1dea0000 - 0x00007ffe1dfa0000 	C:\WINDOWS\System32\ucrtbase.dll
0x00007ffe16b20000 - 0x00007ffe16b37000 	C:\Program Files\JetBrains\IntelliJ IDEA 2021.2.2\jbr\bin\VCRUNTIME140.dll
0x00007ffe156b0000 - 0x00007ffe156c9000 	C:\Program Files\JetBrains\IntelliJ IDEA 2021.2.2\jbr\bin\jli.dll
0x00007ffe1ef30000 - 0x00007ffe1f0d0000 	C:\WINDOWS\System32\USER32.dll
0x00007ffe1d930000 - 0x00007ffe1d952000 	C:\WINDOWS\System32\win32u.dll
0x00007ffe09ab0000 - 0x00007ffe09d4a000 	C:\WINDOWS\WinSxS\amd64_microsoft.windows.common-controls_6595b64144ccf1df_6.0.19041.1110_none_60b5254171f9507e\COMCTL32.dll
0x00007ffe1fc70000 - 0x00007ffe1fc9b000 	C:\WINDOWS\System32\GDI32.dll
0x00007ffe1dd90000 - 0x00007ffe1de9d000 	C:\WINDOWS\System32\gdi32full.dll
0x00007ffe1f800000 - 0x00007ffe1f89e000 	C:\WINDOWS\System32\msvcrt.dll
0x00007ffe1d660000 - 0x00007ffe1d6fd000 	C:\WINDOWS\System32\msvcp_win.dll
0x00007ffe1f760000 - 0x00007ffe1f790000 	C:\WINDOWS\System32\IMM32.DLL
0x00007ffe109c0000 - 0x00007ffe10a5d000 	C:\Program Files\JetBrains\IntelliJ IDEA 2021.2.2\jbr\bin\msvcp140.dll
0x00007ffdf1db0000 - 0x00007ffdf2908000 	C:\Program Files\JetBrains\IntelliJ IDEA 2021.2.2\jbr\bin\server\jvm.dll
0x00007ffe1e070000 - 0x00007ffe1e11e000 	C:\WINDOWS\System32\ADVAPI32.dll
0x00007ffe1fde0000 - 0x00007ffe1fe7c000 	C:\WINDOWS\System32\sechost.dll
0x00007ffe1fb40000 - 0x00007ffe1fc65000 	C:\WINDOWS\System32\RPCRT4.dll
0x00007ffe1f600000 - 0x00007ffe1f608000 	C:\WINDOWS\System32\PSAPI.DLL
0x00007ffe03dd0000 - 0x00007ffe03dd9000 	C:\WINDOWS\SYSTEM32\WSOCK32.dll
0x00007ffe09f10000 - 0x00007ffe09f37000 	C:\WINDOWS\SYSTEM32\WINMM.dll
0x00007ffe1f790000 - 0x00007ffe1f7fb000 	C:\WINDOWS\System32\WS2_32.dll
0x00007ffe16530000 - 0x00007ffe1653a000 	C:\WINDOWS\SYSTEM32\VERSION.dll
0x00007ffe1bf10000 - 0x00007ffe1bf22000 	C:\WINDOWS\SYSTEM32\kernel.appcore.dll
0x00007ffe19ea0000 - 0x00007ffe19eb1000 	C:\Program Files\JetBrains\IntelliJ IDEA 2021.2.2\jbr\bin\verify.dll
0x00007ffe07a60000 - 0x00007ffe07c44000 	C:\WINDOWS\SYSTEM32\DBGHELP.DLL
0x00007ffe06d70000 - 0x00007ffe06d9c000 	C:\WINDOWS\SYSTEM32\dbgcore.DLL
0x00007ffe1d8a0000 - 0x00007ffe1d922000 	C:\WINDOWS\System32\bcryptPrimitives.dll
0x00007ffe18410000 - 0x00007ffe18439000 	C:\Program Files\JetBrains\IntelliJ IDEA 2021.2.2\jbr\bin\java.dll
0x00007ffe19de0000 - 0x00007ffe19deb000 	C:\Program Files\JetBrains\IntelliJ IDEA 2021.2.2\jbr\bin\jimage.dll
0x00007ffe184c0000 - 0x00007ffe184d8000 	C:\Program Files\JetBrains\IntelliJ IDEA 2021.2.2\jbr\bin\zip.dll

dbghelp: loaded successfully - version: 4.0.5 - missing functions: none
symbol engine: initialized successfully - sym options: 0x614 - pdb path: .;C:\Program Files\JetBrains\IntelliJ IDEA 2021.2.2\jbr\bin;C:\WINDOWS\SYSTEM32;C:\WINDOWS\WinSxS\amd64_microsoft.windows.common-controls_6595b64144ccf1df_6.0.19041.1110_none_60b5254171f9507e;C:\Program Files\JetBrains\IntelliJ IDEA 2021.2.2\jbr\bin\server

VM Arguments:
java_command: git4idea.http.GitAskPassApp Username for 'https://github.com': 
java_class_path (initial): C:/Program Files/JetBrains/IntelliJ IDEA 2021.2.2/plugins/git4idea/lib/git4idea-rt.jar;C:/Program Files/JetBrains/IntelliJ IDEA 2021.2.2/lib/3rd-party.jar
Launcher Type: SUN_STANDARD

[Global flags]
     intx CICompilerCount                          = 3                                         {product} {ergonomic}
     uint ConcGCThreads                            = 1                                         {product} {ergonomic}
     uint G1ConcRefinementThreads                  = 4                                         {product} {ergonomic}
   size_t G1HeapRegionSize                         = 1048576                                   {product} {ergonomic}
    uintx GCDrainStackTargetSize                   = 64                                        {product} {ergonomic}
   size_t InitialHeapSize                          = 199229440                                 {product} {ergonomic}
   size_t MarkStackSize                            = 4194304                                   {product} {ergonomic}
   size_t MaxHeapSize                              = 3164602368                                {product} {ergonomic}
   size_t MinHeapDeltaBytes                        = 1048576                                   {product} {ergonomic}
    uintx NonNMethodCodeHeapSize                   = 5830732                                {pd product} {ergonomic}
    uintx NonProfiledCodeHeapSize                  = 122913754                              {pd product} {ergonomic}
    uintx ProfiledCodeHeapSize                     = 122913754                              {pd product} {ergonomic}
    uintx ReservedCodeCacheSize                    = 251658240                              {pd product} {ergonomic}
     bool SegmentedCodeCache                       = true                                      {product} {ergonomic}
     bool UseCompressedClassPointers               = true                                 {lp64_product} {ergonomic}
     bool UseCompressedOops                        = true                                 {lp64_product} {ergonomic}
     bool UseG1GC                                  = true                                      {product} {ergonomic}
     bool UseLargePagesIndividualAllocation        = false                                  {pd product} {ergonomic}

Logging:
Log output configuration:
 #0: stdout all=warning uptime,level,tags
 #1: stderr all=off uptime,level,tags

Environment Variables:
JAVA_HOME=C:\Program Files\Java\jdk-16.0.1
CLASSPATH=.;
PATH=C:\Program Files\Git\mingw64\libexec\git-core;C:\Program Files\Git\mingw64\libexec\git-core;C:\Program Files\Git\mingw64\bin;C:\Program Files\Git\usr\bin;C:\Users\User\bin;C:\Program Files\Common Files\Oracle\Java\javapath;C:\Windows\system32;C:\Windows;C:\Windows\System32\Wbem;C:\Windows\System32\WindowsPowerShell\v1.0;C:\Windows\System32\OpenSSH;C:\Program Files (x86)\NVIDIA Corporation\PhysX\Common;C:\Program Files\NVIDIA Corporation\NVIDIA NvDLISR;C:\Program Files\Microsoft\Web Platform Installer;C:\Program Files (x86)\Microsoft ASP.NET\ASP.NET Web Pages\v1.0;C:\Program Files\Microsoft SQL Server\110\Tools\Binn;C:\WINDOWS\system32;C:\WINDOWS;C:\WINDOWS\System32\Wbem;C:\WINDOWS\System32\WindowsPowerShell\v1.0;C:\WINDOWS\System32\OpenSSH;C:\Program Files (x86)\Windows Kits\8.0\Windows Performance Toolkit;C:\Program Files (x86)\Microsoft SQL Server\100\Tools\Binn;C:\Program Files\Microsoft SQL Server\100\Tools\Binn;C:\Program Files\Microsoft SQL Server\100\DTS\Binn;C:\Program Files\Java\jdk-16.0.1\bin;%MAVEN_HOME%\bin;C:\Program Files\Git\cmd;C:\Program Files\MongoDB\Server\4.4\bin;C:\Users\User\AppData\Local\Programs\Python\Python310\Scripts;C:\Users\User\AppData\Local\Programs\Python\Python310;C:\Program Files\Java\jdk-16.0.1\bin;C:\Program Files\JetBrains\IntelliJ IDEA 2021.2.2\bin;C:\Program Files\JetBrains\PyCharm 2021.3.2\bin;C:\Users\User\AppData\Local\Programs\Microsoft VS Code\bin
USERNAME=User
DISPLAY=:0.0
LC_ALL=en_US.UTF-8
OS=Windows_NT
PROCESSOR_IDENTIFIER=Intel64 Family 6 Model 126 Stepping 5, GenuineIntel



---------------  S Y S T E M  ---------------

OS: Windows 10 , 64 bit Build 19041 (10.0.19041.1503)
OS uptime: 1 days 6:40 hours

CPU:total 4 (initial active 4) (2 cores per cpu, 2 threads per core) family 6 model 126 stepping 5 microcode 0x86, cmov, cx8, fxsr, mmx, sse, sse2, sse3, ssse3, sse4.1, sse4.2, popcnt, avx, avx2, aes, clmul, erms, 3dnowpref, lzcnt, ht, tsc, tscinvbit, bmi1, bmi2, adx, evex, sha, fma

Memory: 4k page, system-wide physical 12065M (2217M free)
TotalPageFile size 12065M (AvailPageFile size 71M)
current process WorkingSet (physical memory assigned to process): 10M, peak: 10M
current process commit charge ("private bytes"): 51M, peak: 241M

vm_info: OpenJDK 64-Bit Server VM (11.0.12+7-b1504.28) for windows-amd64 JRE (11.0.12+7-b1504.28), built on Sep  3 2021 08:39:15 by "" with MS VC++ 14.0 (VS2015)

END.
