#
# There is insufficient memory for the Java Runtime Environment to continue.
# Native memory allocation (mmap) failed to map 65536 bytes for Failed to commit metaspace.
# Possible reasons:
#   The system is out of physical RAM or swap space
#   The process is running with CompressedOops enabled, and the Java Heap may be blocking the growth of the native heap
# Possible solutions:
#   Reduce memory load on the system
#   Increase physical memory or swap space
#   Check if swap backing store is full
#   Decrease Java heap size (-Xmx/-Xms)
#   Decrease number of Java threads
#   Decrease Java thread stack sizes (-Xss)
#   Set larger code cache with -XX:ReservedCodeCacheSize=
#   JVM is running with Zero Based Compressed Oops mode in which the Java heap is
#     placed in the first 32GB address space. The Java Heap base address is the
#     maximum limit for the native heap growth. Please use -XX:HeapBaseMinAddress
#     to set the Java Heap base and to place the Java Heap above 32GB virtual address.
# This output file may be truncated or incomplete.
#
#  Out of Memory Error (virtualSpaceNode.cpp:110), pid=10888, tid=4584
#
# JRE version: OpenJDK Runtime Environment (17.0.1+12) (build 17.0.1+12-39)
# Java VM: OpenJDK 64-Bit Server VM (17.0.1+12-39, mixed mode, emulated-client, sharing, tiered, compressed oops, compressed class ptrs, g1 gc, windows-amd64)
# No core dump will be written. Minidumps are not enabled by default on client versions of Windows
#

---------------  S U M M A R Y ------------

Command Line: -XX:TieredStopAtLevel=1 -Xverify:none -Dspring.output.ansi.enabled=always -javaagent:C:\Program Files\JetBrains\IntelliJ IDEA 2021.2.2\lib\idea_rt.jar=4997:C:\Program Files\JetBrains\IntelliJ IDEA 2021.2.2\bin -Dcom.sun.management.jmxremote -Dspring.jmx.enabled=true -Dspring.liveBeansView.mbeanDomain -Dspring.application.admin.enabled=true -Dfile.encoding=UTF-8 uz.master.demotest.DemoTestApplication

Host: Intel(R) Core(TM) i3-1005G1 CPU @ 1.20GHz, 4 cores, 11G,  Windows 10 , 64 bit Build 19041 (10.0.19041.1503)
Time: Fri Feb 25 17:09:12 2022 West Asia Standard Time elapsed time: 2.499414 seconds (0d 0h 0m 2s)

---------------  T H R E A D  ---------------

Current thread (0x000001903eca4110):  JavaThread "main" [_thread_in_vm, id=4584, stack(0x0000006484100000,0x0000006484200000)]

Stack: [0x0000006484100000,0x0000006484200000]
Native frames: (J=compiled Java code, j=interpreted, Vv=VM code, C=native code)
V  [jvm.dll+0x66fa1a]
V  [jvm.dll+0x7ce5a4]
V  [jvm.dll+0x7cfd4e]
V  [jvm.dll+0x7d03b3]
V  [jvm.dll+0x242b05]
V  [jvm.dll+0x7ca54b]
V  [jvm.dll+0x615b76]
V  [jvm.dll+0x1be19e]
V  [jvm.dll+0x6184b1]
V  [jvm.dll+0x616516]
V  [jvm.dll+0x2370cf]
V  [jvm.dll+0x620145]
V  [jvm.dll+0x1e7dcb]
V  [jvm.dll+0x1e8305]
V  [jvm.dll+0x1e8d3f]
V  [jvm.dll+0x1de1f1]
V  [jvm.dll+0x537690]
V  [jvm.dll+0x7496c8]
V  [jvm.dll+0x7497b4]
V  [jvm.dll+0x408995]
V  [jvm.dll+0x40e9e8]
C  [java.dll+0x17ec]

Java frames: (J=compiled Java code, j=interpreted, Vv=VM code)
J 1220  java.lang.ClassLoader.defineClass1(Ljava/lang/ClassLoader;Ljava/lang/String;[BIILjava/security/ProtectionDomain;Ljava/lang/String;)Ljava/lang/Class; java.base@17.0.1 (0 bytes) @ 0x000001904803bb63 [0x000001904803baa0+0x00000000000000c3]
J 1255 c1 java.lang.ClassLoader.defineClass(Ljava/lang/String;[BIILjava/security/ProtectionDomain;)Ljava/lang/Class; java.base@17.0.1 (43 bytes) @ 0x000001904804d86c [0x000001904804d760+0x000000000000010c]
J 1244 c1 jdk.internal.loader.BuiltinClassLoader.defineClass(Ljava/lang/String;Ljdk/internal/loader/Resource;)Ljava/lang/Class; java.base@17.0.1 (121 bytes) @ 0x00000190480485f4 [0x0000019048048120+0x00000000000004d4]
J 1222 c1 jdk.internal.loader.BuiltinClassLoader.findClassOnClassPathOrNull(Ljava/lang/String;)Ljava/lang/Class; java.base@17.0.1 (64 bytes) @ 0x000001904803d144 [0x000001904803ce80+0x00000000000002c4]
J 1064 c1 jdk.internal.loader.BuiltinClassLoader.loadClassOrNull(Ljava/lang/String;Z)Ljava/lang/Class; java.base@17.0.1 (143 bytes) @ 0x0000019047ff3584 [0x0000019047ff3100+0x0000000000000484]
J 1157 c1 jdk.internal.loader.ClassLoaders$AppClassLoader.loadClass(Ljava/lang/String;Z)Ljava/lang/Class; java.base@17.0.1 (40 bytes) @ 0x000001904801e5ac [0x000001904801e460+0x000000000000014c]
J 1153 c1 java.lang.ClassLoader.loadClass(Ljava/lang/String;)Ljava/lang/Class; java.base@17.0.1 (7 bytes) @ 0x000001904801d6e4 [0x000001904801d6a0+0x0000000000000044]
v  ~StubRoutines::call_stub
j  org.springframework.boot.env.OriginTrackedYamlLoader.createYaml(Lorg/yaml/snakeyaml/LoaderOptions;)Lorg/yaml/snakeyaml/Yaml;+10
j  org.springframework.boot.env.OriginTrackedYamlLoader.createYaml()Lorg/yaml/snakeyaml/Yaml;+26
j  org.springframework.beans.factory.config.YamlProcessor.process(Lorg/springframework/beans/factory/config/YamlProcessor$MatchCallback;)V+1
j  org.springframework.boot.env.OriginTrackedYamlLoader.load()Ljava/util/List;+16
j  org.springframework.boot.env.YamlPropertySourceLoader.load(Ljava/lang/String;Lorg/springframework/core/io/Resource;)Ljava/util/List;+55
j  org.springframework.boot.context.config.StandardConfigDataLoader.load(Lorg/springframework/boot/context/config/ConfigDataLoaderContext;Lorg/springframework/boot/context/config/StandardConfigDataResource;)Lorg/springframework/boot/context/config/ConfigData;+70
j  org.springframework.boot.context.config.StandardConfigDataLoader.load(Lorg/springframework/boot/context/config/ConfigDataLoaderContext;Lorg/springframework/boot/context/config/ConfigDataResource;)Lorg/springframework/boot/context/config/ConfigData;+6
j  org.springframework.boot.context.config.ConfigDataLoaders.load(Lorg/springframework/boot/context/config/ConfigDataLoaderContext;Lorg/springframework/boot/context/config/ConfigDataResource;)Lorg/springframework/boot/context/config/ConfigData;+29
j  org.springframework.boot.context.config.ConfigDataImporter.load(Lorg/springframework/boot/context/config/ConfigDataLoaderContext;Ljava/util/List;)Ljava/util/Map;+106
j  org.springframework.boot.context.config.ConfigDataImporter.resolveAndLoad(Lorg/springframework/boot/context/config/ConfigDataActivationContext;Lorg/springframework/boot/context/config/ConfigDataLocationResolverContext;Lorg/springframework/boot/context/config/ConfigDataLoaderContext;Ljava/util/List;)Ljava/util/Map;+29
j  org.springframework.boot.context.config.ConfigDataEnvironmentContributors.withProcessedImports(Lorg/springframework/boot/context/config/ConfigDataImporter;Lorg/springframework/boot/context/config/ConfigDataActivationContext;)Lorg/springframework/boot/context/config/ConfigDataEnvironmentContributors;+181
j  org.springframework.boot.context.config.ConfigDataEnvironment.processInitial(Lorg/springframework/boot/context/config/ConfigDataEnvironmentContributors;Lorg/springframework/boot/context/config/ConfigDataImporter;)Lorg/springframework/boot/context/config/ConfigDataEnvironmentContributors;+14
j  org.springframework.boot.context.config.ConfigDataEnvironment.processAndApply()V+42
j  org.springframework.boot.context.config.ConfigDataEnvironmentPostProcessor.postProcessEnvironment(Lorg/springframework/core/env/ConfigurableEnvironment;Lorg/springframework/core/io/ResourceLoader;Ljava/util/Collection;)V+34
j  org.springframework.boot.context.config.ConfigDataEnvironmentPostProcessor.postProcessEnvironment(Lorg/springframework/core/env/ConfigurableEnvironment;Lorg/springframework/boot/SpringApplication;)V+10
j  org.springframework.boot.env.EnvironmentPostProcessorApplicationListener.onApplicationEnvironmentPreparedEvent(Lorg/springframework/boot/context/event/ApplicationEnvironmentPreparedEvent;)V+55
j  org.springframework.boot.env.EnvironmentPostProcessorApplicationListener.onApplicationEvent(Lorg/springframework/context/ApplicationEvent;)V+12
j  org.springframework.context.event.SimpleApplicationEventMulticaster.doInvokeListener(Lorg/springframework/context/ApplicationListener;Lorg/springframework/context/ApplicationEvent;)V+2
j  org.springframework.context.event.SimpleApplicationEventMulticaster.invokeListener(Lorg/springframework/context/ApplicationListener;Lorg/springframework/context/ApplicationEvent;)V+34
j  org.springframework.context.event.SimpleApplicationEventMulticaster.multicastEvent(Lorg/springframework/context/ApplicationEvent;Lorg/springframework/core/ResolvableType;)V+83
j  org.springframework.context.event.SimpleApplicationEventMulticaster.multicastEvent(Lorg/springframework/context/ApplicationEvent;)V+7
j  org.springframework.boot.context.event.EventPublishingRunListener.environmentPrepared(Lorg/springframework/boot/ConfigurableBootstrapContext;Lorg/springframework/core/env/ConfigurableEnvironment;)V+21
j  org.springframework.boot.SpringApplicationRunListeners.lambda$environmentPrepared$2(Lorg/springframework/boot/ConfigurableBootstrapContext;Lorg/springframework/core/env/ConfigurableEnvironment;Lorg/springframework/boot/SpringApplicationRunListener;)V+3
j  org.springframework.boot.SpringApplicationRunListeners$$Lambda$146+0x0000000800d0d9b8.accept(Ljava/lang/Object;)V+12
j  java.util.ArrayList.forEach(Ljava/util/function/Consumer;)V+46 java.base@17.0.1
j  org.springframework.boot.SpringApplicationRunListeners.doWithListeners(Ljava/lang/String;Ljava/util/function/Consumer;Ljava/util/function/Consumer;)V+17
j  org.springframework.boot.SpringApplicationRunListeners.doWithListeners(Ljava/lang/String;Ljava/util/function/Consumer;)V+4
j  org.springframework.boot.SpringApplicationRunListeners.environmentPrepared(Lorg/springframework/boot/ConfigurableBootstrapContext;Lorg/springframework/core/env/ConfigurableEnvironment;)V+10
j  org.springframework.boot.SpringApplication.prepareEnvironment(Lorg/springframework/boot/SpringApplicationRunListeners;Lorg/springframework/boot/DefaultBootstrapContext;Lorg/springframework/boot/ApplicationArguments;)Lorg/springframework/core/env/ConfigurableEnvironment;+27
j  org.springframework.boot.SpringApplication.run([Ljava/lang/String;)Lorg/springframework/context/ConfigurableApplicationContext;+52
j  org.springframework.boot.SpringApplication.run([Ljava/lang/Class;[Ljava/lang/String;)Lorg/springframework/context/ConfigurableApplicationContext;+9
j  org.springframework.boot.SpringApplication.run(Ljava/lang/Class;[Ljava/lang/String;)Lorg/springframework/context/ConfigurableApplicationContext;+9
j  uz.master.demotest.DemoTestApplication.main([Ljava/lang/String;)V+3
v  ~StubRoutines::call_stub

---------------  P R O C E S S  ---------------

Threads class SMR info:
_java_thread_list=0x00000190558087c0, length=15, elements={
0x000001903eca4110, 0x000001905470bd30, 0x000001905470c8e0, 0x0000019054722260,
0x0000019054726d30, 0x00000190547276e0, 0x000001905472a0a0, 0x000001905472ab00,
0x000001905475cfb0, 0x00000190546f4030, 0x0000019055172b80, 0x0000019055173090,
0x00000190554f81d0, 0x00000190554f86a0, 0x0000019055773860
}

Java Threads: ( => current thread )
=>0x000001903eca4110 JavaThread "main" [_thread_in_vm, id=4584, stack(0x0000006484100000,0x0000006484200000)]
  0x000001905470bd30 JavaThread "Reference Handler" daemon [_thread_blocked, id=5780, stack(0x0000006484900000,0x0000006484a00000)]
  0x000001905470c8e0 JavaThread "Finalizer" daemon [_thread_blocked, id=6948, stack(0x0000006484a00000,0x0000006484b00000)]
  0x0000019054722260 JavaThread "Signal Dispatcher" daemon [_thread_blocked, id=11988, stack(0x0000006484b00000,0x0000006484c00000)]
  0x0000019054726d30 JavaThread "Attach Listener" daemon [_thread_blocked, id=15108, stack(0x0000006484c00000,0x0000006484d00000)]
  0x00000190547276e0 JavaThread "Service Thread" daemon [_thread_blocked, id=10652, stack(0x0000006484d00000,0x0000006484e00000)]
  0x000001905472a0a0 JavaThread "Monitor Deflation Thread" daemon [_thread_blocked, id=9484, stack(0x0000006484e00000,0x0000006484f00000)]
  0x000001905472ab00 JavaThread "C1 CompilerThread0" daemon [_thread_blocked, id=9688, stack(0x0000006484f00000,0x0000006485000000)]
  0x000001905475cfb0 JavaThread "Sweeper thread" daemon [_thread_blocked, id=416, stack(0x0000006485000000,0x0000006485100000)]
  0x00000190546f4030 JavaThread "Common-Cleaner" daemon [_thread_blocked, id=15112, stack(0x0000006485100000,0x0000006485200000)]
  0x0000019055172b80 JavaThread "C1 CompilerThread1" daemon [_thread_blocked, id=11856, stack(0x0000006485200000,0x0000006485300000)]
  0x0000019055173090 JavaThread "C1 CompilerThread2" daemon [_thread_blocked, id=13872, stack(0x0000006485300000,0x0000006485400000)]
  0x00000190554f81d0 JavaThread "Monitor Ctrl-Break" daemon [_thread_in_native, id=6440, stack(0x0000006485400000,0x0000006485500000)]
  0x00000190554f86a0 JavaThread "Notification Thread" daemon [_thread_blocked, id=8632, stack(0x0000006485500000,0x0000006485600000)]
  0x0000019055773860 JavaThread "RMI TCP Accept-0" daemon [_thread_in_native, id=11228, stack(0x0000006485a00000,0x0000006485b00000)]

Other Threads:
  0x00000190547066f0 VMThread "VM Thread" [stack: 0x0000006484800000,0x0000006484900000] [id=5296]
  0x000001903eca4ed0 WatcherThread [stack: 0x0000006485b00000,0x0000006485c00000] [id=9668]
  0x000001903ece6670 GCTaskThread "GC Thread#0" [stack: 0x0000006484300000,0x0000006484400000] [id=7244]
  0x000001905573c7c0 GCTaskThread "GC Thread#1" [stack: 0x0000006485600000,0x0000006485700000] [id=7324]
  0x000001905573ea80 GCTaskThread "GC Thread#2" [stack: 0x0000006485700000,0x0000006485800000] [id=8636]
  0x000001905573f140 GCTaskThread "GC Thread#3" [stack: 0x0000006485800000,0x0000006485900000] [id=8160]
  0x000001903ec6cf00 ConcurrentGCThread "G1 Main Marker" [stack: 0x0000006484400000,0x0000006484500000] [id=14744]
  0x000001903ec6d910 ConcurrentGCThread "G1 Conc#0" [stack: 0x0000006484500000,0x0000006484600000] [id=6220]
  0x000001903ed6ec80 ConcurrentGCThread "G1 Refine#0" [stack: 0x0000006484600000,0x0000006484700000] [id=9680]
  0x000001905574bca0 ConcurrentGCThread "G1 Refine#1" [stack: 0x0000006485900000,0x0000006485a00000] [id=15328]
  0x00000190545c0bd0 ConcurrentGCThread "G1 Service" [stack: 0x0000006484700000,0x0000006484800000] [id=11732]

Threads with active compile tasks:

VM state: not at safepoint (normal execution)

VM Mutex/Monitor currently owned by a thread:  ([mutex/lock_event])
[0x000001903eca02a0] Metaspace_lock - owner thread: 0x000001903eca4110

Heap address: 0x0000000743600000, size: 3018 MB, Compressed Oops mode: Zero based, Oop shift amount: 3

CDS archive(s) mapped at: [0x0000000800000000-0x0000000800bc0000-0x0000000800bc0000), size 12320768, SharedBaseAddress: 0x0000000800000000, ArchiveRelocationMode: 0.
Compressed class space mapped at: 0x0000000800c00000-0x0000000840c00000, reserved size: 1073741824
Narrow klass base: 0x0000000800000000, Narrow klass shift: 0, Narrow klass range: 0x100000000

GC Precious Log:
 CPUs: 4 total, 4 available
 Memory: 12065M
 Large Page Support: Disabled
 NUMA Support: Disabled
 Compressed Oops: Enabled (Zero based)
 Heap Region Size: 2M
 Heap Min Capacity: 8M
 Heap Initial Capacity: 190M
 Heap Max Capacity: 3018M
 Pre-touch: Disabled
 Parallel Workers: 4
 Concurrent Workers: 1
 Concurrent Refinement Workers: 4
 Periodic GC: Disabled

Heap:
 garbage-first heap   total 194560K, used 19875K [0x0000000743600000, 0x0000000800000000)
  region size 2048K, 8 young (16384K), 1 survivors (2048K)
 Metaspace       used 8648K, committed 8832K, reserved 1056768K
  class space    used 1113K, committed 1216K, reserved 1048576K

Heap Regions: E=young(eden), S=young(survivor), O=old, HS=humongous(starts), HC=humongous(continues), CS=collection set, F=free, OA=open archive, CA=closed archive, TAMS=top-at-mark-start (previous, next)
|   0|0x0000000743600000, 0x0000000743800000, 0x0000000743800000|100%| O|  |TAMS 0x0000000743600000, 0x0000000743600000| Untracked 
|   1|0x0000000743800000, 0x0000000743a00000, 0x0000000743a00000|100%| O|  |TAMS 0x0000000743800000, 0x0000000743800000| Untracked 
|   2|0x0000000743a00000, 0x0000000743c00000, 0x0000000743c00000|100%| O|  |TAMS 0x0000000743a00000, 0x0000000743a00000| Untracked 
|   3|0x0000000743c00000, 0x0000000743c60600, 0x0000000743e00000| 18%| O|  |TAMS 0x0000000743c00000, 0x0000000743c00000| Untracked 
|   4|0x0000000743e00000, 0x0000000743e00000, 0x0000000744000000|  0%| F|  |TAMS 0x0000000743e00000, 0x0000000743e00000| Untracked 
|   5|0x0000000744000000, 0x0000000744000000, 0x0000000744200000|  0%| F|  |TAMS 0x0000000744000000, 0x0000000744000000| Untracked 
|   6|0x0000000744200000, 0x0000000744200000, 0x0000000744400000|  0%| F|  |TAMS 0x0000000744200000, 0x0000000744200000| Untracked 
|   7|0x0000000744400000, 0x0000000744400000, 0x0000000744600000|  0%| F|  |TAMS 0x0000000744400000, 0x0000000744400000| Untracked 
|   8|0x0000000744600000, 0x0000000744600000, 0x0000000744800000|  0%| F|  |TAMS 0x0000000744600000, 0x0000000744600000| Untracked 
|   9|0x0000000744800000, 0x0000000744800000, 0x0000000744a00000|  0%| F|  |TAMS 0x0000000744800000, 0x0000000744800000| Untracked 
|  10|0x0000000744a00000, 0x0000000744a00000, 0x0000000744c00000|  0%| F|  |TAMS 0x0000000744a00000, 0x0000000744a00000| Untracked 
|  11|0x0000000744c00000, 0x0000000744c00000, 0x0000000744e00000|  0%| F|  |TAMS 0x0000000744c00000, 0x0000000744c00000| Untracked 
|  12|0x0000000744e00000, 0x0000000744e00000, 0x0000000745000000|  0%| F|  |TAMS 0x0000000744e00000, 0x0000000744e00000| Untracked 
|  13|0x0000000745000000, 0x0000000745000000, 0x0000000745200000|  0%| F|  |TAMS 0x0000000745000000, 0x0000000745000000| Untracked 
|  14|0x0000000745200000, 0x0000000745200000, 0x0000000745400000|  0%| F|  |TAMS 0x0000000745200000, 0x0000000745200000| Untracked 
|  15|0x0000000745400000, 0x0000000745400000, 0x0000000745600000|  0%| F|  |TAMS 0x0000000745400000, 0x0000000745400000| Untracked 
|  16|0x0000000745600000, 0x0000000745600000, 0x0000000745800000|  0%| F|  |TAMS 0x0000000745600000, 0x0000000745600000| Untracked 
|  17|0x0000000745800000, 0x0000000745800000, 0x0000000745a00000|  0%| F|  |TAMS 0x0000000745800000, 0x0000000745800000| Untracked 
|  18|0x0000000745a00000, 0x0000000745a00000, 0x0000000745c00000|  0%| F|  |TAMS 0x0000000745a00000, 0x0000000745a00000| Untracked 
|  19|0x0000000745c00000, 0x0000000745c00000, 0x0000000745e00000|  0%| F|  |TAMS 0x0000000745c00000, 0x0000000745c00000| Untracked 
|  20|0x0000000745e00000, 0x0000000745e00000, 0x0000000746000000|  0%| F|  |TAMS 0x0000000745e00000, 0x0000000745e00000| Untracked 
|  21|0x0000000746000000, 0x0000000746000000, 0x0000000746200000|  0%| F|  |TAMS 0x0000000746000000, 0x0000000746000000| Untracked 
|  22|0x0000000746200000, 0x0000000746200000, 0x0000000746400000|  0%| F|  |TAMS 0x0000000746200000, 0x0000000746200000| Untracked 
|  23|0x0000000746400000, 0x0000000746400000, 0x0000000746600000|  0%| F|  |TAMS 0x0000000746400000, 0x0000000746400000| Untracked 
|  24|0x0000000746600000, 0x0000000746600000, 0x0000000746800000|  0%| F|  |TAMS 0x0000000746600000, 0x0000000746600000| Untracked 
|  25|0x0000000746800000, 0x0000000746800000, 0x0000000746a00000|  0%| F|  |TAMS 0x0000000746800000, 0x0000000746800000| Untracked 
|  26|0x0000000746a00000, 0x0000000746a00000, 0x0000000746c00000|  0%| F|  |TAMS 0x0000000746a00000, 0x0000000746a00000| Untracked 
|  27|0x0000000746c00000, 0x0000000746c00000, 0x0000000746e00000|  0%| F|  |TAMS 0x0000000746c00000, 0x0000000746c00000| Untracked 
|  28|0x0000000746e00000, 0x0000000746e00000, 0x0000000747000000|  0%| F|  |TAMS 0x0000000746e00000, 0x0000000746e00000| Untracked 
|  29|0x0000000747000000, 0x0000000747000000, 0x0000000747200000|  0%| F|  |TAMS 0x0000000747000000, 0x0000000747000000| Untracked 
|  30|0x0000000747200000, 0x0000000747200000, 0x0000000747400000|  0%| F|  |TAMS 0x0000000747200000, 0x0000000747200000| Untracked 
|  31|0x0000000747400000, 0x0000000747400000, 0x0000000747600000|  0%| F|  |TAMS 0x0000000747400000, 0x0000000747400000| Untracked 
|  32|0x0000000747600000, 0x0000000747600000, 0x0000000747800000|  0%| F|  |TAMS 0x0000000747600000, 0x0000000747600000| Untracked 
|  33|0x0000000747800000, 0x0000000747800000, 0x0000000747a00000|  0%| F|  |TAMS 0x0000000747800000, 0x0000000747800000| Untracked 
|  34|0x0000000747a00000, 0x0000000747a00000, 0x0000000747c00000|  0%| F|  |TAMS 0x0000000747a00000, 0x0000000747a00000| Untracked 
|  35|0x0000000747c00000, 0x0000000747c00000, 0x0000000747e00000|  0%| F|  |TAMS 0x0000000747c00000, 0x0000000747c00000| Untracked 
|  36|0x0000000747e00000, 0x0000000747e00000, 0x0000000748000000|  0%| F|  |TAMS 0x0000000747e00000, 0x0000000747e00000| Untracked 
|  37|0x0000000748000000, 0x0000000748000000, 0x0000000748200000|  0%| F|  |TAMS 0x0000000748000000, 0x0000000748000000| Untracked 
|  38|0x0000000748200000, 0x0000000748200000, 0x0000000748400000|  0%| F|  |TAMS 0x0000000748200000, 0x0000000748200000| Untracked 
|  39|0x0000000748400000, 0x0000000748400000, 0x0000000748600000|  0%| F|  |TAMS 0x0000000748400000, 0x0000000748400000| Untracked 
|  40|0x0000000748600000, 0x0000000748600000, 0x0000000748800000|  0%| F|  |TAMS 0x0000000748600000, 0x0000000748600000| Untracked 
|  41|0x0000000748800000, 0x0000000748800000, 0x0000000748a00000|  0%| F|  |TAMS 0x0000000748800000, 0x0000000748800000| Untracked 
|  42|0x0000000748a00000, 0x0000000748a00000, 0x0000000748c00000|  0%| F|  |TAMS 0x0000000748a00000, 0x0000000748a00000| Untracked 
|  43|0x0000000748c00000, 0x0000000748c00000, 0x0000000748e00000|  0%| F|  |TAMS 0x0000000748c00000, 0x0000000748c00000| Untracked 
|  44|0x0000000748e00000, 0x0000000748e00000, 0x0000000749000000|  0%| F|  |TAMS 0x0000000748e00000, 0x0000000748e00000| Untracked 
|  45|0x0000000749000000, 0x0000000749000000, 0x0000000749200000|  0%| F|  |TAMS 0x0000000749000000, 0x0000000749000000| Untracked 
|  46|0x0000000749200000, 0x0000000749200000, 0x0000000749400000|  0%| F|  |TAMS 0x0000000749200000, 0x0000000749200000| Untracked 
|  47|0x0000000749400000, 0x0000000749400000, 0x0000000749600000|  0%| F|  |TAMS 0x0000000749400000, 0x0000000749400000| Untracked 
|  48|0x0000000749600000, 0x0000000749600000, 0x0000000749800000|  0%| F|  |TAMS 0x0000000749600000, 0x0000000749600000| Untracked 
|  49|0x0000000749800000, 0x0000000749800000, 0x0000000749a00000|  0%| F|  |TAMS 0x0000000749800000, 0x0000000749800000| Untracked 
|  50|0x0000000749a00000, 0x0000000749a00000, 0x0000000749c00000|  0%| F|  |TAMS 0x0000000749a00000, 0x0000000749a00000| Untracked 
|  51|0x0000000749c00000, 0x0000000749c00000, 0x0000000749e00000|  0%| F|  |TAMS 0x0000000749c00000, 0x0000000749c00000| Untracked 
|  52|0x0000000749e00000, 0x0000000749e00000, 0x000000074a000000|  0%| F|  |TAMS 0x0000000749e00000, 0x0000000749e00000| Untracked 
|  53|0x000000074a000000, 0x000000074a000000, 0x000000074a200000|  0%| F|  |TAMS 0x000000074a000000, 0x000000074a000000| Untracked 
|  54|0x000000074a200000, 0x000000074a200000, 0x000000074a400000|  0%| F|  |TAMS 0x000000074a200000, 0x000000074a200000| Untracked 
|  55|0x000000074a400000, 0x000000074a400000, 0x000000074a600000|  0%| F|  |TAMS 0x000000074a400000, 0x000000074a400000| Untracked 
|  56|0x000000074a600000, 0x000000074a600000, 0x000000074a800000|  0%| F|  |TAMS 0x000000074a600000, 0x000000074a600000| Untracked 
|  57|0x000000074a800000, 0x000000074a800000, 0x000000074aa00000|  0%| F|  |TAMS 0x000000074a800000, 0x000000074a800000| Untracked 
|  58|0x000000074aa00000, 0x000000074aa00000, 0x000000074ac00000|  0%| F|  |TAMS 0x000000074aa00000, 0x000000074aa00000| Untracked 
|  59|0x000000074ac00000, 0x000000074ac00000, 0x000000074ae00000|  0%| F|  |TAMS 0x000000074ac00000, 0x000000074ac00000| Untracked 
|  60|0x000000074ae00000, 0x000000074ae00000, 0x000000074b000000|  0%| F|  |TAMS 0x000000074ae00000, 0x000000074ae00000| Untracked 
|  61|0x000000074b000000, 0x000000074b000000, 0x000000074b200000|  0%| F|  |TAMS 0x000000074b000000, 0x000000074b000000| Untracked 
|  62|0x000000074b200000, 0x000000074b200000, 0x000000074b400000|  0%| F|  |TAMS 0x000000074b200000, 0x000000074b200000| Untracked 
|  63|0x000000074b400000, 0x000000074b400000, 0x000000074b600000|  0%| F|  |TAMS 0x000000074b400000, 0x000000074b400000| Untracked 
|  64|0x000000074b600000, 0x000000074b600000, 0x000000074b800000|  0%| F|  |TAMS 0x000000074b600000, 0x000000074b600000| Untracked 
|  65|0x000000074b800000, 0x000000074b800000, 0x000000074ba00000|  0%| F|  |TAMS 0x000000074b800000, 0x000000074b800000| Untracked 
|  66|0x000000074ba00000, 0x000000074ba00000, 0x000000074bc00000|  0%| F|  |TAMS 0x000000074ba00000, 0x000000074ba00000| Untracked 
|  67|0x000000074bc00000, 0x000000074bc00000, 0x000000074be00000|  0%| F|  |TAMS 0x000000074bc00000, 0x000000074bc00000| Untracked 
|  68|0x000000074be00000, 0x000000074be00000, 0x000000074c000000|  0%| F|  |TAMS 0x000000074be00000, 0x000000074be00000| Untracked 
|  69|0x000000074c000000, 0x000000074c000000, 0x000000074c200000|  0%| F|  |TAMS 0x000000074c000000, 0x000000074c000000| Untracked 
|  70|0x000000074c200000, 0x000000074c200000, 0x000000074c400000|  0%| F|  |TAMS 0x000000074c200000, 0x000000074c200000| Untracked 
|  71|0x000000074c400000, 0x000000074c400000, 0x000000074c600000|  0%| F|  |TAMS 0x000000074c400000, 0x000000074c400000| Untracked 
|  72|0x000000074c600000, 0x000000074c600000, 0x000000074c800000|  0%| F|  |TAMS 0x000000074c600000, 0x000000074c600000| Untracked 
|  73|0x000000074c800000, 0x000000074c800000, 0x000000074ca00000|  0%| F|  |TAMS 0x000000074c800000, 0x000000074c800000| Untracked 
|  74|0x000000074ca00000, 0x000000074ca00000, 0x000000074cc00000|  0%| F|  |TAMS 0x000000074ca00000, 0x000000074ca00000| Untracked 
|  75|0x000000074cc00000, 0x000000074cc00000, 0x000000074ce00000|  0%| F|  |TAMS 0x000000074cc00000, 0x000000074cc00000| Untracked 
|  76|0x000000074ce00000, 0x000000074ce00000, 0x000000074d000000|  0%| F|  |TAMS 0x000000074ce00000, 0x000000074ce00000| Untracked 
|  77|0x000000074d000000, 0x000000074d000000, 0x000000074d200000|  0%| F|  |TAMS 0x000000074d000000, 0x000000074d000000| Untracked 
|  78|0x000000074d200000, 0x000000074d200000, 0x000000074d400000|  0%| F|  |TAMS 0x000000074d200000, 0x000000074d200000| Untracked 
|  79|0x000000074d400000, 0x000000074d400000, 0x000000074d600000|  0%| F|  |TAMS 0x000000074d400000, 0x000000074d400000| Untracked 
|  80|0x000000074d600000, 0x000000074d600000, 0x000000074d800000|  0%| F|  |TAMS 0x000000074d600000, 0x000000074d600000| Untracked 
|  81|0x000000074d800000, 0x000000074d800000, 0x000000074da00000|  0%| F|  |TAMS 0x000000074d800000, 0x000000074d800000| Untracked 
|  82|0x000000074da00000, 0x000000074da00000, 0x000000074dc00000|  0%| F|  |TAMS 0x000000074da00000, 0x000000074da00000| Untracked 
|  83|0x000000074dc00000, 0x000000074dc00000, 0x000000074de00000|  0%| F|  |TAMS 0x000000074dc00000, 0x000000074dc00000| Untracked 
|  84|0x000000074de00000, 0x000000074de00000, 0x000000074e000000|  0%| F|  |TAMS 0x000000074de00000, 0x000000074de00000| Untracked 
|  85|0x000000074e000000, 0x000000074e000000, 0x000000074e200000|  0%| F|  |TAMS 0x000000074e000000, 0x000000074e000000| Untracked 
|  86|0x000000074e200000, 0x000000074e200000, 0x000000074e400000|  0%| F|  |TAMS 0x000000074e200000, 0x000000074e200000| Untracked 
|  87|0x000000074e400000, 0x000000074e4c2728, 0x000000074e600000| 37%| E|  |TAMS 0x000000074e400000, 0x000000074e400000| Complete 
|  88|0x000000074e600000, 0x000000074e800000, 0x000000074e800000|100%| E|CS|TAMS 0x000000074e600000, 0x000000074e600000| Complete 
|  89|0x000000074e800000, 0x000000074ea00000, 0x000000074ea00000|100%| E|CS|TAMS 0x000000074e800000, 0x000000074e800000| Complete 
|  90|0x000000074ea00000, 0x000000074ec00000, 0x000000074ec00000|100%| E|CS|TAMS 0x000000074ea00000, 0x000000074ea00000| Complete 
|  91|0x000000074ec00000, 0x000000074ed088c0, 0x000000074ee00000| 51%| S|CS|TAMS 0x000000074ec00000, 0x000000074ec00000| Complete 
|  92|0x000000074ee00000, 0x000000074f000000, 0x000000074f000000|100%| E|CS|TAMS 0x000000074ee00000, 0x000000074ee00000| Complete 
|  93|0x000000074f000000, 0x000000074f200000, 0x000000074f200000|100%| E|CS|TAMS 0x000000074f000000, 0x000000074f000000| Complete 
|  94|0x000000074f200000, 0x000000074f400000, 0x000000074f400000|100%| E|CS|TAMS 0x000000074f200000, 0x000000074f200000| Complete 

Card table byte_map: [0x000001904b6e0000,0x000001904bcd0000] _byte_map_base: 0x0000019047cc5000

Marking Bits (Prev, Next): (CMBitMap*) 0x000001903ece6c80, (CMBitMap*) 0x000001903ece6cc0
 Prev Bits: [0x000001904c2c0000, 0x000001904f1e8000)
 Next Bits: [0x000001904f1f0000, 0x0000019052118000)

Polling page: 0x000001903eb60000

Metaspace:

Usage:
  Non-class:      7.36 MB used.
      Class:      1.09 MB used.
       Both:      8.45 MB used.

Virtual space:
  Non-class space:        8.00 MB reserved,       7.44 MB ( 93%) committed,  1 nodes.
      Class space:        1.00 GB reserved,       1.19 MB ( <1%) committed,  1 nodes.
             Both:        1.01 GB reserved,       8.62 MB ( <1%) committed. 

Chunk freelists:
   Non-Class:  176.00 KB
       Class:  2.79 MB
        Both:  2.96 MB

MaxMetaspaceSize: unlimited
CompressedClassSpaceSize: 1.00 GB
Initial GC threshold: 21.00 MB
Current GC threshold: 21.00 MB
CDS: on
MetaspaceReclaimPolicy: balanced
 - commit_granule_bytes: 65536.
 - commit_granule_words: 8192.
 - virtual_space_node_default_size: 1048576.
 - enlarge_chunks_in_place: 1.
 - new_chunks_are_fully_committed: 0.
 - uncommit_free_chunks: 1.
 - use_allocation_guard: 0.
 - handle_deallocations: 1.


Internal statistics:

num_allocs_failed_limit: 0.
num_arena_births: 128.
num_arena_deaths: 0.
num_vsnodes_births: 2.
num_vsnodes_deaths: 0.
num_space_committed: 138.
num_space_uncommitted: 0.
num_chunks_returned_to_freelist: 0.
num_chunks_taken_from_freelist: 287.
num_chunk_merges: 0.
num_chunk_splits: 189.
num_chunks_enlarged: 140.
num_purges: 0.
num_inconsistent_stats: 0.

CodeCache: size=49152Kb used=4485Kb max_used=4485Kb free=44666Kb
 bounds [0x0000019047c50000, 0x00000190480c0000, 0x000001904ac50000]
 total_blobs=1979 nmethods=1525 adapters=380
 compilation: enabled
              stopped_count=0, restarted_count=0
 full_count=0

Compilation events (20 events):
Event: 2.483 Thread 0x000001905472ab00 1516       1       java.util.HashMap::<init> (98 bytes)
Event: 2.483 Thread 0x0000019055172b80 1517       1       java.lang.Character::charCount (12 bytes)
Event: 2.483 Thread 0x0000019055172b80 nmethod 1517 0x00000190480ae990 code [0x00000190480aeb20, 0x00000190480aebd8]
Event: 2.483 Thread 0x000001905472ab00 nmethod 1516 0x00000190480aec90 code [0x00000190480aef20, 0x00000190480af6f8]
Event: 2.484 Thread 0x0000019055173090 1518       1       java.security.AccessController::executePrivileged (65 bytes)
Event: 2.484 Thread 0x0000019055173090 nmethod 1518 0x00000190480afa90 code [0x00000190480afc40, 0x00000190480afd38]
Event: 2.485 Thread 0x000001905472ab00 1519       1       java.util.ArrayDeque::dec (13 bytes)
Event: 2.485 Thread 0x000001905472ab00 nmethod 1519 0x00000190480afe10 code [0x00000190480affa0, 0x00000190480b0058]
Event: 2.486 Thread 0x000001905472ab00 1520       1       jdk.internal.loader.BuiltinClassLoader::hasClassPath (13 bytes)
Event: 2.486 Thread 0x000001905472ab00 nmethod 1520 0x00000190480b0110 code [0x00000190480b02a0, 0x00000190480b0378]
Event: 2.491 Thread 0x0000019055172b80 1521       1       java.lang.String::codePointAt (50 bytes)
Event: 2.491 Thread 0x0000019055172b80 nmethod 1521 0x00000190480b0410 code [0x00000190480b05c0, 0x00000190480b07a8]
Event: 2.491 Thread 0x0000019055172b80 1522       1       java.util.regex.Pattern::isSupplementary (21 bytes)
Event: 2.491 Thread 0x0000019055172b80 nmethod 1522 0x00000190480b0910 code [0x00000190480b0aa0, 0x00000190480b0b98]
Event: 2.492 Thread 0x0000019055172b80 1523       1       java.lang.Character::isSurrogate (18 bytes)
Event: 2.492 Thread 0x0000019055172b80 nmethod 1523 0x00000190480b0c10 code [0x00000190480b0da0, 0x00000190480b0e78]
Event: 2.492 Thread 0x000001905472ab00 1524       1       java.util.regex.Pattern::peek (26 bytes)
Event: 2.492 Thread 0x000001905472ab00 nmethod 1524 0x00000190480b0f10 code [0x00000190480b10a0, 0x00000190480b11e8]
Event: 2.492 Thread 0x000001905472ab00 1525       1       java.util.regex.Pattern::next (33 bytes)
Event: 2.492 Thread 0x000001905472ab00 nmethod 1525 0x00000190480b1310 code [0x00000190480b14a0, 0x00000190480b15e8]

GC Heap History (4 events):
Event: 1.392 GC heap before
{Heap before GC invocations=0 (full 0):
 garbage-first heap   total 194560K, used 10240K [0x0000000743600000, 0x0000000800000000)
  region size 2048K, 6 young (12288K), 0 survivors (0K)
 Metaspace       used 3556K, committed 3776K, reserved 1056768K
  class space    used 420K, committed 512K, reserved 1048576K
}
Event: 1.400 GC heap after
{Heap after GC invocations=1 (full 0):
 garbage-first heap   total 194560K, used 6736K [0x0000000743600000, 0x0000000800000000)
  region size 2048K, 1 young (2048K), 1 survivors (2048K)
 Metaspace       used 3556K, committed 3776K, reserved 1056768K
  class space    used 420K, committed 512K, reserved 1048576K
}
Event: 1.805 GC heap before
{Heap before GC invocations=1 (full 0):
 garbage-first heap   total 194560K, used 12880K [0x0000000743600000, 0x0000000800000000)
  region size 2048K, 4 young (8192K), 1 survivors (2048K)
 Metaspace       used 5565K, committed 5760K, reserved 1056768K
  class space    used 657K, committed 768K, reserved 1048576K
}
Event: 1.811 GC heap after
{Heap after GC invocations=2 (full 0):
 garbage-first heap   total 194560K, used 7587K [0x0000000743600000, 0x0000000800000000)
  region size 2048K, 1 young (2048K), 1 survivors (2048K)
 Metaspace       used 5565K, committed 5760K, reserved 1056768K
  class space    used 657K, committed 768K, reserved 1048576K
}

Deoptimization events (2 events):
Event: 2.057 Thread 0x000001903eca4110 DEOPT PACKING pc=0x0000019047f3d981 sp=0x00000064841fdb30
Event: 2.057 Thread 0x000001903eca4110 DEOPT UNPACKING pc=0x0000019047ca6763 sp=0x00000064841fcf88 mode 3

Classes unloaded (0 events):
No events

Classes redefined (0 events):
No events

Internal exceptions (20 events):
Event: 1.507 Thread 0x000001903eca4110 Exception <a 'java/lang/NoSuchMethodError'{0x000000074f3025e8}: 'java.lang.Object java.lang.invoke.DirectMethodHandle$Holder.invokeStaticInit(java.lang.Object, java.lang.Object, int, int, int, int)'> (0x000000074f3025e8) 
thrown [t:\workspace\open\src\hotspot\share\interpreter\linkResolver.cpp, line 766]
Event: 1.575 Thread 0x000001903eca4110 Exception <a 'java/lang/ClassNotFoundException'{0x000000074f32ff20}: javax/management/remote/rmi/RMIServerImpl_Skel> (0x000000074f32ff20) 
thrown [t:\workspace\open\src\hotspot\share\classfile\systemDictionary.cpp, line 256]
Event: 1.666 Thread 0x000001903eca4110 Exception <a 'java/lang/ClassNotFoundException'{0x000000074f0c4658}: javax/smartcardio/CardPermission> (0x000000074f0c4658) 
thrown [t:\workspace\open\src\hotspot\share\classfile\systemDictionary.cpp, line 256]
Event: 1.669 Thread 0x000001903eca4110 Exception <a 'java/io/FileNotFoundException'{0x000000074f0d2860}> (0x000000074f0d2860) 
thrown [t:\workspace\open\src\hotspot\share\prims\jni.cpp, line 516]
Event: 1.840 Thread 0x000001903eca4110 Exception <a 'java/lang/NoSuchMethodError'{0x000000074f2c43b0}: 'java.lang.Object java.lang.invoke.DirectMethodHandle$Holder.invokeSpecialIFC(java.lang.Object, java.lang.Object, java.lang.Object, java.lang.Object)'> (0x000000074f2c43b0) 
thrown [t:\workspace\open\src\hotspot\share\interpreter\linkResolver.cpp, line 766]
Event: 2.025 Thread 0x000001903eca4110 Exception <a 'java/lang/NoSuchMethodError'{0x000000074f39d5c8}: 'int java.lang.invoke.DirectMethodHandle$Holder.invokeStaticInit(java.lang.Object, java.lang.Object)'> (0x000000074f39d5c8) 
thrown [t:\workspace\open\src\hotspot\share\interpreter\linkResolver.cpp, line 766]
Event: 2.123 Thread 0x000001903eca4110 Exception <a 'java/lang/NoSuchMethodError'{0x000000074f13e9b0}: 'int java.lang.invoke.DirectMethodHandle$Holder.invokeStaticInit(java.lang.Object, java.lang.Object, java.lang.Object)'> (0x000000074f13e9b0) 
thrown [t:\workspace\open\src\hotspot\share\interpreter\linkResolver.cpp, line 766]
Event: 2.128 Thread 0x000001903eca4110 Exception <a 'java/lang/NoSuchMethodError'{0x000000074f168940}: 'java.lang.Object java.lang.invoke.DirectMethodHandle$Holder.invokeVirtual(java.lang.Object, java.lang.Object, java.lang.Object)'> (0x000000074f168940) 
thrown [t:\workspace\open\src\hotspot\share\interpreter\linkResolver.cpp, line 766]
Event: 2.132 Thread 0x000001903eca4110 Exception <a 'java/lang/NoSuchMethodError'{0x000000074f194d40}: 'java.lang.Object java.lang.invoke.DirectMethodHandle$Holder.newInvokeSpecial(java.lang.Object, java.lang.Object, java.lang.Object, java.lang.Object, java.lang.Object)'> (0x000000074f194d40) 
thrown [t:\workspace\open\src\hotspot\share\interpreter\linkResolver.cpp, line 766]
Event: 2.228 Thread 0x000001903eca4110 Exception <a 'sun/nio/fs/WindowsException'{0x000000074ef22510}> (0x000000074ef22510) 
thrown [t:\workspace\open\src\hotspot\share\prims\jni.cpp, line 516]
Event: 2.312 Thread 0x000001903eca4110 Exception <a 'java/lang/NoSuchMethodError'{0x000000074ebb1720}: 'void java.lang.invoke.DirectMethodHandle$Holder.invokeStatic(java.lang.Object, java.lang.Object, java.lang.Object, java.lang.Object)'> (0x000000074ebb1720) 
thrown [t:\workspace\open\src\hotspot\share\interpreter\linkResolver.cpp, line 766]
Event: 2.314 Thread 0x000001903eca4110 Exception <a 'java/lang/NoSuchMethodError'{0x000000074ebcfde0}: 'java.lang.Object java.lang.invoke.Invokers$Holder.invokeExact_MT(java.lang.Object, java.lang.Object, java.lang.Object, java.lang.Object, java.lang.Object, java.lang.Object)'> (0x000000074ebcfde0) 
thrown [t:\workspace\open\src\hotspot\share\interpreter\linkResolver.cpp, line 766]
Event: 2.316 Thread 0x000001903eca4110 Exception <a 'java/lang/NoSuchMethodError'{0x000000074ebe4270}: 'java.lang.Object java.lang.invoke.DirectMethodHandle$Holder.invokeInterface(java.lang.Object, java.lang.Object, java.lang.Object)'> (0x000000074ebe4270) 
thrown [t:\workspace\open\src\hotspot\share\interpreter\linkResolver.cpp, line 766]
Event: 2.317 Thread 0x000001903eca4110 Exception <a 'java/lang/IncompatibleClassChangeError'{0x000000074ebe7938}: Found class java.lang.Object, but interface was expected> (0x000000074ebe7938) 
thrown [t:\workspace\open\src\hotspot\share\interpreter\linkResolver.cpp, line 833]
Event: 2.334 Thread 0x000001903eca4110 Exception <a 'java/lang/NoSuchMethodError'{0x000000074e8b3388}: 'int java.lang.invoke.DirectMethodHandle$Holder.invokeSpecial(java.lang.Object, java.lang.Object, java.lang.Object, java.lang.Object)'> (0x000000074e8b3388) 
thrown [t:\workspace\open\src\hotspot\share\interpreter\linkResolver.cpp, line 766]
Event: 2.401 Thread 0x000001903eca4110 Exception <a 'java/lang/NoSuchMethodError'{0x000000074e9f2d28}: 'java.lang.Object java.lang.invoke.DirectMethodHandle$Holder.newInvokeSpecial(java.lang.Object, java.lang.Object, java.lang.Object, java.lang.Object, java.lang.Object, java.lang.Object)'> (0x000000074e9f2d28) 
thrown [t:\workspace\open\src\hotspot\share\interpreter\linkResolver.cpp, line 766]
Event: 2.419 Thread 0x000001903eca4110 Exception <a 'java/lang/NoSuchMethodError'{0x000000074e69dc18}: 'java.lang.Object java.lang.invoke.DirectMethodHandle$Holder.invokeSpecial(java.lang.Object, java.lang.Object, java.lang.Object, java.lang.Object, java.lang.Object, java.lang.Object, int)'> (0x000000074e69dc18) 
thrown [t:\workspace\open\src\hotspot\share\interpreter\linkResolver.cpp, line 766]
Event: 2.419 Thread 0x000001903eca4110 Exception <a 'java/lang/NoSuchMethodError'{0x000000074e6a8178}: 'java.lang.Object java.lang.invoke.DirectMethodHandle$Holder.newInvokeSpecial(java.lang.Object, java.lang.Object, java.lang.Object, java.lang.Object, java.lang.Object, java.lang.Object, int)'> (0x000000074e6a8178) 
thrown [t:\workspace\open\src\hotspot\share\interpreter\linkResolver.cpp, line 766]
Event: 2.420 Thread 0x000001903eca4110 Exception <a 'java/lang/NoSuchMethodError'{0x000000074e6ad1b8}: 'java.lang.Object java.lang.invoke.DirectMethodHandle$Holder.invokeSpecial(java.lang.Object, java.lang.Object, java.lang.Object, java.lang.Object, java.lang.Object, java.lang.Object, java.lang.Object, int)'> (0x000000074e6ad1b8) 
thrown [t:\workspace\open\src\hotspot\share\interpreter\linkResolver.cpp, line 766]
Event: 2.489 Thread 0x000001903eca4110 Exception <a 'java/lang/NoSuchMethodError'{0x000000074e4217f8}: 'void java.lang.invoke.DirectMethodHandle$Holder.invokeSpecial(java.lang.Object, java.lang.Object, java.lang.Object, java.lang.Object, java.lang.Object)'> (0x000000074e4217f8) 
thrown [t:\workspace\open\src\hotspot\share\interpreter\linkResolver.cpp, line 766]

VM Operations (20 events):
Event: 0.465 Executing VM operation: HandshakeAllThreads
Event: 0.465 Executing VM operation: HandshakeAllThreads done
Event: 0.800 Executing VM operation: HandshakeAllThreads
Event: 0.801 Executing VM operation: HandshakeAllThreads done
Event: 0.892 Executing VM operation: HandshakeAllThreads
Event: 0.892 Executing VM operation: HandshakeAllThreads done
Event: 1.380 Executing VM operation: HandshakeAllThreads
Event: 1.380 Executing VM operation: HandshakeAllThreads done
Event: 1.380 Executing VM operation: Cleanup
Event: 1.380 Executing VM operation: Cleanup done
Event: 1.392 Executing VM operation: G1CollectForAllocation
Event: 1.400 Executing VM operation: G1CollectForAllocation done
Event: 1.608 Executing VM operation: HandshakeAllThreads
Event: 1.608 Executing VM operation: HandshakeAllThreads done
Event: 1.805 Executing VM operation: G1CollectForAllocation
Event: 1.811 Executing VM operation: G1CollectForAllocation done
Event: 1.826 Executing VM operation: HandshakeAllThreads
Event: 1.826 Executing VM operation: HandshakeAllThreads done
Event: 2.230 Executing VM operation: HandshakeAllThreads
Event: 2.230 Executing VM operation: HandshakeAllThreads done

Events (20 events):
Event: 2.337 loading class java/util/stream/MatchOps$MatchOp
Event: 2.337 loading class java/util/stream/MatchOps$MatchOp done
Event: 2.337 loading class java/util/stream/MatchOps$BooleanTerminalSink
Event: 2.338 loading class java/util/stream/MatchOps$BooleanTerminalSink done
Event: 2.338 loading class java/util/stream/MatchOps$2MatchSink
Event: 2.338 loading class java/util/stream/MatchOps$2MatchSink done
Event: 2.382 loading class java/beans/PropertyEditorSupport
Event: 2.382 loading class java/beans/PropertyEditor
Event: 2.382 loading class java/beans/PropertyEditor done
Event: 2.382 loading class java/beans/PropertyEditorSupport done
Event: 2.408 loading class java/util/regex/Pattern$Neg
Event: 2.408 loading class java/util/regex/Pattern$Neg done
Event: 2.417 loading class java/util/stream/StreamSpliterators$WrappingSpliterator
Event: 2.417 loading class java/util/stream/StreamSpliterators$AbstractWrappingSpliterator
Event: 2.417 loading class java/util/stream/StreamSpliterators$AbstractWrappingSpliterator done
Event: 2.417 loading class java/util/stream/StreamSpliterators$WrappingSpliterator done
Event: 2.418 loading class java/util/stream/StreamSpliterators
Event: 2.418 loading class java/util/stream/StreamSpliterators done
Event: 2.418 loading class java/util/function/BooleanSupplier
Event: 2.418 loading class java/util/function/BooleanSupplier done


Dynamic libraries:
0x00007ff7b2350000 - 0x00007ff7b235e000 	C:\Users\User\.jdks\openjdk-17.0.1\bin\java.exe
0x00007ffe1ff50000 - 0x00007ffe20145000 	C:\WINDOWS\SYSTEM32\ntdll.dll
0x00007ffe1f8a0000 - 0x00007ffe1f95e000 	C:\WINDOWS\System32\KERNEL32.DLL
0x00007ffe1dac0000 - 0x00007ffe1dd88000 	C:\WINDOWS\System32\KERNELBASE.dll
0x00007ffe1dea0000 - 0x00007ffe1dfa0000 	C:\WINDOWS\System32\ucrtbase.dll
0x00007ffe16fc0000 - 0x00007ffe16fd8000 	C:\Users\User\.jdks\openjdk-17.0.1\bin\jli.dll
0x00007ffe1ef30000 - 0x00007ffe1f0d0000 	C:\WINDOWS\System32\USER32.dll
0x00007ffe1d930000 - 0x00007ffe1d952000 	C:\WINDOWS\System32\win32u.dll
0x00007ffe1fc70000 - 0x00007ffe1fc9b000 	C:\WINDOWS\System32\GDI32.dll
0x00007ffe1dd90000 - 0x00007ffe1de9d000 	C:\WINDOWS\System32\gdi32full.dll
0x00007ffe1d660000 - 0x00007ffe1d6fd000 	C:\WINDOWS\System32\msvcp_win.dll
0x00007ffe16250000 - 0x00007ffe1626a000 	C:\Users\User\.jdks\openjdk-17.0.1\bin\VCRUNTIME140.dll
0x00007ffe09ab0000 - 0x00007ffe09d4a000 	C:\WINDOWS\WinSxS\amd64_microsoft.windows.common-controls_6595b64144ccf1df_6.0.19041.1110_none_60b5254171f9507e\COMCTL32.dll
0x00007ffe1f800000 - 0x00007ffe1f89e000 	C:\WINDOWS\System32\msvcrt.dll
0x00007ffe1f760000 - 0x00007ffe1f790000 	C:\WINDOWS\System32\IMM32.DLL
0x00007ffe16370000 - 0x00007ffe1637c000 	C:\Users\User\.jdks\openjdk-17.0.1\bin\vcruntime140_1.dll
0x00007ffe105f0000 - 0x00007ffe1067d000 	C:\Users\User\.jdks\openjdk-17.0.1\bin\msvcp140.dll
0x00007ffdf11f0000 - 0x00007ffdf1dae000 	C:\Users\User\.jdks\openjdk-17.0.1\bin\server\jvm.dll
0x00007ffe1e070000 - 0x00007ffe1e11e000 	C:\WINDOWS\System32\ADVAPI32.dll
0x00007ffe1fde0000 - 0x00007ffe1fe7c000 	C:\WINDOWS\System32\sechost.dll
0x00007ffe1fb40000 - 0x00007ffe1fc65000 	C:\WINDOWS\System32\RPCRT4.dll
0x00007ffe1f600000 - 0x00007ffe1f608000 	C:\WINDOWS\System32\PSAPI.DLL
0x00007ffe03dd0000 - 0x00007ffe03dd9000 	C:\WINDOWS\SYSTEM32\WSOCK32.dll
0x00007ffe1f790000 - 0x00007ffe1f7fb000 	C:\WINDOWS\System32\WS2_32.dll
0x00007ffe09f10000 - 0x00007ffe09f37000 	C:\WINDOWS\SYSTEM32\WINMM.dll
0x00007ffe16530000 - 0x00007ffe1653a000 	C:\WINDOWS\SYSTEM32\VERSION.dll
0x00007ffe1bf10000 - 0x00007ffe1bf22000 	C:\WINDOWS\SYSTEM32\kernel.appcore.dll
0x00007ffe16240000 - 0x00007ffe1624a000 	C:\Users\User\.jdks\openjdk-17.0.1\bin\jimage.dll
0x00007ffe07a60000 - 0x00007ffe07c44000 	C:\WINDOWS\SYSTEM32\DBGHELP.DLL
0x00007ffe06d70000 - 0x00007ffe06d9c000 	C:\WINDOWS\SYSTEM32\dbgcore.DLL
0x00007ffe1d8a0000 - 0x00007ffe1d922000 	C:\WINDOWS\System32\bcryptPrimitives.dll
0x00007ffe15db0000 - 0x00007ffe15dbe000 	C:\Users\User\.jdks\openjdk-17.0.1\bin\instrument.dll
0x00007ffe15de0000 - 0x00007ffe15e05000 	C:\Users\User\.jdks\openjdk-17.0.1\bin\java.dll
0x00007ffe0b5d0000 - 0x00007ffe0b6a6000 	C:\Users\User\.jdks\openjdk-17.0.1\bin\svml.dll
0x00007ffe1e7e0000 - 0x00007ffe1ef24000 	C:\WINDOWS\System32\SHELL32.dll
0x00007ffe1b730000 - 0x00007ffe1bec4000 	C:\WINDOWS\SYSTEM32\windows.storage.dll
0x00007ffe1f0d0000 - 0x00007ffe1f425000 	C:\WINDOWS\System32\combase.dll
0x00007ffe1d0b0000 - 0x00007ffe1d0de000 	C:\WINDOWS\SYSTEM32\Wldp.dll
0x00007ffe1e180000 - 0x00007ffe1e22d000 	C:\WINDOWS\System32\SHCORE.dll
0x00007ffe1e120000 - 0x00007ffe1e175000 	C:\WINDOWS\System32\shlwapi.dll
0x00007ffe1d5a0000 - 0x00007ffe1d5bf000 	C:\WINDOWS\SYSTEM32\profapi.dll
0x00007ffe13dd0000 - 0x00007ffe13de8000 	C:\Users\User\.jdks\openjdk-17.0.1\bin\zip.dll
0x00007ffe161c0000 - 0x00007ffe161d9000 	C:\Users\User\.jdks\openjdk-17.0.1\bin\net.dll
0x00007ffe154c0000 - 0x00007ffe155cc000 	C:\WINDOWS\SYSTEM32\WINHTTP.dll
0x00007ffe1ce10000 - 0x00007ffe1ce7a000 	C:\WINDOWS\system32\mswsock.dll
0x00007ffe15dc0000 - 0x00007ffe15dd5000 	C:\Users\User\.jdks\openjdk-17.0.1\bin\nio.dll
0x00007ffe105d0000 - 0x00007ffe105ea000 	C:\Program Files\JetBrains\IntelliJ IDEA 2021.2.2\bin\breakgen64.dll
0x00007ffe1caf0000 - 0x00007ffe1cbbb000 	C:\WINDOWS\SYSTEM32\DNSAPI.dll
0x00007ffe1cab0000 - 0x00007ffe1caeb000 	C:\WINDOWS\SYSTEM32\IPHLPAPI.DLL
0x00007ffe1e000000 - 0x00007ffe1e008000 	C:\WINDOWS\System32\NSI.dll
0x00007ffe0c430000 - 0x00007ffe0c43a000 	C:\Windows\System32\rasadhlp.dll
0x00007ffe0d350000 - 0x00007ffe0d3cf000 	C:\WINDOWS\System32\fwpuclnt.dll
0x00007ffe1d7b0000 - 0x00007ffe1d7d7000 	C:\WINDOWS\System32\bcrypt.dll
0x00007ffe156e0000 - 0x00007ffe156e9000 	C:\Users\User\.jdks\openjdk-17.0.1\bin\management.dll
0x00007ffe15250000 - 0x00007ffe1525b000 	C:\Users\User\.jdks\openjdk-17.0.1\bin\management_ext.dll
0x00007ffe1d000000 - 0x00007ffe1d018000 	C:\WINDOWS\SYSTEM32\CRYPTSP.dll
0x00007ffe1c720000 - 0x00007ffe1c754000 	C:\WINDOWS\system32\rsaenh.dll
0x00007ffe1d560000 - 0x00007ffe1d58e000 	C:\WINDOWS\SYSTEM32\USERENV.dll
0x00007ffe1d020000 - 0x00007ffe1d02c000 	C:\WINDOWS\SYSTEM32\CRYPTBASE.dll
0x00007ffe102b0000 - 0x00007ffe102c7000 	C:\WINDOWS\SYSTEM32\dhcpcsvc6.DLL
0x00007ffe119d0000 - 0x00007ffe119ed000 	C:\WINDOWS\SYSTEM32\dhcpcsvc.DLL
0x00007ffe029b0000 - 0x00007ffe029c7000 	C:\WINDOWS\system32\napinsp.dll
0x00007ffe02980000 - 0x00007ffe0299b000 	C:\WINDOWS\system32\pnrpnsp.dll
0x00007ffe02960000 - 0x00007ffe02975000 	C:\WINDOWS\system32\wshbth.dll
0x00007ffe18d00000 - 0x00007ffe18d1d000 	C:\WINDOWS\system32\NLAapi.dll
0x00007ffe02940000 - 0x00007ffe02952000 	C:\WINDOWS\System32\winrnr.dll

dbghelp: loaded successfully - version: 4.0.5 - missing functions: none
symbol engine: initialized successfully - sym options: 0x614 - pdb path: .;C:\Users\User\.jdks\openjdk-17.0.1\bin;C:\WINDOWS\SYSTEM32;C:\WINDOWS\WinSxS\amd64_microsoft.windows.common-controls_6595b64144ccf1df_6.0.19041.1110_none_60b5254171f9507e;C:\Users\User\.jdks\openjdk-17.0.1\bin\server;C:\Program Files\JetBrains\IntelliJ IDEA 2021.2.2\bin

VM Arguments:
jvm_args: -XX:TieredStopAtLevel=1 -Xverify:none -Dspring.output.ansi.enabled=always -javaagent:C:\Program Files\JetBrains\IntelliJ IDEA 2021.2.2\lib\idea_rt.jar=4997:C:\Program Files\JetBrains\IntelliJ IDEA 2021.2.2\bin -Dcom.sun.management.jmxremote -Dspring.jmx.enabled=true -Dspring.liveBeansView.mbeanDomain -Dspring.application.admin.enabled=true -Dfile.encoding=UTF-8 
java_command: uz.master.demotest.DemoTestApplication
java_class_path (initial): C:\Users\User\Desktop\AtomsProject\target\classes;C:\Users\User\.m2\repository\org\hibernate\validator\hibernate-validator\7.0.2.Final\hibernate-validator-7.0.2.Final.jar;C:\Users\User\.m2\repository\jakarta\validation\jakarta.validation-api\2.0.2\jakarta.validation-api-2.0.2.jar;C:\Users\User\.m2\repository\org\jboss\logging\jboss-logging\3.4.3.Final\jboss-logging-3.4.3.Final.jar;C:\Users\User\.m2\repository\com\fasterxml\classmate\1.5.1\classmate-1.5.1.jar;C:\Users\User\.m2\repository\org\springframework\boot\spring-boot-starter-security\2.6.3\spring-boot-starter-security-2.6.3.jar;C:\Users\User\.m2\repository\org\springframework\boot\spring-boot-starter\2.6.3\spring-boot-starter-2.6.3.jar;C:\Users\User\.m2\repository\org\springframework\boot\spring-boot\2.6.3\spring-boot-2.6.3.jar;C:\Users\User\.m2\repository\org\springframework\boot\spring-boot-autoconfigure\2.6.3\spring-boot-autoconfigure-2.6.3.jar;C:\Users\User\.m2\repository\org\springframework\boot\spring-boot-starter-logging\2.6.3\spring-boot-starter-logging-2.6.3.jar;C:\Users\User\.m2\repository\ch\qos\logback\logback-classic\1.2.10\logback-classic-1.2.10.jar;C:\Users\User\.m2\repository\ch\qos\logback\logback-core\1.2.10\logback-core-1.2.10.jar;C:\Users\User\.m2\repository\org\apache\logging\log4j\log4j-to-slf4j\2.17.1\log4j-to-slf4j-2.17.1.jar;C:\Users\User\.m2\repository\org\apache\logging\log4j\log4j-api\2.17.1\log4j-api-2.17.1.jar;C:\Users\User\.m2\repository\org\slf4j\jul-to-slf4j\1.7.33\jul-to-slf4j-1.7.33.jar;C:\Users\User\.m2\repository\jakarta\annotation\jakarta.annotation-api\1.3.5\jakarta.annotation-api-1.3.5.jar;C:\Users\User\.m2\repository\org\yaml\snakeyaml\1.29\snakeyaml-1.29.jar;C:\Users\User\.m2\repository\org\springframework\spring-aop\5.3.15\spring-aop-5.3.15.jar;C:\Users\User\.m2\repository\org\springframework\spring-beans\5.3.15\spring-beans-5.3.15.jar;C:\Users\User\.m2\repository\org\springframework\security\spring-security-config\5.6.1\spring-security-co
Launcher Type: SUN_STANDARD

[Global flags]
     intx CICompilerCount                          = 3                                         {product} {ergonomic}
     uint ConcGCThreads                            = 1                                         {product} {ergonomic}
     uint G1ConcRefinementThreads                  = 4                                         {product} {ergonomic}
   size_t G1HeapRegionSize                         = 2097152                                   {product} {ergonomic}
    uintx GCDrainStackTargetSize                   = 64                                        {product} {ergonomic}
   size_t InitialHeapSize                          = 199229440                                 {product} {ergonomic}
     bool ManagementServer                         = true                                      {product} {command line}
   size_t MarkStackSize                            = 4194304                                   {product} {ergonomic}
   size_t MaxHeapSize                              = 3164602368                                {product} {ergonomic}
   size_t MaxNewSize                               = 1897922560                                {product} {ergonomic}
   size_t MinHeapDeltaBytes                        = 2097152                                   {product} {ergonomic}
   size_t MinHeapSize                              = 8388608                                   {product} {ergonomic}
    uintx NonProfiledCodeHeapSize                  = 0                                      {pd product} {ergonomic}
     bool ProfileInterpreter                       = false                                  {pd product} {command line}
    uintx ProfiledCodeHeapSize                     = 0                                      {pd product} {ergonomic}
   size_t SoftMaxHeapSize                          = 3164602368                             {manageable} {ergonomic}
     intx TieredStopAtLevel                        = 1                                         {product} {command line}
     bool UseCompressedClassPointers               = true                           {product lp64_product} {ergonomic}
     bool UseCompressedOops                        = true                           {product lp64_product} {ergonomic}
     bool UseG1GC                                  = true                                      {product} {ergonomic}
     bool UseLargePagesIndividualAllocation        = false                                  {pd product} {ergonomic}

Logging:
Log output configuration:
 #0: stdout all=warning uptime,level,tags
 #1: stderr all=off uptime,level,tags

Environment Variables:
JAVA_HOME=C:\Program Files\Java\jdk-16.0.1
CLASSPATH=.;
PATH=C:\Program Files\Common Files\Oracle\Java\javapath;C:\Windows\system32;C:\Windows;C:\Windows\System32\Wbem;C:\Windows\System32\WindowsPowerShell\v1.0\;C:\Windows\System32\OpenSSH\;C:\Program Files (x86)\NVIDIA Corporation\PhysX\Common;C:\Program Files\NVIDIA Corporation\NVIDIA NvDLISR;C:\Program Files\Microsoft\Web Platform Installer\;C:\Program Files (x86)\Microsoft ASP.NET\ASP.NET Web Pages\v1.0\;C:\Program Files\Microsoft SQL Server\110\Tools\Binn\;C:\WINDOWS\system32;C:\WINDOWS;C:\WINDOWS\System32\Wbem;C:\WINDOWS\System32\WindowsPowerShell\v1.0\;C:\WINDOWS\System32\OpenSSH\;C:\Program Files (x86)\Windows Kits\8.0\Windows Performance Toolkit\;C:\Program Files (x86)\Microsoft SQL Server\100\Tools\Binn\;C:\Program Files\Microsoft SQL Server\100\Tools\Binn\;C:\Program Files\Microsoft SQL Server\100\DTS\Binn\;C:\Program Files\Java\jdk-16.0.1\bin;%MAVEN_HOME%\bin;C:\Program Files\Git\cmd;C:\Program Files\MongoDB\Server\4.4\bin;C:\Users\User\AppData\Local\Programs\Python\Python310\Scripts\;C:\Users\User\AppData\Local\Programs\Python\Python310\;c:\Program Files\Java\jdk-16.0.1\bin;C:\Program Files\JetBrains\IntelliJ IDEA 2021.2.2\bin;;C:\Program Files\JetBrains\PyCharm 2021.3.2\bin;;C:\Users\User\AppData\Local\Programs\Microsoft VS Code\bin
USERNAME=User
OS=Windows_NT
PROCESSOR_IDENTIFIER=Intel64 Family 6 Model 126 Stepping 5, GenuineIntel



---------------  S Y S T E M  ---------------

OS:
 Windows 10 , 64 bit Build 19041 (10.0.19041.1503)
OS uptime: 2 days 6:37 hours

CPU: total 4 (initial active 4) (2 cores per cpu, 2 threads per core) family 6 model 126 stepping 5 microcode 0x86, cx8, cmov, fxsr, ht, mmx, 3dnowpref, sse, sse2, sse3, ssse3, sse4.1, sse4.2, popcnt, lzcnt, tsc, tscinvbit, avx, avx2, aes, erms, clmul, bmi1, bmi2, adx, avx512f, avx512dq, avx512cd, avx512bw, avx512vl, sha, fma, vzeroupper, avx512_vpopcntdq, avx512_vpclmulqdq, avx512_vaes, avx512_vnni, clflush, clflushopt, avx512_vbmi2, avx512_vbmi

Memory: 4k page, system-wide physical 12065M (2357M free)
TotalPageFile size 12065M (AvailPageFile size 5M)
current process WorkingSet (physical memory assigned to process): 73M, peak: 73M
current process commit charge ("private bytes"): 281M, peak: 281M

vm_info: OpenJDK 64-Bit Server VM (17.0.1+12-39) for windows-amd64 JRE (17.0.1+12-39), built on Sep 27 2021 18:39:29 by "mach5one" with MS VC++ 16.8 (VS2019)

END.
