#
# There is insufficient memory for the Java Runtime Environment to continue.
# Native memory allocation (mmap) failed to map 65536 bytes for Failed to commit metaspace.
# Possible reasons:
#   The system is out of physical RAM or swap space
#   The process is running with CompressedOops enabled, and the Java Heap may be blocking the growth of the native heap
# Possible solutions:
#   Reduce memory load on the system
#   Increase physical memory or swap space
#   Check if swap backing store is full
#   Decrease Java heap size (-Xmx/-Xms)
#   Decrease number of Java threads
#   Decrease Java thread stack sizes (-Xss)
#   Set larger code cache with -XX:ReservedCodeCacheSize=
#   JVM is running with Zero Based Compressed Oops mode in which the Java heap is
#     placed in the first 32GB address space. The Java Heap base address is the
#     maximum limit for the native heap growth. Please use -XX:HeapBaseMinAddress
#     to set the Java Heap base and to place the Java Heap above 32GB virtual address.
# This output file may be truncated or incomplete.
#
#  Out of Memory Error (virtualSpaceNode.cpp:110), pid=11136, tid=12144
#
# JRE version: OpenJDK Runtime Environment (17.0.1+12) (build 17.0.1+12-39)
# Java VM: OpenJDK 64-Bit Server VM (17.0.1+12-39, mixed mode, emulated-client, sharing, tiered, compressed oops, compressed class ptrs, g1 gc, windows-amd64)
# No core dump will be written. Minidumps are not enabled by default on client versions of Windows
#

---------------  S U M M A R Y ------------

Command Line: -XX:TieredStopAtLevel=1 -Xverify:none -Dspring.output.ansi.enabled=always -javaagent:C:\Program Files\JetBrains\IntelliJ IDEA 2021.2.2\lib\idea_rt.jar=4989:C:\Program Files\JetBrains\IntelliJ IDEA 2021.2.2\bin -Dcom.sun.management.jmxremote -Dspring.jmx.enabled=true -Dspring.liveBeansView.mbeanDomain -Dspring.application.admin.enabled=true -Dfile.encoding=UTF-8 uz.master.demotest.DemoTestApplication

Host: Intel(R) Core(TM) i3-1005G1 CPU @ 1.20GHz, 4 cores, 11G,  Windows 10 , 64 bit Build 19041 (10.0.19041.1503)
Time: Fri Feb 25 17:09:02 2022 West Asia Standard Time elapsed time: 3.038023 seconds (0d 0h 0m 3s)

---------------  T H R E A D  ---------------

Current thread (0x00000214db85fac0):  JavaThread "main" [_thread_in_vm, id=12144, stack(0x0000004871c00000,0x0000004871d00000)]

Stack: [0x0000004871c00000,0x0000004871d00000]
Native frames: (J=compiled Java code, j=interpreted, Vv=VM code, C=native code)
V  [jvm.dll+0x66fa1a]
V  [jvm.dll+0x7ce5a4]
V  [jvm.dll+0x7cfd4e]
V  [jvm.dll+0x7d03b3]
V  [jvm.dll+0x242b05]
V  [jvm.dll+0x7ca54b]
V  [jvm.dll+0x615b76]
V  [jvm.dll+0x1be19e]
V  [jvm.dll+0x6184b1]
V  [jvm.dll+0x616516]
V  [jvm.dll+0x238496]
V  [jvm.dll+0x1e87ad]
V  [jvm.dll+0x1de1f1]
V  [jvm.dll+0x537690]
V  [jvm.dll+0x7496c8]
V  [jvm.dll+0x7497b4]
V  [jvm.dll+0x408995]
V  [jvm.dll+0x40e9e8]
C  [java.dll+0x17ec]

Java frames: (J=compiled Java code, j=interpreted, Vv=VM code)
J 1215  java.lang.ClassLoader.defineClass1(Ljava/lang/ClassLoader;Ljava/lang/String;[BIILjava/security/ProtectionDomain;Ljava/lang/String;)Ljava/lang/Class; java.base@17.0.1 (0 bytes) @ 0x00000214e343ab63 [0x00000214e343aaa0+0x00000000000000c3]
J 1250 c1 java.lang.ClassLoader.defineClass(Ljava/lang/String;[BIILjava/security/ProtectionDomain;)Ljava/lang/Class; java.base@17.0.1 (43 bytes) @ 0x00000214e344c86c [0x00000214e344c760+0x000000000000010c]
J 1239 c1 jdk.internal.loader.BuiltinClassLoader.defineClass(Ljava/lang/String;Ljdk/internal/loader/Resource;)Ljava/lang/Class; java.base@17.0.1 (121 bytes) @ 0x00000214e34475f4 [0x00000214e3447120+0x00000000000004d4]
J 1217 c1 jdk.internal.loader.BuiltinClassLoader.findClassOnClassPathOrNull(Ljava/lang/String;)Ljava/lang/Class; java.base@17.0.1 (64 bytes) @ 0x00000214e343b6c4 [0x00000214e343b400+0x00000000000002c4]
J 1059 c1 jdk.internal.loader.BuiltinClassLoader.loadClassOrNull(Ljava/lang/String;Z)Ljava/lang/Class; java.base@17.0.1 (143 bytes) @ 0x00000214e33f2884 [0x00000214e33f2400+0x0000000000000484]
J 1152 c1 jdk.internal.loader.ClassLoaders$AppClassLoader.loadClass(Ljava/lang/String;Z)Ljava/lang/Class; java.base@17.0.1 (40 bytes) @ 0x00000214e341d5ac [0x00000214e341d460+0x000000000000014c]
J 1147 c1 java.lang.ClassLoader.loadClass(Ljava/lang/String;)Ljava/lang/Class; java.base@17.0.1 (7 bytes) @ 0x00000214e341c1e4 [0x00000214e341c1a0+0x0000000000000044]
v  ~StubRoutines::call_stub
J 915  java.lang.Class.forName0(Ljava/lang/String;ZLjava/lang/ClassLoader;Ljava/lang/Class;)Ljava/lang/Class; java.base@17.0.1 (0 bytes) @ 0x00000214e33b802f [0x00000214e33b7fa0+0x000000000000008f]
J 919 c1 java.lang.Class.forName(Ljava/lang/String;ZLjava/lang/ClassLoader;)Ljava/lang/Class; java.base@17.0.1 (47 bytes) @ 0x00000214e33b963c [0x00000214e33b9540+0x00000000000000fc]
J 2218 c1 org.springframework.util.ClassUtils.forName(Ljava/lang/String;Ljava/lang/ClassLoader;)Ljava/lang/Class; (247 bytes) @ 0x00000214e35d11fc [0x00000214e35d0f60+0x000000000000029c]
j  org.springframework.beans.factory.support.AbstractBeanDefinition.resolveBeanClass(Ljava/lang/ClassLoader;)Ljava/lang/Class;+13
j  org.springframework.beans.factory.support.AbstractBeanFactory.doResolveBeanClass(Lorg/springframework/beans/factory/support/RootBeanDefinition;[Ljava/lang/Class;)Ljava/lang/Class;+280
j  org.springframework.beans.factory.support.AbstractBeanFactory.resolveBeanClass(Lorg/springframework/beans/factory/support/RootBeanDefinition;Ljava/lang/String;[Ljava/lang/Class;)Ljava/lang/Class;+40
j  org.springframework.beans.factory.support.AbstractAutowireCapableBeanFactory.determineTargetType(Ljava/lang/String;Lorg/springframework/beans/factory/support/RootBeanDefinition;[Ljava/lang/Class;)Ljava/lang/Class;+32
j  org.springframework.beans.factory.support.AbstractAutowireCapableBeanFactory.predictBeanType(Ljava/lang/String;Lorg/springframework/beans/factory/support/RootBeanDefinition;[Ljava/lang/Class;)Ljava/lang/Class;+4
j  org.springframework.beans.factory.support.AbstractBeanFactory.isFactoryBean(Ljava/lang/String;Lorg/springframework/beans/factory/support/RootBeanDefinition;)Z+21
j  org.springframework.beans.factory.support.DefaultListableBeanFactory.doGetBeanNamesForType(Lorg/springframework/core/ResolvableType;ZZ)[Ljava/lang/String;+111
j  org.springframework.beans.factory.support.DefaultListableBeanFactory.getBeanNamesForType(Ljava/lang/Class;ZZ)[Ljava/lang/String;+22
j  org.springframework.boot.autoconfigure.web.servlet.DispatcherServletAutoConfiguration$DispatcherServletRegistrationCondition.checkServletRegistration(Lorg/springframework/beans/factory/config/ConfigurableListableBeanFactory;)Lorg/springframework/boot/autoconfigure/condition/ConditionOutcome;+10
j  org.springframework.boot.autoconfigure.web.servlet.DispatcherServletAutoConfiguration$DispatcherServletRegistrationCondition.getMatchOutcome(Lorg/springframework/context/annotation/ConditionContext;Lorg/springframework/core/type/AnnotatedTypeMetadata;)Lorg/springframework/boot/autoconfigure/condition/ConditionOutcome;+27
j  org.springframework.boot.autoconfigure.condition.SpringBootCondition.matches(Lorg/springframework/context/annotation/ConditionContext;Lorg/springframework/core/type/AnnotatedTypeMetadata;)Z+8
j  org.springframework.context.annotation.ConditionEvaluator.shouldSkip(Lorg/springframework/core/type/AnnotatedTypeMetadata;Lorg/springframework/context/annotation/ConfigurationCondition$ConfigurationPhase;)Z+235
j  org.springframework.context.annotation.ConfigurationClassParser.processConfigurationClass(Lorg/springframework/context/annotation/ConfigurationClass;Ljava/util/function/Predicate;)V+11
j  org.springframework.context.annotation.ConfigurationClassParser.processMemberClasses(Lorg/springframework/context/annotation/ConfigurationClass;Lorg/springframework/context/annotation/ConfigurationClassParser$SourceClass;Ljava/util/function/Predicate;)V+199
j  org.springframework.context.annotation.ConfigurationClassParser.doProcessConfigurationClass(Lorg/springframework/context/annotation/ConfigurationClass;Lorg/springframework/context/annotation/ConfigurationClassParser$SourceClass;Ljava/util/function/Predicate;)Lorg/springframework/context/annotation/ConfigurationClassParser$SourceClass;+21
j  org.springframework.context.annotation.ConfigurationClassParser.processConfigurationClass(Lorg/springframework/context/annotation/ConfigurationClass;Ljava/util/function/Predicate;)V+106
j  org.springframework.context.annotation.ConfigurationClassParser.processImports(Lorg/springframework/context/annotation/ConfigurationClass;Lorg/springframework/context/annotation/ConfigurationClassParser$SourceClass;Ljava/util/Collection;Ljava/util/function/Predicate;Z)V+296
j  org.springframework.context.annotation.ConfigurationClassParser.access$800(Lorg/springframework/context/annotation/ConfigurationClassParser;Lorg/springframework/context/annotation/ConfigurationClass;Lorg/springframework/context/annotation/ConfigurationClassParser$SourceClass;Ljava/util/Collection;Ljava/util/function/Predicate;Z)V+8
j  org.springframework.context.annotation.ConfigurationClassParser$DeferredImportSelectorGroupingHandler.lambda$processGroupImports$1(Ljava/util/function/Predicate;Lorg/springframework/context/annotation/DeferredImportSelector$Group$Entry;)V+48
j  org.springframework.context.annotation.ConfigurationClassParser$DeferredImportSelectorGroupingHandler$$Lambda$375+0x0000000800e16e48.accept(Ljava/lang/Object;)V+12
j  java.util.ArrayList.forEach(Ljava/util/function/Consumer;)V+46 java.base@17.0.1
j  org.springframework.context.annotation.ConfigurationClassParser$DeferredImportSelectorGroupingHandler.processGroupImports()V+50
j  org.springframework.context.annotation.ConfigurationClassParser$DeferredImportSelectorHandler.process()V+54
j  org.springframework.context.annotation.ConfigurationClassParser.parse(Ljava/util/Set;)V+171
j  org.springframework.context.annotation.ConfigurationClassPostProcessor.processConfigBeanDefinitions(Lorg/springframework/beans/factory/support/BeanDefinitionRegistry;)V+308
j  org.springframework.context.annotation.ConfigurationClassPostProcessor.postProcessBeanDefinitionRegistry(Lorg/springframework/beans/factory/support/BeanDefinitionRegistry;)V+107
j  org.springframework.context.support.PostProcessorRegistrationDelegate.invokeBeanDefinitionRegistryPostProcessors(Ljava/util/Collection;Lorg/springframework/beans/factory/support/BeanDefinitionRegistry;Lorg/springframework/core/metrics/ApplicationStartup;)V+59
j  org.springframework.context.support.PostProcessorRegistrationDelegate.invokeBeanFactoryPostProcessors(Lorg/springframework/beans/factory/config/ConfigurableListableBeanFactory;Ljava/util/List;)V+235
j  org.springframework.context.support.AbstractApplicationContext.invokeBeanFactoryPostProcessors(Lorg/springframework/beans/factory/config/ConfigurableListableBeanFactory;)V+5
j  org.springframework.context.support.AbstractApplicationContext.refresh()V+53
j  org.springframework.boot.web.servlet.context.ServletWebServerApplicationContext.refresh()V+1
j  org.springframework.boot.SpringApplication.refresh(Lorg/springframework/context/ConfigurableApplicationContext;)V+1
j  org.springframework.boot.SpringApplication.refreshContext(Lorg/springframework/context/ConfigurableApplicationContext;)V+16
j  org.springframework.boot.SpringApplication.run([Ljava/lang/String;)Lorg/springframework/context/ConfigurableApplicationContext;+107
j  org.springframework.boot.SpringApplication.run([Ljava/lang/Class;[Ljava/lang/String;)Lorg/springframework/context/ConfigurableApplicationContext;+9
j  org.springframework.boot.SpringApplication.run(Ljava/lang/Class;[Ljava/lang/String;)Lorg/springframework/context/ConfigurableApplicationContext;+9
j  uz.master.demotest.DemoTestApplication.main([Ljava/lang/String;)V+3
v  ~StubRoutines::call_stub

---------------  P R O C E S S  ---------------

Threads class SMR info:
_java_thread_list=0x00000214f18fc0e0, length=15, elements={
0x00000214db85fac0, 0x00000214ef2fa950, 0x00000214ef2fb410, 0x00000214ef310a00,
0x00000214ef3133d0, 0x00000214ef313c90, 0x00000214ef316560, 0x00000214ef316ed0,
0x00000214ef3177d0, 0x00000214ef2df9f0, 0x00000214efd79020, 0x00000214efd79530,
0x00000214f00fd800, 0x00000214f00fdcd0, 0x00000214f0393020
}

Java Threads: ( => current thread )
=>0x00000214db85fac0 JavaThread "main" [_thread_in_vm, id=12144, stack(0x0000004871c00000,0x0000004871d00000)]
  0x00000214ef2fa950 JavaThread "Reference Handler" daemon [_thread_blocked, id=3708, stack(0x0000004872300000,0x0000004872400000)]
  0x00000214ef2fb410 JavaThread "Finalizer" daemon [_thread_blocked, id=11304, stack(0x0000004872400000,0x0000004872500000)]
  0x00000214ef310a00 JavaThread "Signal Dispatcher" daemon [_thread_blocked, id=13596, stack(0x0000004872500000,0x0000004872600000)]
  0x00000214ef3133d0 JavaThread "Attach Listener" daemon [_thread_blocked, id=6748, stack(0x0000004872600000,0x0000004872700000)]
  0x00000214ef313c90 JavaThread "Service Thread" daemon [_thread_blocked, id=12740, stack(0x0000004872700000,0x0000004872800000)]
  0x00000214ef316560 JavaThread "Monitor Deflation Thread" daemon [_thread_blocked, id=3464, stack(0x0000004872800000,0x0000004872900000)]
  0x00000214ef316ed0 JavaThread "C1 CompilerThread0" daemon [_thread_blocked, id=10880, stack(0x0000004872900000,0x0000004872a00000)]
  0x00000214ef3177d0 JavaThread "Sweeper thread" daemon [_thread_blocked, id=5532, stack(0x0000004872a00000,0x0000004872b00000)]
  0x00000214ef2df9f0 JavaThread "Common-Cleaner" daemon [_thread_blocked, id=1572, stack(0x0000004872b00000,0x0000004872c00000)]
  0x00000214efd79020 JavaThread "C1 CompilerThread1" daemon [_thread_blocked, id=10392, stack(0x0000004872c00000,0x0000004872d00000)]
  0x00000214efd79530 JavaThread "C1 CompilerThread2" daemon [_thread_blocked, id=4220, stack(0x0000004872d00000,0x0000004872e00000)]
  0x00000214f00fd800 JavaThread "Monitor Ctrl-Break" daemon [_thread_in_native, id=2652, stack(0x0000004872e00000,0x0000004872f00000)]
  0x00000214f00fdcd0 JavaThread "Notification Thread" daemon [_thread_blocked, id=10832, stack(0x0000004872f00000,0x0000004873000000)]
  0x00000214f0393020 JavaThread "RMI TCP Accept-0" daemon [_thread_in_native, id=13036, stack(0x0000004873400000,0x0000004873500000)]

Other Threads:
  0x00000214ef2f4f40 VMThread "VM Thread" [stack: 0x0000004872200000,0x0000004872300000] [id=13624]
  0x00000214db860a70 WatcherThread [stack: 0x0000004873500000,0x0000004873600000] [id=8628]
  0x00000214db8a2390 GCTaskThread "GC Thread#0" [stack: 0x0000004871d00000,0x0000004871e00000] [id=1964]
  0x00000214f031eaf0 GCTaskThread "GC Thread#1" [stack: 0x0000004873000000,0x0000004873100000] [id=12844]
  0x00000214f0356f30 GCTaskThread "GC Thread#2" [stack: 0x0000004873100000,0x0000004873200000] [id=2360]
  0x00000214f03571e0 GCTaskThread "GC Thread#3" [stack: 0x0000004873200000,0x0000004873300000] [id=9300]
  0x00000214db8afe80 ConcurrentGCThread "G1 Main Marker" [stack: 0x0000004871e00000,0x0000004871f00000] [id=13660]
  0x00000214db8b07a0 ConcurrentGCThread "G1 Conc#0" [stack: 0x0000004871f00000,0x0000004872000000] [id=14576]
  0x00000214db92e080 ConcurrentGCThread "G1 Refine#0" [stack: 0x0000004872000000,0x0000004872100000] [id=7704]
  0x00000214f037d5a0 ConcurrentGCThread "G1 Refine#1" [stack: 0x0000004873300000,0x0000004873400000] [id=11844]
  0x00000214db92e9b0 ConcurrentGCThread "G1 Service" [stack: 0x0000004872100000,0x0000004872200000] [id=8676]

Threads with active compile tasks:

VM state: not at safepoint (normal execution)

VM Mutex/Monitor currently owned by a thread:  ([mutex/lock_event])
[0x00000214db85a100] Metaspace_lock - owner thread: 0x00000214db85fac0

Heap address: 0x0000000743600000, size: 3018 MB, Compressed Oops mode: Zero based, Oop shift amount: 3

CDS archive(s) mapped at: [0x0000000800000000-0x0000000800bc0000-0x0000000800bc0000), size 12320768, SharedBaseAddress: 0x0000000800000000, ArchiveRelocationMode: 0.
Compressed class space mapped at: 0x0000000800c00000-0x0000000840c00000, reserved size: 1073741824
Narrow klass base: 0x0000000800000000, Narrow klass shift: 0, Narrow klass range: 0x100000000

GC Precious Log:
 CPUs: 4 total, 4 available
 Memory: 12065M
 Large Page Support: Disabled
 NUMA Support: Disabled
 Compressed Oops: Enabled (Zero based)
 Heap Region Size: 2M
 Heap Min Capacity: 8M
 Heap Initial Capacity: 190M
 Heap Max Capacity: 3018M
 Pre-touch: Disabled
 Parallel Workers: 4
 Concurrent Workers: 1
 Concurrent Refinement Workers: 4
 Periodic GC: Disabled

Heap:
 garbage-first heap   total 194560K, used 76817K [0x0000000743600000, 0x0000000800000000)
  region size 2048K, 37 young (75776K), 2 survivors (4096K)
 Metaspace       used 16041K, committed 16192K, reserved 1064960K
  class space    used 2116K, committed 2176K, reserved 1048576K

Heap Regions: E=young(eden), S=young(survivor), O=old, HS=humongous(starts), HC=humongous(continues), CS=collection set, F=free, OA=open archive, CA=closed archive, TAMS=top-at-mark-start (previous, next)
|   0|0x0000000743600000, 0x0000000743800000, 0x0000000743800000|100%| O|  |TAMS 0x0000000743600000, 0x0000000743600000| Untracked 
|   1|0x0000000743800000, 0x0000000743a00000, 0x0000000743a00000|100%| O|  |TAMS 0x0000000743800000, 0x0000000743800000| Untracked 
|   2|0x0000000743a00000, 0x0000000743c00000, 0x0000000743c00000|100%| O|  |TAMS 0x0000000743a00000, 0x0000000743a00000| Untracked 
|   3|0x0000000743c00000, 0x0000000743c64000, 0x0000000743e00000| 19%| O|  |TAMS 0x0000000743c00000, 0x0000000743c00000| Untracked 
|   4|0x0000000743e00000, 0x0000000743e00000, 0x0000000744000000|  0%| F|  |TAMS 0x0000000743e00000, 0x0000000743e00000| Untracked 
|   5|0x0000000744000000, 0x0000000744000000, 0x0000000744200000|  0%| F|  |TAMS 0x0000000744000000, 0x0000000744000000| Untracked 
|   6|0x0000000744200000, 0x0000000744200000, 0x0000000744400000|  0%| F|  |TAMS 0x0000000744200000, 0x0000000744200000| Untracked 
|   7|0x0000000744400000, 0x0000000744400000, 0x0000000744600000|  0%| F|  |TAMS 0x0000000744400000, 0x0000000744400000| Untracked 
|   8|0x0000000744600000, 0x0000000744600000, 0x0000000744800000|  0%| F|  |TAMS 0x0000000744600000, 0x0000000744600000| Untracked 
|   9|0x0000000744800000, 0x0000000744800000, 0x0000000744a00000|  0%| F|  |TAMS 0x0000000744800000, 0x0000000744800000| Untracked 
|  10|0x0000000744a00000, 0x0000000744a00000, 0x0000000744c00000|  0%| F|  |TAMS 0x0000000744a00000, 0x0000000744a00000| Untracked 
|  11|0x0000000744c00000, 0x0000000744c00000, 0x0000000744e00000|  0%| F|  |TAMS 0x0000000744c00000, 0x0000000744c00000| Untracked 
|  12|0x0000000744e00000, 0x0000000744e00000, 0x0000000745000000|  0%| F|  |TAMS 0x0000000744e00000, 0x0000000744e00000| Untracked 
|  13|0x0000000745000000, 0x0000000745000000, 0x0000000745200000|  0%| F|  |TAMS 0x0000000745000000, 0x0000000745000000| Untracked 
|  14|0x0000000745200000, 0x0000000745200000, 0x0000000745400000|  0%| F|  |TAMS 0x0000000745200000, 0x0000000745200000| Untracked 
|  15|0x0000000745400000, 0x0000000745400000, 0x0000000745600000|  0%| F|  |TAMS 0x0000000745400000, 0x0000000745400000| Untracked 
|  16|0x0000000745600000, 0x0000000745600000, 0x0000000745800000|  0%| F|  |TAMS 0x0000000745600000, 0x0000000745600000| Untracked 
|  17|0x0000000745800000, 0x0000000745800000, 0x0000000745a00000|  0%| F|  |TAMS 0x0000000745800000, 0x0000000745800000| Untracked 
|  18|0x0000000745a00000, 0x0000000745a00000, 0x0000000745c00000|  0%| F|  |TAMS 0x0000000745a00000, 0x0000000745a00000| Untracked 
|  19|0x0000000745c00000, 0x0000000745c00000, 0x0000000745e00000|  0%| F|  |TAMS 0x0000000745c00000, 0x0000000745c00000| Untracked 
|  20|0x0000000745e00000, 0x0000000745e00000, 0x0000000746000000|  0%| F|  |TAMS 0x0000000745e00000, 0x0000000745e00000| Untracked 
|  21|0x0000000746000000, 0x0000000746000000, 0x0000000746200000|  0%| F|  |TAMS 0x0000000746000000, 0x0000000746000000| Untracked 
|  22|0x0000000746200000, 0x0000000746200000, 0x0000000746400000|  0%| F|  |TAMS 0x0000000746200000, 0x0000000746200000| Untracked 
|  23|0x0000000746400000, 0x0000000746400000, 0x0000000746600000|  0%| F|  |TAMS 0x0000000746400000, 0x0000000746400000| Untracked 
|  24|0x0000000746600000, 0x0000000746600000, 0x0000000746800000|  0%| F|  |TAMS 0x0000000746600000, 0x0000000746600000| Untracked 
|  25|0x0000000746800000, 0x0000000746800000, 0x0000000746a00000|  0%| F|  |TAMS 0x0000000746800000, 0x0000000746800000| Untracked 
|  26|0x0000000746a00000, 0x0000000746a00000, 0x0000000746c00000|  0%| F|  |TAMS 0x0000000746a00000, 0x0000000746a00000| Untracked 
|  27|0x0000000746c00000, 0x0000000746c00000, 0x0000000746e00000|  0%| F|  |TAMS 0x0000000746c00000, 0x0000000746c00000| Untracked 
|  28|0x0000000746e00000, 0x0000000746e00000, 0x0000000747000000|  0%| F|  |TAMS 0x0000000746e00000, 0x0000000746e00000| Untracked 
|  29|0x0000000747000000, 0x0000000747000000, 0x0000000747200000|  0%| F|  |TAMS 0x0000000747000000, 0x0000000747000000| Untracked 
|  30|0x0000000747200000, 0x0000000747200000, 0x0000000747400000|  0%| F|  |TAMS 0x0000000747200000, 0x0000000747200000| Untracked 
|  31|0x0000000747400000, 0x0000000747400000, 0x0000000747600000|  0%| F|  |TAMS 0x0000000747400000, 0x0000000747400000| Untracked 
|  32|0x0000000747600000, 0x0000000747600000, 0x0000000747800000|  0%| F|  |TAMS 0x0000000747600000, 0x0000000747600000| Untracked 
|  33|0x0000000747800000, 0x0000000747800000, 0x0000000747a00000|  0%| F|  |TAMS 0x0000000747800000, 0x0000000747800000| Untracked 
|  34|0x0000000747a00000, 0x0000000747a00000, 0x0000000747c00000|  0%| F|  |TAMS 0x0000000747a00000, 0x0000000747a00000| Untracked 
|  35|0x0000000747c00000, 0x0000000747c00000, 0x0000000747e00000|  0%| F|  |TAMS 0x0000000747c00000, 0x0000000747c00000| Untracked 
|  36|0x0000000747e00000, 0x0000000747e00000, 0x0000000748000000|  0%| F|  |TAMS 0x0000000747e00000, 0x0000000747e00000| Untracked 
|  37|0x0000000748000000, 0x0000000748000000, 0x0000000748200000|  0%| F|  |TAMS 0x0000000748000000, 0x0000000748000000| Untracked 
|  38|0x0000000748200000, 0x0000000748200000, 0x0000000748400000|  0%| F|  |TAMS 0x0000000748200000, 0x0000000748200000| Untracked 
|  39|0x0000000748400000, 0x0000000748400000, 0x0000000748600000|  0%| F|  |TAMS 0x0000000748400000, 0x0000000748400000| Untracked 
|  40|0x0000000748600000, 0x0000000748600000, 0x0000000748800000|  0%| F|  |TAMS 0x0000000748600000, 0x0000000748600000| Untracked 
|  41|0x0000000748800000, 0x0000000748800000, 0x0000000748a00000|  0%| F|  |TAMS 0x0000000748800000, 0x0000000748800000| Untracked 
|  42|0x0000000748a00000, 0x0000000748a00000, 0x0000000748c00000|  0%| F|  |TAMS 0x0000000748a00000, 0x0000000748a00000| Untracked 
|  43|0x0000000748c00000, 0x0000000748c00000, 0x0000000748e00000|  0%| F|  |TAMS 0x0000000748c00000, 0x0000000748c00000| Untracked 
|  44|0x0000000748e00000, 0x0000000748e00000, 0x0000000749000000|  0%| F|  |TAMS 0x0000000748e00000, 0x0000000748e00000| Untracked 
|  45|0x0000000749000000, 0x0000000749000000, 0x0000000749200000|  0%| F|  |TAMS 0x0000000749000000, 0x0000000749000000| Untracked 
|  46|0x0000000749200000, 0x0000000749200000, 0x0000000749400000|  0%| F|  |TAMS 0x0000000749200000, 0x0000000749200000| Untracked 
|  47|0x0000000749400000, 0x0000000749400000, 0x0000000749600000|  0%| F|  |TAMS 0x0000000749400000, 0x0000000749400000| Untracked 
|  48|0x0000000749600000, 0x0000000749600000, 0x0000000749800000|  0%| F|  |TAMS 0x0000000749600000, 0x0000000749600000| Untracked 
|  49|0x0000000749800000, 0x0000000749800000, 0x0000000749a00000|  0%| F|  |TAMS 0x0000000749800000, 0x0000000749800000| Untracked 
|  50|0x0000000749a00000, 0x0000000749a00000, 0x0000000749c00000|  0%| F|  |TAMS 0x0000000749a00000, 0x0000000749a00000| Untracked 
|  51|0x0000000749c00000, 0x0000000749c00000, 0x0000000749e00000|  0%| F|  |TAMS 0x0000000749c00000, 0x0000000749c00000| Untracked 
|  52|0x0000000749e00000, 0x0000000749e00000, 0x000000074a000000|  0%| F|  |TAMS 0x0000000749e00000, 0x0000000749e00000| Untracked 
|  53|0x000000074a000000, 0x000000074a000000, 0x000000074a200000|  0%| F|  |TAMS 0x000000074a000000, 0x000000074a000000| Untracked 
|  54|0x000000074a200000, 0x000000074a200000, 0x000000074a400000|  0%| F|  |TAMS 0x000000074a200000, 0x000000074a200000| Untracked 
|  55|0x000000074a400000, 0x000000074a400000, 0x000000074a600000|  0%| F|  |TAMS 0x000000074a400000, 0x000000074a400000| Untracked 
|  56|0x000000074a600000, 0x000000074a600000, 0x000000074a800000|  0%| F|  |TAMS 0x000000074a600000, 0x000000074a600000| Untracked 
|  57|0x000000074a800000, 0x000000074a800000, 0x000000074aa00000|  0%| F|  |TAMS 0x000000074a800000, 0x000000074a800000| Untracked 
|  58|0x000000074aa00000, 0x000000074ab00800, 0x000000074ac00000| 50%| E|  |TAMS 0x000000074aa00000, 0x000000074aa00000| Complete 
|  59|0x000000074ac00000, 0x000000074ae00000, 0x000000074ae00000|100%| E|CS|TAMS 0x000000074ac00000, 0x000000074ac00000| Complete 
|  60|0x000000074ae00000, 0x000000074b000000, 0x000000074b000000|100%| E|CS|TAMS 0x000000074ae00000, 0x000000074ae00000| Complete 
|  61|0x000000074b000000, 0x000000074b200000, 0x000000074b200000|100%| E|CS|TAMS 0x000000074b000000, 0x000000074b000000| Complete 
|  62|0x000000074b200000, 0x000000074b400000, 0x000000074b400000|100%| E|CS|TAMS 0x000000074b200000, 0x000000074b200000| Complete 
|  63|0x000000074b400000, 0x000000074b600000, 0x000000074b600000|100%| E|CS|TAMS 0x000000074b400000, 0x000000074b400000| Complete 
|  64|0x000000074b600000, 0x000000074b800000, 0x000000074b800000|100%| E|CS|TAMS 0x000000074b600000, 0x000000074b600000| Complete 
|  65|0x000000074b800000, 0x000000074ba00000, 0x000000074ba00000|100%| E|CS|TAMS 0x000000074b800000, 0x000000074b800000| Complete 
|  66|0x000000074ba00000, 0x000000074bc00000, 0x000000074bc00000|100%| E|CS|TAMS 0x000000074ba00000, 0x000000074ba00000| Complete 
|  67|0x000000074bc00000, 0x000000074be00000, 0x000000074be00000|100%| E|CS|TAMS 0x000000074bc00000, 0x000000074bc00000| Complete 
|  68|0x000000074be00000, 0x000000074c000000, 0x000000074c000000|100%| E|  |TAMS 0x000000074be00000, 0x000000074be00000| Complete 
|  69|0x000000074c000000, 0x000000074c200000, 0x000000074c200000|100%| E|CS|TAMS 0x000000074c000000, 0x000000074c000000| Complete 
|  70|0x000000074c200000, 0x000000074c400000, 0x000000074c400000|100%| E|CS|TAMS 0x000000074c200000, 0x000000074c200000| Complete 
|  71|0x000000074c400000, 0x000000074c600000, 0x000000074c600000|100%| E|CS|TAMS 0x000000074c400000, 0x000000074c400000| Complete 
|  72|0x000000074c600000, 0x000000074c800000, 0x000000074c800000|100%| E|CS|TAMS 0x000000074c600000, 0x000000074c600000| Complete 
|  73|0x000000074c800000, 0x000000074ca00000, 0x000000074ca00000|100%| E|CS|TAMS 0x000000074c800000, 0x000000074c800000| Complete 
|  74|0x000000074ca00000, 0x000000074cc00000, 0x000000074cc00000|100%| E|CS|TAMS 0x000000074ca00000, 0x000000074ca00000| Complete 
|  75|0x000000074cc00000, 0x000000074ce00000, 0x000000074ce00000|100%| E|CS|TAMS 0x000000074cc00000, 0x000000074cc00000| Complete 
|  76|0x000000074ce00000, 0x000000074d000000, 0x000000074d000000|100%| E|CS|TAMS 0x000000074ce00000, 0x000000074ce00000| Complete 
|  77|0x000000074d000000, 0x000000074d200000, 0x000000074d200000|100%| E|CS|TAMS 0x000000074d000000, 0x000000074d000000| Complete 
|  78|0x000000074d200000, 0x000000074d400000, 0x000000074d400000|100%| E|CS|TAMS 0x000000074d200000, 0x000000074d200000| Complete 
|  79|0x000000074d400000, 0x000000074d600000, 0x000000074d600000|100%| E|CS|TAMS 0x000000074d400000, 0x000000074d400000| Complete 
|  80|0x000000074d600000, 0x000000074d800000, 0x000000074d800000|100%| E|CS|TAMS 0x000000074d600000, 0x000000074d600000| Complete 
|  81|0x000000074d800000, 0x000000074da00000, 0x000000074da00000|100%| E|CS|TAMS 0x000000074d800000, 0x000000074d800000| Complete 
|  82|0x000000074da00000, 0x000000074daa07b0, 0x000000074dc00000| 31%| S|CS|TAMS 0x000000074da00000, 0x000000074da00000| Complete 
|  83|0x000000074dc00000, 0x000000074de00000, 0x000000074de00000|100%| S|CS|TAMS 0x000000074dc00000, 0x000000074dc00000| Complete 
|  84|0x000000074de00000, 0x000000074e000000, 0x000000074e000000|100%| E|CS|TAMS 0x000000074de00000, 0x000000074de00000| Complete 
|  85|0x000000074e000000, 0x000000074e200000, 0x000000074e200000|100%| E|CS|TAMS 0x000000074e000000, 0x000000074e000000| Complete 
|  86|0x000000074e200000, 0x000000074e400000, 0x000000074e400000|100%| E|CS|TAMS 0x000000074e200000, 0x000000074e200000| Complete 
|  87|0x000000074e400000, 0x000000074e600000, 0x000000074e600000|100%| E|CS|TAMS 0x000000074e400000, 0x000000074e400000| Complete 
|  88|0x000000074e600000, 0x000000074e800000, 0x000000074e800000|100%| E|CS|TAMS 0x000000074e600000, 0x000000074e600000| Complete 
|  89|0x000000074e800000, 0x000000074ea00000, 0x000000074ea00000|100%| E|CS|TAMS 0x000000074e800000, 0x000000074e800000| Complete 
|  90|0x000000074ea00000, 0x000000074ec00000, 0x000000074ec00000|100%| E|CS|TAMS 0x000000074ea00000, 0x000000074ea00000| Complete 
|  91|0x000000074ec00000, 0x000000074ee00000, 0x000000074ee00000|100%| E|CS|TAMS 0x000000074ec00000, 0x000000074ec00000| Complete 
|  92|0x000000074ee00000, 0x000000074f000000, 0x000000074f000000|100%| E|CS|TAMS 0x000000074ee00000, 0x000000074ee00000| Complete 
|  93|0x000000074f000000, 0x000000074f200000, 0x000000074f200000|100%| E|CS|TAMS 0x000000074f000000, 0x000000074f000000| Complete 
|  94|0x000000074f200000, 0x000000074f400000, 0x000000074f400000|100%| E|CS|TAMS 0x000000074f200000, 0x000000074f200000| Complete 

Card table byte_map: [0x00000214e6640000,0x00000214e6c30000] _byte_map_base: 0x00000214e2c25000

Marking Bits (Prev, Next): (CMBitMap*) 0x00000214db8a38c0, (CMBitMap*) 0x00000214db8a3900
 Prev Bits: [0x00000214e7220000, 0x00000214ea148000)
 Next Bits: [0x00000214ea150000, 0x00000214ed078000)

Polling page: 0x00000214d9810000

Metaspace:

Usage:
  Non-class:     13.60 MB used.
      Class:      2.07 MB used.
       Both:     15.67 MB used.

Virtual space:
  Non-class space:       16.00 MB reserved,      13.69 MB ( 86%) committed,  2 nodes.
      Class space:        1.00 GB reserved,       2.12 MB ( <1%) committed,  1 nodes.
             Both:        1.02 GB reserved,      15.81 MB (  2%) committed. 

Chunk freelists:
   Non-Class:  1.42 MB
       Class:  1.88 MB
        Both:  3.30 MB

MaxMetaspaceSize: unlimited
CompressedClassSpaceSize: 1.00 GB
Initial GC threshold: 21.00 MB
Current GC threshold: 21.00 MB
CDS: on
MetaspaceReclaimPolicy: balanced
 - commit_granule_bytes: 65536.
 - commit_granule_words: 8192.
 - virtual_space_node_default_size: 1048576.
 - enlarge_chunks_in_place: 1.
 - new_chunks_are_fully_committed: 0.
 - uncommit_free_chunks: 1.
 - use_allocation_guard: 0.
 - handle_deallocations: 1.


Internal statistics:

num_allocs_failed_limit: 0.
num_arena_births: 218.
num_arena_deaths: 0.
num_vsnodes_births: 3.
num_vsnodes_deaths: 0.
num_space_committed: 253.
num_space_uncommitted: 0.
num_chunks_returned_to_freelist: 0.
num_chunks_taken_from_freelist: 673.
num_chunk_merges: 0.
num_chunk_splits: 464.
num_chunks_enlarged: 362.
num_purges: 0.
num_inconsistent_stats: 0.

CodeCache: size=49152Kb used=5930Kb max_used=5930Kb free=43221Kb
 bounds [0x00000214e3050000, 0x00000214e3620000, 0x00000214e6050000]
 total_blobs=2848 nmethods=2377 adapters=396
 compilation: enabled
              stopped_count=0, restarted_count=0
 full_count=0

Compilation events (20 events):
Event: 3.033 Thread 0x00000214efd79020 2368       1       java.lang.ClassLoader::definePackage (53 bytes)
Event: 3.033 Thread 0x00000214efd79530 2369       1       java.lang.Package::<init> (47 bytes)
Event: 3.033 Thread 0x00000214ef316ed0 2370       1       java.lang.Package$VersionInfo::getInstance (53 bytes)
Event: 3.033 Thread 0x00000214ef316ed0 nmethod 2370 0x00000214e3617e10 code [0x00000214e3617fc0, 0x00000214e36181e8]
Event: 3.033 Thread 0x00000214efd79530 nmethod 2369 0x00000214e3618290 code [0x00000214e3618440, 0x00000214e36186c8]
Event: 3.033 Thread 0x00000214efd79020 nmethod 2368 0x00000214e3618810 code [0x00000214e36189e0, 0x00000214e3618d38]
Event: 3.035 Thread 0x00000214efd79020 2371       1       java.io.FileDescriptor::<init> (17 bytes)
Event: 3.035 Thread 0x00000214efd79020 nmethod 2371 0x00000214e3618f10 code [0x00000214e36190a0, 0x00000214e3619178]
Event: 3.035 Thread 0x00000214efd79020 2372       1       org.springframework.beans.factory.support.AbstractBeanFactory::getParentBeanFactory (5 bytes)
Event: 3.035 Thread 0x00000214efd79020 nmethod 2372 0x00000214e3619210 code [0x00000214e36193a0, 0x00000214e3619478]
Event: 3.035 Thread 0x00000214efd79020 2373       1       java.io.FileCleanable::register (49 bytes)
Event: 3.035 Thread 0x00000214ef316ed0 2374       1       java.io.FileDescriptor$1::get (5 bytes)
Event: 3.035 Thread 0x00000214efd79530 2375       1       java.io.FileDescriptor$1::getHandle (5 bytes)
Event: 3.035 Thread 0x00000214ef316ed0 nmethod 2374 0x00000214e3619510 code [0x00000214e36196a0, 0x00000214e3619778]
Event: 3.035 Thread 0x00000214efd79530 nmethod 2375 0x00000214e3619810 code [0x00000214e36199a0, 0x00000214e3619a78]
Event: 3.035 Thread 0x00000214ef316ed0 2376       1       java.io.FileCleanable::<init> (18 bytes)
Event: 3.035 Thread 0x00000214efd79530 2377  s    1       java.io.FileDescriptor::registerCleanup (27 bytes)
Event: 3.036 Thread 0x00000214ef316ed0 nmethod 2376 0x00000214e3619b10 code [0x00000214e3619ca0, 0x00000214e3619da8]
Event: 3.036 Thread 0x00000214efd79530 nmethod 2377 0x00000214e3619e10 code [0x00000214e3619fc0, 0x00000214e361a278]
Event: 3.036 Thread 0x00000214efd79020 nmethod 2373 0x00000214e361a390 code [0x00000214e361a540, 0x00000214e361a8b8]

GC Heap History (6 events):
Event: 1.695 GC heap before
{Heap before GC invocations=0 (full 0):
 garbage-first heap   total 194560K, used 12288K [0x0000000743600000, 0x0000000800000000)
  region size 2048K, 6 young (12288K), 0 survivors (0K)
 Metaspace       used 3545K, committed 3712K, reserved 1056768K
  class space    used 416K, committed 512K, reserved 1048576K
}
Event: 1.700 GC heap after
{Heap after GC invocations=1 (full 0):
 garbage-first heap   total 194560K, used 6697K [0x0000000743600000, 0x0000000800000000)
  region size 2048K, 1 young (2048K), 1 survivors (2048K)
 Metaspace       used 3545K, committed 3712K, reserved 1056768K
  class space    used 416K, committed 512K, reserved 1048576K
}
Event: 1.976 GC heap before
{Heap before GC invocations=1 (full 0):
 garbage-first heap   total 194560K, used 12841K [0x0000000743600000, 0x0000000800000000)
  region size 2048K, 4 young (8192K), 1 survivors (2048K)
 Metaspace       used 5564K, committed 5760K, reserved 1056768K
  class space    used 657K, committed 768K, reserved 1048576K
}
Event: 1.979 GC heap after
{Heap after GC invocations=2 (full 0):
 garbage-first heap   total 194560K, used 7674K [0x0000000743600000, 0x0000000800000000)
  region size 2048K, 1 young (2048K), 1 survivors (2048K)
 Metaspace       used 5564K, committed 5760K, reserved 1056768K
  class space    used 657K, committed 768K, reserved 1048576K
}
Event: 2.657 GC heap before
{Heap before GC invocations=2 (full 0):
 garbage-first heap   total 194560K, used 26106K [0x0000000743600000, 0x0000000800000000)
  region size 2048K, 11 young (22528K), 1 survivors (2048K)
 Metaspace       used 10178K, committed 10432K, reserved 1064960K
  class space    used 1389K, committed 1472K, reserved 1048576K
}
Event: 2.660 GC heap after
{Heap after GC invocations=3 (full 0):
 garbage-first heap   total 194560K, used 9233K [0x0000000743600000, 0x0000000800000000)
  region size 2048K, 2 young (4096K), 2 survivors (4096K)
 Metaspace       used 10178K, committed 10432K, reserved 1064960K
  class space    used 1389K, committed 1472K, reserved 1048576K
}

Deoptimization events (4 events):
Event: 2.064 Thread 0x00000214db85fac0 DEOPT PACKING pc=0x00000214e332f881 sp=0x0000004871cfdb70
Event: 2.064 Thread 0x00000214db85fac0 DEOPT UNPACKING pc=0x00000214e30a6763 sp=0x0000004871cfcfc8 mode 3
Event: 2.742 Thread 0x00000214db85fac0 DEOPT PACKING pc=0x00000214e35597f9 sp=0x0000004871cfd620
Event: 2.742 Thread 0x00000214db85fac0 DEOPT UNPACKING pc=0x00000214e30a6763 sp=0x0000004871cfcb00 mode 3

Classes unloaded (0 events):
No events

Classes redefined (0 events):
No events

Internal exceptions (20 events):
Event: 2.765 Thread 0x00000214f07b4b00 Exception <a 'java/lang/NoSuchMethodError'{0x000000074e470f58}: 'long java.lang.invoke.DirectMethodHandle$Holder.invokeInterface(java.lang.Object, java.lang.Object)'> (0x000000074e470f58) 
thrown [t:\workspace\open\src\hotspot\share\interpreter\linkResolver.cpp, line 766]
Event: 2.765 Thread 0x00000214f07b4b00 Exception <a 'java/lang/IncompatibleClassChangeError'{0x000000074e4744e8}: Found class java.lang.Object, but interface was expected> (0x000000074e4744e8) 
thrown [t:\workspace\open\src\hotspot\share\interpreter\linkResolver.cpp, line 833]
Event: 2.771 Thread 0x00000214f07b4b00 Exception <a 'java/lang/NoSuchMethodError'{0x000000074e4df900}: 'java.lang.Object java.lang.invoke.DirectMethodHandle$Holder.invokeVirtual(java.lang.Object, java.lang.Object, java.lang.Object, java.lang.Object)'> (0x000000074e4df900) 
thrown [t:\workspace\open\src\hotspot\share\interpreter\linkResolver.cpp, line 766]
Event: 2.791 Thread 0x00000214db85fac0 Exception <a 'java/lang/ClassNotFoundException'{0x000000074e277650}: java/lang/ObjectCustomizer> (0x000000074e277650) 
thrown [t:\workspace\open\src\hotspot\share\classfile\systemDictionary.cpp, line 256]
Event: 2.793 Thread 0x00000214db85fac0 Exception <a 'java/lang/IncompatibleClassChangeError'{0x000000074e27c3c0}: Found class java.lang.Object, but interface was expected> (0x000000074e27c3c0) 
thrown [t:\workspace\open\src\hotspot\share\interpreter\linkResolver.cpp, line 833]
Event: 2.795 Thread 0x00000214db85fac0 Exception <a 'java/lang/ClassNotFoundException'{0x000000074e2967c0}: org/springframework/context/annotation/ConfigurationClassPostProcessorCustomizer> (0x000000074e2967c0) 
thrown [t:\workspace\open\src\hotspot\share\classfile\systemDictionary.cpp, line 256]
Event: 2.798 Thread 0x00000214db85fac0 Exception <a 'java/lang/ClassNotFoundException'{0x000000074e2bb498}: org/springframework/beans/factory/support/BeanDefinitionRegistryPostProcessorCustomizer> (0x000000074e2bb498) 
thrown [t:\workspace\open\src\hotspot\share\classfile\systemDictionary.cpp, line 256]
Event: 2.798 Thread 0x00000214db85fac0 Exception <a 'java/lang/ClassNotFoundException'{0x000000074e2c0e88}: org/springframework/beans/factory/config/BeanFactoryPostProcessorCustomizer> (0x000000074e2c0e88) 
thrown [t:\workspace\open\src\hotspot\share\classfile\systemDictionary.cpp, line 256]
Event: 2.799 Thread 0x00000214db85fac0 Exception <a 'java/lang/ClassNotFoundException'{0x000000074e2c64e0}: org/springframework/core/PriorityOrderedCustomizer> (0x000000074e2c64e0) 
thrown [t:\workspace\open\src\hotspot\share\classfile\systemDictionary.cpp, line 256]
Event: 2.799 Thread 0x00000214db85fac0 Exception <a 'java/lang/ClassNotFoundException'{0x000000074e2ca710}: org/springframework/core/OrderedCustomizer> (0x000000074e2ca710) 
thrown [t:\workspace\open\src\hotspot\share\classfile\systemDictionary.cpp, line 256]
Event: 2.800 Thread 0x00000214db85fac0 Exception <a 'java/lang/ClassNotFoundException'{0x000000074e2cfc88}: org/springframework/context/ResourceLoaderAwareCustomizer> (0x000000074e2cfc88) 
thrown [t:\workspace\open\src\hotspot\share\classfile\systemDictionary.cpp, line 256]
Event: 2.800 Thread 0x00000214db85fac0 Exception <a 'java/lang/ClassNotFoundException'{0x000000074e2d52f8}: org/springframework/beans/factory/AwareCustomizer> (0x000000074e2d52f8) 
thrown [t:\workspace\open\src\hotspot\share\classfile\systemDictionary.cpp, line 256]
Event: 2.800 Thread 0x00000214db85fac0 Exception <a 'java/lang/ClassNotFoundException'{0x000000074e2d9980}: org/springframework/context/ApplicationStartupAwareCustomizer> (0x000000074e2d9980) 
thrown [t:\workspace\open\src\hotspot\share\classfile\systemDictionary.cpp, line 256]
Event: 2.801 Thread 0x00000214db85fac0 Exception <a 'java/lang/ClassNotFoundException'{0x000000074e2df278}: org/springframework/beans/factory/AwareCustomizer> (0x000000074e2df278) 
thrown [t:\workspace\open\src\hotspot\share\classfile\systemDictionary.cpp, line 256]
Event: 2.801 Thread 0x00000214db85fac0 Exception <a 'java/lang/ClassNotFoundException'{0x000000074e2e39e8}: org/springframework/beans/factory/BeanClassLoaderAwareCustomizer> (0x000000074e2e39e8) 
thrown [t:\workspace\open\src\hotspot\share\classfile\systemDictionary.cpp, line 256]
Event: 2.801 Thread 0x00000214db85fac0 Exception <a 'java/lang/ClassNotFoundException'{0x000000074e2e9040}: org/springframework/beans/factory/AwareCustomizer> (0x000000074e2e9040) 
thrown [t:\workspace\open\src\hotspot\share\classfile\systemDictionary.cpp, line 256]
Event: 2.801 Thread 0x00000214db85fac0 Exception <a 'java/lang/ClassNotFoundException'{0x000000074e2ed4a0}: org/springframework/context/EnvironmentAwareCustomizer> (0x000000074e2ed4a0) 
thrown [t:\workspace\open\src\hotspot\share\classfile\systemDictionary.cpp, line 256]
Event: 2.801 Thread 0x00000214db85fac0 Exception <a 'java/lang/ClassNotFoundException'{0x000000074e2f2a90}: org/springframework/beans/factory/AwareCustomizer> (0x000000074e2f2a90) 
thrown [t:\workspace\open\src\hotspot\share\classfile\systemDictionary.cpp, line 256]
Event: 2.997 Thread 0x00000214db85fac0 Exception <a 'java/lang/IncompatibleClassChangeError'{0x000000074af31c98}: Found class java.lang.Object, but interface was expected> (0x000000074af31c98) 
thrown [t:\workspace\open\src\hotspot\share\interpreter\linkResolver.cpp, line 833]
Event: 3.013 Thread 0x00000214db85fac0 Exception <a 'java/lang/NoSuchMethodError'{0x000000074ac80d80}: 'void java.lang.invoke.DirectMethodHandle$Holder.invokeInterface(java.lang.Object, java.lang.Object, java.lang.Object, java.lang.Object)'> (0x000000074ac80d80) 
thrown [t:\workspace\open\src\hotspot\share\interpreter\linkResolver.cpp, line 766]

VM Operations (20 events):
Event: 1.695 Executing VM operation: G1CollectForAllocation
Event: 1.700 Executing VM operation: G1CollectForAllocation done
Event: 1.835 Executing VM operation: HandshakeAllThreads
Event: 1.835 Executing VM operation: HandshakeAllThreads done
Event: 1.976 Executing VM operation: G1CollectForAllocation
Event: 1.979 Executing VM operation: G1CollectForAllocation done
Event: 1.988 Executing VM operation: HandshakeAllThreads
Event: 1.988 Executing VM operation: HandshakeAllThreads done
Event: 2.168 Executing VM operation: HandshakeAllThreads
Event: 2.168 Executing VM operation: HandshakeAllThreads done
Event: 2.609 Executing VM operation: ICBufferFull
Event: 2.609 Executing VM operation: ICBufferFull done
Event: 2.654 Executing VM operation: HandshakeAllThreads
Event: 2.655 Executing VM operation: HandshakeAllThreads done
Event: 2.657 Executing VM operation: G1CollectForAllocation
Event: 2.660 Executing VM operation: G1CollectForAllocation done
Event: 2.779 Executing VM operation: HandshakeAllThreads
Event: 2.779 Executing VM operation: HandshakeAllThreads done
Event: 2.809 Executing VM operation: HandshakeAllThreads
Event: 2.809 Executing VM operation: HandshakeAllThreads done

Events (20 events):
Event: 2.794 loading class java/beans/IndexedPropertyDescriptor
Event: 2.794 loading class java/beans/IndexedPropertyDescriptor done
Event: 2.794 loading class java/beans/GenericBeanInfo
Event: 2.794 loading class java/beans/SimpleBeanInfo
Event: 2.795 loading class java/beans/SimpleBeanInfo done
Event: 2.795 loading class java/beans/GenericBeanInfo done
Event: 2.796 loading class java/util/Hashtable$EntrySet
Event: 2.796 loading class java/util/Hashtable$EntrySet done
Event: 2.797 loading class java/util/AbstractList$ListItr
Event: 2.798 loading class java/util/AbstractList$ListItr done
Event: 2.817 loading class java/util/regex/Pattern$LazyLoop
Event: 2.817 loading class java/util/regex/Pattern$LazyLoop done
Event: 2.890 loading class java/lang/TypeNotPresentException
Event: 2.890 loading class java/lang/TypeNotPresentException done
Event: 2.956 Thread 0x00000214f1937200 Thread added: 0x00000214f1937200
Event: 2.961 loading class javax/naming/ldap/LdapContext
Event: 2.961 loading class javax/naming/directory/DirContext
Event: 2.961 loading class javax/naming/directory/DirContext done
Event: 2.961 loading class javax/naming/ldap/LdapContext done
Event: 2.969 Thread 0x00000214f1937200 Thread exited: 0x00000214f1937200


Dynamic libraries:
0x00007ff7b2350000 - 0x00007ff7b235e000 	C:\Users\User\.jdks\openjdk-17.0.1\bin\java.exe
0x00007ffe1ff50000 - 0x00007ffe20145000 	C:\WINDOWS\SYSTEM32\ntdll.dll
0x00007ffe1f8a0000 - 0x00007ffe1f95e000 	C:\WINDOWS\System32\KERNEL32.DLL
0x00007ffe1dac0000 - 0x00007ffe1dd88000 	C:\WINDOWS\System32\KERNELBASE.dll
0x00007ffe1dea0000 - 0x00007ffe1dfa0000 	C:\WINDOWS\System32\ucrtbase.dll
0x00007ffe16fc0000 - 0x00007ffe16fd8000 	C:\Users\User\.jdks\openjdk-17.0.1\bin\jli.dll
0x00007ffe1ef30000 - 0x00007ffe1f0d0000 	C:\WINDOWS\System32\USER32.dll
0x00007ffe1d930000 - 0x00007ffe1d952000 	C:\WINDOWS\System32\win32u.dll
0x00007ffe1fc70000 - 0x00007ffe1fc9b000 	C:\WINDOWS\System32\GDI32.dll
0x00007ffe1dd90000 - 0x00007ffe1de9d000 	C:\WINDOWS\System32\gdi32full.dll
0x00007ffe1d660000 - 0x00007ffe1d6fd000 	C:\WINDOWS\System32\msvcp_win.dll
0x00007ffe16250000 - 0x00007ffe1626a000 	C:\Users\User\.jdks\openjdk-17.0.1\bin\VCRUNTIME140.dll
0x00007ffe09ab0000 - 0x00007ffe09d4a000 	C:\WINDOWS\WinSxS\amd64_microsoft.windows.common-controls_6595b64144ccf1df_6.0.19041.1110_none_60b5254171f9507e\COMCTL32.dll
0x00007ffe1f800000 - 0x00007ffe1f89e000 	C:\WINDOWS\System32\msvcrt.dll
0x00007ffe1f760000 - 0x00007ffe1f790000 	C:\WINDOWS\System32\IMM32.DLL
0x00007ffe16370000 - 0x00007ffe1637c000 	C:\Users\User\.jdks\openjdk-17.0.1\bin\vcruntime140_1.dll
0x00007ffe105f0000 - 0x00007ffe1067d000 	C:\Users\User\.jdks\openjdk-17.0.1\bin\msvcp140.dll
0x00007ffdf11f0000 - 0x00007ffdf1dae000 	C:\Users\User\.jdks\openjdk-17.0.1\bin\server\jvm.dll
0x00007ffe1e070000 - 0x00007ffe1e11e000 	C:\WINDOWS\System32\ADVAPI32.dll
0x00007ffe1fde0000 - 0x00007ffe1fe7c000 	C:\WINDOWS\System32\sechost.dll
0x00007ffe1fb40000 - 0x00007ffe1fc65000 	C:\WINDOWS\System32\RPCRT4.dll
0x00007ffe1f600000 - 0x00007ffe1f608000 	C:\WINDOWS\System32\PSAPI.DLL
0x00007ffe03dd0000 - 0x00007ffe03dd9000 	C:\WINDOWS\SYSTEM32\WSOCK32.dll
0x00007ffe1f790000 - 0x00007ffe1f7fb000 	C:\WINDOWS\System32\WS2_32.dll
0x00007ffe09f10000 - 0x00007ffe09f37000 	C:\WINDOWS\SYSTEM32\WINMM.dll
0x00007ffe16530000 - 0x00007ffe1653a000 	C:\WINDOWS\SYSTEM32\VERSION.dll
0x00007ffe1bf10000 - 0x00007ffe1bf22000 	C:\WINDOWS\SYSTEM32\kernel.appcore.dll
0x00007ffe16240000 - 0x00007ffe1624a000 	C:\Users\User\.jdks\openjdk-17.0.1\bin\jimage.dll
0x00007ffe07a60000 - 0x00007ffe07c44000 	C:\WINDOWS\SYSTEM32\DBGHELP.DLL
0x00007ffe06d70000 - 0x00007ffe06d9c000 	C:\WINDOWS\SYSTEM32\dbgcore.DLL
0x00007ffe1d8a0000 - 0x00007ffe1d922000 	C:\WINDOWS\System32\bcryptPrimitives.dll
0x00007ffe15db0000 - 0x00007ffe15dbe000 	C:\Users\User\.jdks\openjdk-17.0.1\bin\instrument.dll
0x00007ffe15de0000 - 0x00007ffe15e05000 	C:\Users\User\.jdks\openjdk-17.0.1\bin\java.dll
0x00007ffe0b5d0000 - 0x00007ffe0b6a6000 	C:\Users\User\.jdks\openjdk-17.0.1\bin\svml.dll
0x00007ffe1e7e0000 - 0x00007ffe1ef24000 	C:\WINDOWS\System32\SHELL32.dll
0x00007ffe1b730000 - 0x00007ffe1bec4000 	C:\WINDOWS\SYSTEM32\windows.storage.dll
0x00007ffe1f0d0000 - 0x00007ffe1f425000 	C:\WINDOWS\System32\combase.dll
0x00007ffe1d0b0000 - 0x00007ffe1d0de000 	C:\WINDOWS\SYSTEM32\Wldp.dll
0x00007ffe1e180000 - 0x00007ffe1e22d000 	C:\WINDOWS\System32\SHCORE.dll
0x00007ffe1e120000 - 0x00007ffe1e175000 	C:\WINDOWS\System32\shlwapi.dll
0x00007ffe1d5a0000 - 0x00007ffe1d5bf000 	C:\WINDOWS\SYSTEM32\profapi.dll
0x00007ffe13dd0000 - 0x00007ffe13de8000 	C:\Users\User\.jdks\openjdk-17.0.1\bin\zip.dll
0x00007ffe161c0000 - 0x00007ffe161d9000 	C:\Users\User\.jdks\openjdk-17.0.1\bin\net.dll
0x00007ffe154c0000 - 0x00007ffe155cc000 	C:\WINDOWS\SYSTEM32\WINHTTP.dll
0x00007ffe1ce10000 - 0x00007ffe1ce7a000 	C:\WINDOWS\system32\mswsock.dll
0x00007ffe15dc0000 - 0x00007ffe15dd5000 	C:\Users\User\.jdks\openjdk-17.0.1\bin\nio.dll
0x00007ffe105d0000 - 0x00007ffe105ea000 	C:\Program Files\JetBrains\IntelliJ IDEA 2021.2.2\bin\breakgen64.dll
0x00007ffe1caf0000 - 0x00007ffe1cbbb000 	C:\WINDOWS\SYSTEM32\DNSAPI.dll
0x00007ffe1cab0000 - 0x00007ffe1caeb000 	C:\WINDOWS\SYSTEM32\IPHLPAPI.DLL
0x00007ffe1e000000 - 0x00007ffe1e008000 	C:\WINDOWS\System32\NSI.dll
0x00007ffe0c430000 - 0x00007ffe0c43a000 	C:\Windows\System32\rasadhlp.dll
0x00007ffe0d350000 - 0x00007ffe0d3cf000 	C:\WINDOWS\System32\fwpuclnt.dll
0x00007ffe1d7b0000 - 0x00007ffe1d7d7000 	C:\WINDOWS\System32\bcrypt.dll
0x00007ffe156e0000 - 0x00007ffe156e9000 	C:\Users\User\.jdks\openjdk-17.0.1\bin\management.dll
0x00007ffe15250000 - 0x00007ffe1525b000 	C:\Users\User\.jdks\openjdk-17.0.1\bin\management_ext.dll
0x00007ffe1d000000 - 0x00007ffe1d018000 	C:\WINDOWS\SYSTEM32\CRYPTSP.dll
0x00007ffe1c720000 - 0x00007ffe1c754000 	C:\WINDOWS\system32\rsaenh.dll
0x00007ffe1d560000 - 0x00007ffe1d58e000 	C:\WINDOWS\SYSTEM32\USERENV.dll
0x00007ffe1d020000 - 0x00007ffe1d02c000 	C:\WINDOWS\SYSTEM32\CRYPTBASE.dll
0x00007ffe102b0000 - 0x00007ffe102c7000 	C:\WINDOWS\SYSTEM32\dhcpcsvc6.DLL
0x00007ffe119d0000 - 0x00007ffe119ed000 	C:\WINDOWS\SYSTEM32\dhcpcsvc.DLL
0x00007ffe029b0000 - 0x00007ffe029c7000 	C:\WINDOWS\system32\napinsp.dll
0x00007ffe02980000 - 0x00007ffe0299b000 	C:\WINDOWS\system32\pnrpnsp.dll
0x00007ffe02960000 - 0x00007ffe02975000 	C:\WINDOWS\system32\wshbth.dll
0x00007ffe18d00000 - 0x00007ffe18d1d000 	C:\WINDOWS\system32\NLAapi.dll
0x00007ffe02940000 - 0x00007ffe02952000 	C:\WINDOWS\System32\winrnr.dll

dbghelp: loaded successfully - version: 4.0.5 - missing functions: none
symbol engine: initialized successfully - sym options: 0x614 - pdb path: .;C:\Users\User\.jdks\openjdk-17.0.1\bin;C:\WINDOWS\SYSTEM32;C:\WINDOWS\WinSxS\amd64_microsoft.windows.common-controls_6595b64144ccf1df_6.0.19041.1110_none_60b5254171f9507e;C:\Users\User\.jdks\openjdk-17.0.1\bin\server;C:\Program Files\JetBrains\IntelliJ IDEA 2021.2.2\bin

VM Arguments:
jvm_args: -XX:TieredStopAtLevel=1 -Xverify:none -Dspring.output.ansi.enabled=always -javaagent:C:\Program Files\JetBrains\IntelliJ IDEA 2021.2.2\lib\idea_rt.jar=4989:C:\Program Files\JetBrains\IntelliJ IDEA 2021.2.2\bin -Dcom.sun.management.jmxremote -Dspring.jmx.enabled=true -Dspring.liveBeansView.mbeanDomain -Dspring.application.admin.enabled=true -Dfile.encoding=UTF-8 
java_command: uz.master.demotest.DemoTestApplication
java_class_path (initial): C:\Users\User\Desktop\AtomsProject\target\classes;C:\Users\User\.m2\repository\org\hibernate\validator\hibernate-validator\7.0.2.Final\hibernate-validator-7.0.2.Final.jar;C:\Users\User\.m2\repository\jakarta\validation\jakarta.validation-api\2.0.2\jakarta.validation-api-2.0.2.jar;C:\Users\User\.m2\repository\org\jboss\logging\jboss-logging\3.4.3.Final\jboss-logging-3.4.3.Final.jar;C:\Users\User\.m2\repository\com\fasterxml\classmate\1.5.1\classmate-1.5.1.jar;C:\Users\User\.m2\repository\org\springframework\boot\spring-boot-starter-security\2.6.3\spring-boot-starter-security-2.6.3.jar;C:\Users\User\.m2\repository\org\springframework\boot\spring-boot-starter\2.6.3\spring-boot-starter-2.6.3.jar;C:\Users\User\.m2\repository\org\springframework\boot\spring-boot\2.6.3\spring-boot-2.6.3.jar;C:\Users\User\.m2\repository\org\springframework\boot\spring-boot-autoconfigure\2.6.3\spring-boot-autoconfigure-2.6.3.jar;C:\Users\User\.m2\repository\org\springframework\boot\spring-boot-starter-logging\2.6.3\spring-boot-starter-logging-2.6.3.jar;C:\Users\User\.m2\repository\ch\qos\logback\logback-classic\1.2.10\logback-classic-1.2.10.jar;C:\Users\User\.m2\repository\ch\qos\logback\logback-core\1.2.10\logback-core-1.2.10.jar;C:\Users\User\.m2\repository\org\apache\logging\log4j\log4j-to-slf4j\2.17.1\log4j-to-slf4j-2.17.1.jar;C:\Users\User\.m2\repository\org\apache\logging\log4j\log4j-api\2.17.1\log4j-api-2.17.1.jar;C:\Users\User\.m2\repository\org\slf4j\jul-to-slf4j\1.7.33\jul-to-slf4j-1.7.33.jar;C:\Users\User\.m2\repository\jakarta\annotation\jakarta.annotation-api\1.3.5\jakarta.annotation-api-1.3.5.jar;C:\Users\User\.m2\repository\org\yaml\snakeyaml\1.29\snakeyaml-1.29.jar;C:\Users\User\.m2\repository\org\springframework\spring-aop\5.3.15\spring-aop-5.3.15.jar;C:\Users\User\.m2\repository\org\springframework\spring-beans\5.3.15\spring-beans-5.3.15.jar;C:\Users\User\.m2\repository\org\springframework\security\spring-security-config\5.6.1\spring-security-co
Launcher Type: SUN_STANDARD

[Global flags]
     intx CICompilerCount                          = 3                                         {product} {ergonomic}
     uint ConcGCThreads                            = 1                                         {product} {ergonomic}
     uint G1ConcRefinementThreads                  = 4                                         {product} {ergonomic}
   size_t G1HeapRegionSize                         = 2097152                                   {product} {ergonomic}
    uintx GCDrainStackTargetSize                   = 64                                        {product} {ergonomic}
   size_t InitialHeapSize                          = 199229440                                 {product} {ergonomic}
     bool ManagementServer                         = true                                      {product} {command line}
   size_t MarkStackSize                            = 4194304                                   {product} {ergonomic}
   size_t MaxHeapSize                              = 3164602368                                {product} {ergonomic}
   size_t MaxNewSize                               = 1897922560                                {product} {ergonomic}
   size_t MinHeapDeltaBytes                        = 2097152                                   {product} {ergonomic}
   size_t MinHeapSize                              = 8388608                                   {product} {ergonomic}
    uintx NonProfiledCodeHeapSize                  = 0                                      {pd product} {ergonomic}
     bool ProfileInterpreter                       = false                                  {pd product} {command line}
    uintx ProfiledCodeHeapSize                     = 0                                      {pd product} {ergonomic}
   size_t SoftMaxHeapSize                          = 3164602368                             {manageable} {ergonomic}
     intx TieredStopAtLevel                        = 1                                         {product} {command line}
     bool UseCompressedClassPointers               = true                           {product lp64_product} {ergonomic}
     bool UseCompressedOops                        = true                           {product lp64_product} {ergonomic}
     bool UseG1GC                                  = true                                      {product} {ergonomic}
     bool UseLargePagesIndividualAllocation        = false                                  {pd product} {ergonomic}

Logging:
Log output configuration:
 #0: stdout all=warning uptime,level,tags
 #1: stderr all=off uptime,level,tags

Environment Variables:
JAVA_HOME=C:\Program Files\Java\jdk-16.0.1
CLASSPATH=.;
PATH=C:\Program Files\Common Files\Oracle\Java\javapath;C:\Windows\system32;C:\Windows;C:\Windows\System32\Wbem;C:\Windows\System32\WindowsPowerShell\v1.0\;C:\Windows\System32\OpenSSH\;C:\Program Files (x86)\NVIDIA Corporation\PhysX\Common;C:\Program Files\NVIDIA Corporation\NVIDIA NvDLISR;C:\Program Files\Microsoft\Web Platform Installer\;C:\Program Files (x86)\Microsoft ASP.NET\ASP.NET Web Pages\v1.0\;C:\Program Files\Microsoft SQL Server\110\Tools\Binn\;C:\WINDOWS\system32;C:\WINDOWS;C:\WINDOWS\System32\Wbem;C:\WINDOWS\System32\WindowsPowerShell\v1.0\;C:\WINDOWS\System32\OpenSSH\;C:\Program Files (x86)\Windows Kits\8.0\Windows Performance Toolkit\;C:\Program Files (x86)\Microsoft SQL Server\100\Tools\Binn\;C:\Program Files\Microsoft SQL Server\100\Tools\Binn\;C:\Program Files\Microsoft SQL Server\100\DTS\Binn\;C:\Program Files\Java\jdk-16.0.1\bin;%MAVEN_HOME%\bin;C:\Program Files\Git\cmd;C:\Program Files\MongoDB\Server\4.4\bin;C:\Users\User\AppData\Local\Programs\Python\Python310\Scripts\;C:\Users\User\AppData\Local\Programs\Python\Python310\;c:\Program Files\Java\jdk-16.0.1\bin;C:\Program Files\JetBrains\IntelliJ IDEA 2021.2.2\bin;;C:\Program Files\JetBrains\PyCharm 2021.3.2\bin;;C:\Users\User\AppData\Local\Programs\Microsoft VS Code\bin
USERNAME=User
OS=Windows_NT
PROCESSOR_IDENTIFIER=Intel64 Family 6 Model 126 Stepping 5, GenuineIntel



---------------  S Y S T E M  ---------------

OS:
 Windows 10 , 64 bit Build 19041 (10.0.19041.1503)
OS uptime: 2 days 6:36 hours

CPU: total 4 (initial active 4) (2 cores per cpu, 2 threads per core) family 6 model 126 stepping 5 microcode 0x86, cx8, cmov, fxsr, ht, mmx, 3dnowpref, sse, sse2, sse3, ssse3, sse4.1, sse4.2, popcnt, lzcnt, tsc, tscinvbit, avx, avx2, aes, erms, clmul, bmi1, bmi2, adx, avx512f, avx512dq, avx512cd, avx512bw, avx512vl, sha, fma, vzeroupper, avx512_vpopcntdq, avx512_vpclmulqdq, avx512_vaes, avx512_vnni, clflush, clflushopt, avx512_vbmi2, avx512_vbmi

Memory: 4k page, system-wide physical 12065M (2299M free)
TotalPageFile size 12065M (AvailPageFile size 4M)
current process WorkingSet (physical memory assigned to process): 142M, peak: 142M
current process commit charge ("private bytes"): 293M, peak: 293M

vm_info: OpenJDK 64-Bit Server VM (17.0.1+12-39) for windows-amd64 JRE (17.0.1+12-39), built on Sep 27 2021 18:39:29 by "mach5one" with MS VC++ 16.8 (VS2019)

END.
